#
# There is insufficient memory for the Java Runtime Environment to continue.
# Native memory allocation (mmap) failed to map 67108864 bytes for G1 virtual space
# Possible reasons:
#   The system is out of physical RAM or swap space
#   The process is running with CompressedOops enabled, and the Java Heap may be blocking the growth of the native heap
# Possible solutions:
#   Reduce memory load on the system
#   Increase physical memory or swap space
#   Check if swap backing store is full
#   Decrease Java heap size (-Xmx/-Xms)
#   Decrease number of Java threads
#   Decrease Java thread stack sizes (-Xss)
#   Set larger code cache with -XX:ReservedCodeCacheSize=
#   JVM is running with Unscaled Compressed Oops mode in which the Java heap is
#     placed in the first 4GB address space. The Java Heap base address is the
#     maximum limit for the native heap growth. Please use -XX:HeapBaseMinAddress
#     to set the Java Heap base and to place the Java Heap above 4GB virtual address.
# This output file may be truncated or incomplete.
#
#  Out of Memory Error (os_windows.cpp:3613), pid=9804, tid=12888
#
# JRE version:  (17.0.10+7) (build )
# Java VM: OpenJDK 64-Bit Server VM (17.0.10+7-LTS, mixed mode, sharing, tiered, compressed oops, compressed class ptrs, g1 gc, windows-amd64)
# No core dump will be written. Minidumps are not enabled by default on client versions of Windows
#

---------------  S U M M A R Y ------------

Command Line: -Xmx64m -Xms64m -Dorg.gradle.appname=gradlew org.gradle.wrapper.GradleWrapperMain app:installDebug -PreactNativeDevServerPort=8081

Host: Intel(R) Core(TM) i5-2430M CPU @ 2.40GHz, 4 cores, 7G,  Windows 10 , 64 bit Build 19041 (10.0.19041.3636)
Time: Thu May 23 18:40:11 2024 India Standard Time elapsed time: 0.042931 seconds (0d 0h 0m 0s)

---------------  T H R E A D  ---------------

Current thread (0x000002632c1e7950):  JavaThread "Unknown thread" [_thread_in_vm, id=12888, stack(0x0000007716e00000,0x0000007716f00000)]

Stack: [0x0000007716e00000,0x0000007716f00000]
Native frames: (J=compiled Java code, j=interpreted, Vv=VM code, C=native code)
V  [jvm.dll+0x67f829]
V  [jvm.dll+0x83750a]
V  [jvm.dll+0x838fce]
V  [jvm.dll+0x839633]
V  [jvm.dll+0x247cbf]
V  [jvm.dll+0x67c669]
V  [jvm.dll+0x6710da]
V  [jvm.dll+0x309b8b]
V  [jvm.dll+0x311036]
V  [jvm.dll+0x360d5e]
V  [jvm.dll+0x360f8f]
V  [jvm.dll+0x2e0798]
V  [jvm.dll+0x2e1704]
V  [jvm.dll+0x808d91]
V  [jvm.dll+0x36ec11]
V  [jvm.dll+0x7e7826]
V  [jvm.dll+0x3f245f]
V  [jvm.dll+0x3f4091]
C  [jli.dll+0x528f]
C  [ucrtbase.dll+0x21bb2]
C  [KERNEL32.DLL+0x17344]
C  [ntdll.dll+0x526b1]


---------------  P R O C E S S  ---------------

Threads class SMR info:
_java_thread_list=0x00007ff936731ed8, length=0, elements={
}

Java Threads: ( => current thread )

Other Threads:
  0x000002632c202fd0 GCTaskThread "GC Thread#0" [stack: 0x0000007716f00000,0x0000007717000000] [id=9388]
  0x000002632c206730 ConcurrentGCThread "G1 Main Marker" [stack: 0x0000007717000000,0x0000007717100000] [id=11688]
  0x000002632c2078f0 ConcurrentGCThread "G1 Conc#0" [stack: 0x0000007717100000,0x0000007717200000] [id=4480]

[error occurred during error reporting (printing all threads), id 0xc0000005, EXCEPTION_ACCESS_VIOLATION (0xc0000005) at pc=0x00007ff935ef11d7]

VM state: not at safepoint (not fully initialized)

VM Mutex/Monitor currently owned by a thread:  ([mutex/lock_event])
[0x000002632c1e4a30] Heap_lock - owner thread: 0x000002632c1e7950

Heap address: 0x00000000fc000000, size: 64 MB, Compressed Oops mode: 32-bit

CDS archive(s) mapped at: [0x0000000000000000-0x0000000000000000-0x0000000000000000), size 0, SharedBaseAddress: 0x0000000800000000, ArchiveRelocationMode: 1.
Narrow klass base: 0x0000000000000000, Narrow klass shift: 0, Narrow klass range: 0x0

GC Precious Log:
<Empty>

Heap:
 garbage-first heap   total 0K, used 0K [0x00000000fc000000, 0x0000000100000000)
  region size 1024K, 0 young (0K), 0 survivors (0K)

[error occurred during error reporting (printing heap information), id 0xc0000005, EXCEPTION_ACCESS_VIOLATION (0xc0000005) at pc=0x00007ff9362d9869]

GC Heap History (0 events):
No events

Dll operation events (1 events):
Event: 0.021 Loaded shared library C:\Program Files\Microsoft\jdk-17.0.10.7-hotspot\bin\java.dll

Deoptimization events (0 events):
No events

Classes unloaded (0 events):
No events

Classes redefined (0 events):
No events

Internal exceptions (0 events):
No events

VM Operations (0 events):
No events

Events (0 events):
No events


Dynamic libraries:
0x00007ff691970000 - 0x00007ff69197e000 	C:\Program Files\Microsoft\jdk-17.0.10.7-hotspot\bin\java.exe
0x00007ff98ff50000 - 0x00007ff990148000 	C:\WINDOWS\SYSTEM32\ntdll.dll
0x00007ff98e1b0000 - 0x00007ff98e26d000 	C:\WINDOWS\System32\KERNEL32.DLL
0x00007ff98d700000 - 0x00007ff98d9f6000 	C:\WINDOWS\System32\KERNELBASE.dll
0x00007ff98d600000 - 0x00007ff98d700000 	C:\WINDOWS\System32\ucrtbase.dll
0x00007ff9678f0000 - 0x00007ff96790b000 	C:\Program Files\Microsoft\jdk-17.0.10.7-hotspot\bin\VCRUNTIME140.dll
0x00007ff974680000 - 0x00007ff974697000 	C:\Program Files\Microsoft\jdk-17.0.10.7-hotspot\bin\jli.dll
0x00007ff98e820000 - 0x00007ff98e9bf000 	C:\WINDOWS\System32\USER32.dll
0x00007ff98df50000 - 0x00007ff98df72000 	C:\WINDOWS\System32\win32u.dll
0x00007ff982550000 - 0x00007ff9827ea000 	C:\WINDOWS\WinSxS\amd64_microsoft.windows.common-controls_6595b64144ccf1df_6.0.19041.4355_none_60b8b9eb71f62e16\COMCTL32.dll
0x00007ff98e390000 - 0x00007ff98e3bb000 	C:\WINDOWS\System32\GDI32.dll
0x00007ff98fdc0000 - 0x00007ff98fe5e000 	C:\WINDOWS\System32\msvcrt.dll
0x00007ff98dca0000 - 0x00007ff98ddb7000 	C:\WINDOWS\System32\gdi32full.dll
0x00007ff98ddc0000 - 0x00007ff98de5d000 	C:\WINDOWS\System32\msvcp_win.dll
0x00007ff98edd0000 - 0x00007ff98ee02000 	C:\WINDOWS\System32\IMM32.DLL
0x00007ff97f6d0000 - 0x00007ff97f6dc000 	C:\Program Files\Microsoft\jdk-17.0.10.7-hotspot\bin\vcruntime140_1.dll
0x00007ff936870000 - 0x00007ff9368fd000 	C:\Program Files\Microsoft\jdk-17.0.10.7-hotspot\bin\msvcp140.dll
0x00007ff935c00000 - 0x00007ff936865000 	C:\Program Files\Microsoft\jdk-17.0.10.7-hotspot\bin\server\jvm.dll
0x00007ff98ed20000 - 0x00007ff98edd0000 	C:\WINDOWS\System32\ADVAPI32.dll
0x00007ff98e030000 - 0x00007ff98e0d0000 	C:\WINDOWS\System32\sechost.dll
0x00007ff98e5d0000 - 0x00007ff98e6f3000 	C:\WINDOWS\System32\RPCRT4.dll
0x00007ff98ded0000 - 0x00007ff98def7000 	C:\WINDOWS\System32\bcrypt.dll
0x00007ff98cb80000 - 0x00007ff98cbcb000 	C:\WINDOWS\SYSTEM32\POWRPROF.dll
0x00007ff97d450000 - 0x00007ff97d459000 	C:\WINDOWS\SYSTEM32\WSOCK32.dll
0x00007ff98e700000 - 0x00007ff98e76b000 	C:\WINDOWS\System32\WS2_32.dll
0x00007ff985bf0000 - 0x00007ff985c17000 	C:\WINDOWS\SYSTEM32\WINMM.dll
0x00007ff98ae60000 - 0x00007ff98ae6a000 	C:\WINDOWS\SYSTEM32\VERSION.dll
0x00007ff98c9f0000 - 0x00007ff98ca02000 	C:\WINDOWS\SYSTEM32\UMPDC.dll
0x00007ff98b3a0000 - 0x00007ff98b3b2000 	C:\WINDOWS\SYSTEM32\kernel.appcore.dll
0x00007ff97f4e0000 - 0x00007ff97f4ea000 	C:\Program Files\Microsoft\jdk-17.0.10.7-hotspot\bin\jimage.dll
0x00007ff97bcf0000 - 0x00007ff97bed4000 	C:\WINDOWS\SYSTEM32\DBGHELP.DLL
0x00007ff97baf0000 - 0x00007ff97bb24000 	C:\WINDOWS\SYSTEM32\dbgcore.DLL
0x00007ff98dc10000 - 0x00007ff98dc92000 	C:\WINDOWS\System32\bcryptPrimitives.dll
0x00007ff97e4d0000 - 0x00007ff97e4f5000 	C:\Program Files\Microsoft\jdk-17.0.10.7-hotspot\bin\java.dll

dbghelp: loaded successfully - version: 4.0.5 - missing functions: none
symbol engine: initialized successfully - sym options: 0x614 - pdb path: .;C:\Program Files\Microsoft\jdk-17.0.10.7-hotspot\bin;C:\WINDOWS\SYSTEM32;C:\WINDOWS\WinSxS\amd64_microsoft.windows.common-controls_6595b64144ccf1df_6.0.19041.4355_none_60b8b9eb71f62e16;C:\Program Files\Microsoft\jdk-17.0.10.7-hotspot\bin\server

VM Arguments:
jvm_args: -Xmx64m -Xms64m -Dorg.gradle.appname=gradlew 
java_command: org.gradle.wrapper.GradleWrapperMain app:installDebug -PreactNativeDevServerPort=8081
java_class_path (initial): E:\Project\Bharat Taxi\BharatTaxi\android\\gradle\wrapper\gradle-wrapper.jar
Launcher Type: SUN_STANDARD

[Global flags]
     intx CICompilerCount                          = 3                                         {product} {ergonomic}
     uint ConcGCThreads                            = 1                                         {product} {ergonomic}
     uint G1ConcRefinementThreads                  = 4                                         {product} {ergonomic}
   size_t G1HeapRegionSize                         = 1048576                                   {product} {ergonomic}
    uintx GCDrainStackTargetSize                   = 64                                        {product} {ergonomic}
   size_t InitialHeapSize                          = 67108864                                  {product} {command line}
   size_t MarkStackSize                            = 4194304                                   {product} {ergonomic}
   size_t MaxHeapSize                              = 67108864                                  {product} {command line}
   size_t MinHeapDeltaBytes                        = 1048576                                   {product} {ergonomic}
   size_t MinHeapSize                              = 67108864                                  {product} {command line}
    uintx NonNMethodCodeHeapSize                   = 5832780                                {pd product} {ergonomic}
    uintx NonProfiledCodeHeapSize                  = 122912730                              {pd product} {ergonomic}
    uintx ProfiledCodeHeapSize                     = 122912730                              {pd product} {ergonomic}
    uintx ReservedCodeCacheSize                    = 251658240                              {pd product} {ergonomic}
     bool SegmentedCodeCache                       = true                                      {product} {ergonomic}
   size_t SoftMaxHeapSize                          = 67108864                               {manageable} {ergonomic}
     bool UseCompressedClassPointers               = true                           {product lp64_product} {ergonomic}
     bool UseCompressedOops                        = true                           {product lp64_product} {ergonomic}
     bool UseG1GC                                  = true                                      {product} {ergonomic}
     bool UseLargePagesIndividualAllocation        = false                                  {pd product} {ergonomic}

Logging:
Log output configuration:
 #0: stdout all=warning uptime,level,tags
 #1: stderr all=off uptime,level,tags

Environment Variables:
JAVA_HOME=C:\Program Files\Microsoft\jdk-17.0.10.7-hotspot\
CLASSPATH=E:\Project\Bharat Taxi\BharatTaxi\android\\gradle\wrapper\gradle-wrapper.jar
PATH=E:\Project\Bharat Taxi\BharatTaxi\node_modules\.bin;E:\Project\Bharat Taxi\BharatTaxi\node_modules\.bin;E:\Project\Bharat Taxi\node_modules\.bin;E:\Project\node_modules\.bin;E:\node_modules\.bin;C:\Program Files\nodejs\node_modules\npm\node_modules\@npmcli\run-script\lib\node-gyp-bin;C:\Program Files\Microsoft\jdk-17.0.10.7-hotspot\bin;C:\Program Files (x86)\Common Files\Oracle\Java\javapath;E:\oracle\product\10.2.0\db_1\bin;C:\WINDOWS\system32;C:\WINDOWS;C:\WINDOWS\System32\Wbem;C:\WINDOWS\System32\WindowsPowerShell\v1.0\;C:\WINDOWS\System32\OpenSSH\;C:\Program Files\Java\jdk-1.8\bin;C:\ProgramData\chocolatey\bin;C:\Program Files\nodejs\;C:\Program Files\Git\cmd;C:\Program Files\dotnet\;C:\Users\dell\AppData\Local\Android\Sdk\tools;C:\Program Files\MySQL\MySQL Shell 8.0\bin\;C:\Users\dell\AppData\Local\Programs\Python\Python310\Scripts\;C:\Users\dell\AppData\Local\Programs\Python\Python310\;C:\Users\dell\AppData\Local\Microsoft\WindowsApps;C:\Users\dell\AppData\Local\Programs\Microsoft VS Code\bin;C:\Users\dell\AppData\Roaming\npm;C:\Users\dell\AppData\Local\Android\Sdk\platform-tools;C:\Program Files\Git\bin;
USERNAME=dell
LANG=en_US.UTF-8
OS=Windows_NT
PROCESSOR_IDENTIFIER=Intel64 Family 6 Model 42 Stepping 7, GenuineIntel
TMP=C:\Users\dell\AppData\Local\Temp
TEMP=C:\Users\dell\AppData\Local\Temp



Periodic native trim disabled


---------------  S Y S T E M  ---------------

OS:
 Windows 10 , 64 bit Build 19041 (10.0.19041.3636)
OS uptime: 0 days 0:47 hours

CPU: total 4 (initial active 4) (2 cores per cpu, 2 threads per core) family 6 model 42 stepping 7 microcode 0x2f, cx8, cmov, fxsr, ht, mmx, sse, sse2, sse3, ssse3, sse4.1, sse4.2, popcnt, tsc, tscinvbit, avx, aes, clmul, vzeroupper, clflush
Processor Information for all 4 processors :
  Max Mhz: 2401, Current Mhz: 2401, Mhz Limit: 2401

Memory: 4k page, system-wide physical 8099M (627M free)
TotalPageFile size 10147M (AvailPageFile size 42M)
current process WorkingSet (physical memory assigned to process): 10M, peak: 10M
current process commit charge ("private bytes"): 51M, peak: 115M

vm_info: OpenJDK 64-Bit Server VM (17.0.10+7-LTS) for windows-amd64 JRE (17.0.10+7-LTS), built on Jan 10 2024 19:47:12 by "MicrosoftCorporation" with MS VC++ 16.10 / 16.11 (VS2019)

END.
