#
# There is insufficient memory for the Java Runtime Environment to continue.
# Native memory allocation (malloc) failed to allocate 727056 bytes for Chunk::new
# Possible reasons:
#   The system is out of physical RAM or swap space
#   The process is running with CompressedOops enabled, and the Java Heap may be blocking the growth of the native heap
# Possible solutions:
#   Reduce memory load on the system
#   Increase physical memory or swap space
#   Check if swap backing store is full
#   Decrease Java heap size (-Xmx/-Xms)
#   Decrease number of Java threads
#   Decrease Java thread stack sizes (-Xss)
#   Set larger code cache with -XX:ReservedCodeCacheSize=
#   JVM is running with Unscaled Compressed Oops mode in which the Java heap is
#     placed in the first 4GB address space. The Java Heap base address is the
#     maximum limit for the native heap growth. Please use -XX:HeapBaseMinAddress
#     to set the Java Heap base and to place the Java Heap above 4GB virtual address.
# This output file may be truncated or incomplete.
#
#  Out of Memory Error (arena.cpp:191), pid=5880, tid=12420
#
# JRE version: OpenJDK Runtime Environment Microsoft-8902769 (17.0.10+7) (build 17.0.10+7-LTS)
# Java VM: OpenJDK 64-Bit Server VM Microsoft-8902769 (17.0.10+7-LTS, mixed mode, sharing, tiered, compressed oops, compressed class ptrs, g1 gc, windows-amd64)
# No core dump will be written. Minidumps are not enabled by default on client versions of Windows
#

---------------  S U M M A R Y ------------

Command Line: -XX:MaxMetaspaceSize=512m --add-opens=java.base/java.util=ALL-UNNAMED --add-opens=java.base/java.lang=ALL-UNNAMED --add-opens=java.base/java.lang.invoke=ALL-UNNAMED --add-opens=java.prefs/java.util.prefs=ALL-UNNAMED --add-opens=java.base/java.nio.charset=ALL-UNNAMED --add-opens=java.base/java.net=ALL-UNNAMED --add-opens=java.base/java.util.concurrent.atomic=ALL-UNNAMED -Xmx2048m -Dfile.encoding=windows-1252 -Duser.country=IN -Duser.language=en -Duser.variant -javaagent:C:\Users\dell\.gradle\wrapper\dists\gradle-8.6-all\3mbtmo166bl6vumsh5k2lkq5h\gradle-8.6\lib\agents\gradle-instrumentation-agent-8.6.jar org.gradle.launcher.daemon.bootstrap.GradleDaemon 8.6

Host: Intel(R) Core(TM) i5-2430M CPU @ 2.40GHz, 4 cores, 7G,  Windows 10 , 64 bit Build 19041 (10.0.19041.3636)
Time: Thu May 30 16:02:03 2024 India Standard Time elapsed time: 57.127473 seconds (0d 0h 0m 57s)

---------------  T H R E A D  ---------------

Current thread (0x0000023cd513f040):  JavaThread "C2 CompilerThread1" daemon [_thread_in_native, id=12420, stack(0x000000f109000000,0x000000f109100000)]


Current CompileTask:
C2:  57127 12358       4       org.gradle.internal.operations.DefaultBuildOperationRunner::execute (23 bytes)

Stack: [0x000000f109000000,0x000000f109100000]
Native frames: (J=compiled Java code, j=interpreted, Vv=VM code, C=native code)
V  [jvm.dll+0x67f829]
V  [jvm.dll+0x83750a]
V  [jvm.dll+0x838fce]
V  [jvm.dll+0x839633]
V  [jvm.dll+0x247cbf]
V  [jvm.dll+0xac524]
V  [jvm.dll+0xacb6c]
V  [jvm.dll+0x2af70f]
V  [jvm.dll+0x587077]
V  [jvm.dll+0x222d32]
V  [jvm.dll+0x21badf]
V  [jvm.dll+0x219711]
V  [jvm.dll+0x1a5176]
V  [jvm.dll+0x22957e]
V  [jvm.dll+0x22774c]
V  [jvm.dll+0x7ec5d7]
V  [jvm.dll+0x7e69da]
V  [jvm.dll+0x67e715]
C  [ucrtbase.dll+0x21bb2]
C  [KERNEL32.DLL+0x17344]
C  [ntdll.dll+0x526b1]


---------------  P R O C E S S  ---------------

Threads class SMR info:
_java_thread_list=0x0000023cd6151010, length=78, elements={
0x0000023c92ca28d0, 0x0000023cb27b3880, 0x0000023cb27b4610, 0x0000023cb27cc660,
0x0000023cb27cd3f0, 0x0000023cb27d0e40, 0x0000023cb27d1710, 0x0000023cb27d23c0,
0x0000023cb27d37a0, 0x0000023cb2952810, 0x0000023cb279cfb0, 0x0000023cb2aa78d0,
0x0000023cd2a9fc40, 0x0000023cd378a980, 0x0000023cd2ecfe40, 0x0000023cd2d3aaa0,
0x0000023cd334ae30, 0x0000023cd3b863e0, 0x0000023cd3349d10, 0x0000023cd25259a0,
0x0000023cd25263c0, 0x0000023cd2526de0, 0x0000023cd2527800, 0x0000023cd25272f0,
0x0000023cd2524050, 0x0000023cd2524a70, 0x0000023cd38bf330, 0x0000023cd38bd9e0,
0x0000023cd38bb160, 0x0000023cd38c0770, 0x0000023cd38bc090, 0x0000023cd38ba230,
0x0000023cd38bac50, 0x0000023cd38ba740, 0x0000023cd38bb670, 0x0000023cd38bfd50,
0x0000023cd38bd4d0, 0x0000023cd38c0260, 0x0000023cd38be400, 0x0000023cd38c1190,
0x0000023cd38b9d20, 0x0000023cd38bee20, 0x0000023cd2524f80, 0x0000023cd2525490,
0x0000023cd61d75a0, 0x0000023cd61da330, 0x0000023cd61d9910, 0x0000023cd61d6160,
0x0000023cd61d7ab0, 0x0000023cd61d7fc0, 0x0000023cd61d3df0, 0x0000023cd61d6b80,
0x0000023cd61d84d0, 0x0000023cd61d4300, 0x0000023cd61d4d20, 0x0000023cd61d7090,
0x0000023cd61d5230, 0x0000023cd61d89e0, 0x0000023cd61d5740, 0x0000023cd61d8ef0,
0x0000023cd61d33d0, 0x0000023cd61d9400, 0x0000023cd61d5c50, 0x0000023cd61d9e20,
0x0000023cd61da840, 0x0000023cd61dad50, 0x0000023cd61d38e0, 0x0000023cd6d75d20,
0x0000023cd6d743d0, 0x0000023cd6d75300, 0x0000023cd6d739b0, 0x0000023cd513f040,
0x0000023cd6d75810, 0x0000023cd6d748e0, 0x0000023cd6d77b80, 0x0000023cd6d78090,
0x0000023cd6d785a0, 0x0000023cd6d794d0
}

Java Threads: ( => current thread )
  0x0000023c92ca28d0 JavaThread "main" [_thread_blocked, id=3440, stack(0x000000f104000000,0x000000f104100000)]
  0x0000023cb27b3880 JavaThread "Reference Handler" daemon [_thread_blocked, id=6136, stack(0x000000f104700000,0x000000f104800000)]
  0x0000023cb27b4610 JavaThread "Finalizer" daemon [_thread_blocked, id=11776, stack(0x000000f104800000,0x000000f104900000)]
  0x0000023cb27cc660 JavaThread "Signal Dispatcher" daemon [_thread_blocked, id=9964, stack(0x000000f104900000,0x000000f104a00000)]
  0x0000023cb27cd3f0 JavaThread "Attach Listener" daemon [_thread_blocked, id=3904, stack(0x000000f104a00000,0x000000f104b00000)]
  0x0000023cb27d0e40 JavaThread "Service Thread" daemon [_thread_blocked, id=12616, stack(0x000000f104b00000,0x000000f104c00000)]
  0x0000023cb27d1710 JavaThread "Monitor Deflation Thread" daemon [_thread_blocked, id=12904, stack(0x000000f104c00000,0x000000f104d00000)]
  0x0000023cb27d23c0 JavaThread "C2 CompilerThread0" daemon [_thread_blocked, id=8808, stack(0x000000f104d00000,0x000000f104e00000)]
  0x0000023cb27d37a0 JavaThread "C1 CompilerThread0" daemon [_thread_in_vm, id=13132, stack(0x000000f104e00000,0x000000f104f00000)]
  0x0000023cb2952810 JavaThread "Sweeper thread" daemon [_thread_blocked, id=2188, stack(0x000000f104f00000,0x000000f105000000)]
  0x0000023cb279cfb0 JavaThread "Common-Cleaner" daemon [_thread_blocked, id=12480, stack(0x000000f105000000,0x000000f105100000)]
  0x0000023cb2aa78d0 JavaThread "Notification Thread" daemon [_thread_blocked, id=11604, stack(0x000000f105100000,0x000000f105200000)]
  0x0000023cd2a9fc40 JavaThread "Daemon health stats" [_thread_blocked, id=5532, stack(0x000000f105700000,0x000000f105800000)]
  0x0000023cd378a980 JavaThread "Incoming local TCP Connector on port 49211" [_thread_in_native, id=10412, stack(0x000000f105300000,0x000000f105400000)]
  0x0000023cd2ecfe40 JavaThread "Daemon periodic checks" [_thread_blocked, id=4652, stack(0x000000f105800000,0x000000f105900000)]
  0x0000023cd2d3aaa0 JavaThread "Daemon" [_thread_blocked, id=7984, stack(0x000000f105900000,0x000000f105a00000)]
  0x0000023cd334ae30 JavaThread "Handler for socket connection from /127.0.0.1:49211 to /127.0.0.1:49212" [_thread_in_native, id=10004, stack(0x000000f105a00000,0x000000f105b00000)]
  0x0000023cd3b863e0 JavaThread "Cancel handler" [_thread_blocked, id=6760, stack(0x000000f105b00000,0x000000f105c00000)]
  0x0000023cd3349d10 JavaThread "Daemon worker" [_thread_in_Java, id=12444, stack(0x000000f105c00000,0x000000f105d00000)]
  0x0000023cd25259a0 JavaThread "Asynchronous log dispatcher for DefaultDaemonConnection: socket connection from /127.0.0.1:49211 to /127.0.0.1:49212" [_thread_blocked, id=10340, stack(0x000000f105d00000,0x000000f105e00000)]
  0x0000023cd25263c0 JavaThread "Stdin handler" [_thread_blocked, id=8956, stack(0x000000f105e00000,0x000000f105f00000)]
  0x0000023cd2526de0 JavaThread "Daemon client event forwarder" [_thread_blocked, id=3352, stack(0x000000f105f00000,0x000000f106000000)]
  0x0000023cd2527800 JavaThread "Cache worker for journal cache (C:\Users\dell\.gradle\caches\journal-1)" [_thread_blocked, id=1048, stack(0x000000f106000000,0x000000f106100000)]
  0x0000023cd25272f0 JavaThread "File lock request listener" [_thread_in_native, id=9444, stack(0x000000f106100000,0x000000f106200000)]
  0x0000023cd2524050 JavaThread "Cache worker for file hash cache (C:\Users\dell\.gradle\caches\8.6\fileHashes)" [_thread_blocked, id=8608, stack(0x000000f106200000,0x000000f106300000)]
  0x0000023cd2524a70 JavaThread "File watcher server" daemon [_thread_in_native, id=1748, stack(0x000000f106400000,0x000000f106500000)]
  0x0000023cd38bf330 JavaThread "File watcher consumer" daemon [_thread_blocked, id=11404, stack(0x000000f106500000,0x000000f106600000)]
  0x0000023cd38bd9e0 JavaThread "Cache worker for checksums cache (E:\Project\Bharat Taxi\BharatTaxi\android\.gradle\8.6\checksums)" [_thread_blocked, id=4656, stack(0x000000f106600000,0x000000f106700000)]
  0x0000023cd38bb160 JavaThread "Cache worker for file hash cache (E:\Project\Bharat Taxi\BharatTaxi\android\.gradle\8.6\fileHashes)" [_thread_blocked, id=12508, stack(0x000000f106700000,0x000000f106800000)]
  0x0000023cd38c0770 JavaThread "Cache worker for cache directory md-supplier (C:\Users\dell\.gradle\caches\8.6\md-supplier)" [_thread_blocked, id=3180, stack(0x000000f106800000,0x000000f106900000)]
  0x0000023cd38bc090 JavaThread "Cache worker for cache directory md-rule (C:\Users\dell\.gradle\caches\8.6\md-rule)" [_thread_blocked, id=5528, stack(0x000000f106900000,0x000000f106a00000)]
  0x0000023cd38ba230 JavaThread "Cache worker for file content cache (C:\Users\dell\.gradle\caches\8.6\fileContent)" [_thread_blocked, id=4980, stack(0x000000f106a00000,0x000000f106b00000)]
  0x0000023cd38bac50 JavaThread "jar transforms" [_thread_blocked, id=7540, stack(0x000000f106b00000,0x000000f106c00000)]
  0x0000023cd38ba740 JavaThread "jar transforms Thread 2" [_thread_blocked, id=7112, stack(0x000000f106c00000,0x000000f106d00000)]
  0x0000023cd38bb670 JavaThread "jar transforms Thread 3" [_thread_blocked, id=9924, stack(0x000000f106d00000,0x000000f106e00000)]
  0x0000023cd38bfd50 JavaThread "jar transforms Thread 4" [_thread_blocked, id=8728, stack(0x000000f106e00000,0x000000f106f00000)]
  0x0000023cd38bd4d0 JavaThread "Exec process" [_thread_blocked, id=5748, stack(0x000000f106f00000,0x000000f107000000)]
  0x0000023cd38c0260 JavaThread "Exec process Thread 2" [_thread_blocked, id=5884, stack(0x000000f107000000,0x000000f107100000)]
  0x0000023cd38be400 JavaThread "Exec process Thread 3" [_thread_blocked, id=3008, stack(0x000000f107100000,0x000000f107200000)]
  0x0000023cd38c1190 JavaThread "Unconstrained build operations" [_thread_blocked, id=5296, stack(0x000000f107200000,0x000000f107300000)]
  0x0000023cd38b9d20 JavaThread "Unconstrained build operations Thread 2" [_thread_blocked, id=3536, stack(0x000000f107300000,0x000000f107400000)]
  0x0000023cd38bee20 JavaThread "Cache worker for Build Output Cleanup Cache (E:\Project\Bharat Taxi\BharatTaxi\node_modules\@react-native\gradle-plugin\.gradle\buildOutputCleanup)" [_thread_blocked, id=3516, stack(0x000000f107400000,0x000000f107500000)]
  0x0000023cd2524f80 JavaThread "Unconstrained build operations Thread 3" [_thread_blocked, id=8544, stack(0x000000f107500000,0x000000f107600000)]
  0x0000023cd2525490 JavaThread "Unconstrained build operations Thread 4" [_thread_blocked, id=6432, stack(0x000000f107600000,0x000000f107700000)]
  0x0000023cd61d75a0 JavaThread "Unconstrained build operations Thread 5" [_thread_blocked, id=12168, stack(0x000000f107700000,0x000000f107800000)]
  0x0000023cd61da330 JavaThread "build event listener" [_thread_blocked, id=6980, stack(0x000000f107800000,0x000000f107900000)]
  0x0000023cd61d9910 JavaThread "Memory manager" [_thread_blocked, id=4132, stack(0x000000f107900000,0x000000f107a00000)]
  0x0000023cd61d6160 JavaThread "Cache worker for Build Output Cleanup Cache (E:\Project\Bharat Taxi\BharatTaxi\android\.gradle\buildOutputCleanup)" [_thread_blocked, id=9516, stack(0x000000f107a00000,0x000000f107b00000)]
  0x0000023cd61d7ab0 JavaThread "ForkJoinPool.commonPool-worker-1" daemon [_thread_blocked, id=1340, stack(0x000000f107b00000,0x000000f107c00000)]
  0x0000023cd61d7fc0 JavaThread "ForkJoinPool.commonPool-worker-2" daemon [_thread_blocked, id=12108, stack(0x000000f107c00000,0x000000f107d00000)]
  0x0000023cd61d3df0 JavaThread "ForkJoinPool.commonPool-worker-3" daemon [_thread_blocked, id=9060, stack(0x000000f107d00000,0x000000f107e00000)]
  0x0000023cd61d6b80 JavaThread "included builds" [_thread_blocked, id=7100, stack(0x000000f106300000,0x000000f106400000)]
  0x0000023cd61d84d0 JavaThread "Execution worker" [_thread_blocked, id=8308, stack(0x000000f107e00000,0x000000f107f00000)]
  0x0000023cd61d4300 JavaThread "Execution worker Thread 2" [_thread_blocked, id=12036, stack(0x000000f107f00000,0x000000f108000000)]
  0x0000023cd61d4d20 JavaThread "Execution worker Thread 3" [_thread_blocked, id=13000, stack(0x000000f108000000,0x000000f108100000)]
  0x0000023cd61d7090 JavaThread "Cache worker for execution history cache (E:\Project\Bharat Taxi\BharatTaxi\node_modules\@react-native\gradle-plugin\.gradle\8.6\executionHistory)" [_thread_blocked, id=5356, stack(0x000000f108100000,0x000000f108200000)]
  0x0000023cd61d5230 JavaThread "Unconstrained build operations Thread 6" [_thread_blocked, id=13140, stack(0x000000f108200000,0x000000f108300000)]
  0x0000023cd61d89e0 JavaThread "Unconstrained build operations Thread 7" [_thread_blocked, id=12984, stack(0x000000f108300000,0x000000f108400000)]
  0x0000023cd61d5740 JavaThread "Unconstrained build operations Thread 8" [_thread_blocked, id=2896, stack(0x000000f108400000,0x000000f108500000)]
  0x0000023cd61d8ef0 JavaThread "Unconstrained build operations Thread 9" [_thread_blocked, id=10996, stack(0x000000f108500000,0x000000f108600000)]
  0x0000023cd61d33d0 JavaThread "Unconstrained build operations Thread 10" [_thread_blocked, id=816, stack(0x000000f108600000,0x000000f108700000)]
  0x0000023cd61d9400 JavaThread "Unconstrained build operations Thread 11" [_thread_blocked, id=12756, stack(0x000000f108700000,0x000000f108800000)]
  0x0000023cd61d5c50 JavaThread "Unconstrained build operations Thread 12" [_thread_blocked, id=11912, stack(0x000000f108800000,0x000000f108900000)]
  0x0000023cd61d9e20 JavaThread "Unconstrained build operations Thread 13" [_thread_blocked, id=3452, stack(0x000000f108900000,0x000000f108a00000)]
  0x0000023cd61da840 JavaThread "Unconstrained build operations Thread 14" [_thread_blocked, id=13180, stack(0x000000f108a00000,0x000000f108b00000)]
  0x0000023cd61dad50 JavaThread "Unconstrained build operations Thread 15" [_thread_blocked, id=8064, stack(0x000000f108b00000,0x000000f108c00000)]
  0x0000023cd61d38e0 JavaThread "Unconstrained build operations Thread 16" [_thread_blocked, id=5248, stack(0x000000f108c00000,0x000000f108d00000)]
  0x0000023cd6d75d20 JavaThread "build event listener" [_thread_blocked, id=12960, stack(0x000000f108f00000,0x000000f109000000)]
  0x0000023cd6d743d0 JavaThread "Unconstrained build operations Thread 17" [_thread_blocked, id=12484, stack(0x000000f109100000,0x000000f109200000)]
  0x0000023cd6d75300 JavaThread "Unconstrained build operations Thread 18" [_thread_blocked, id=12868, stack(0x000000f109200000,0x000000f109300000)]
  0x0000023cd6d739b0 JavaThread "Unconstrained build operations Thread 19" [_thread_blocked, id=9024, stack(0x000000f109300000,0x000000f109400000)]
=>0x0000023cd513f040 JavaThread "C2 CompilerThread1" daemon [_thread_in_native, id=12420, stack(0x000000f109000000,0x000000f109100000)]
  0x0000023cd6d75810 JavaThread "Unconstrained build operations Thread 20" [_thread_blocked, id=6168, stack(0x000000f109400000,0x000000f109500000)]
  0x0000023cd6d748e0 JavaThread "Unconstrained build operations Thread 21" [_thread_blocked, id=12232, stack(0x000000f109500000,0x000000f109600000)]
  0x0000023cd6d77b80 JavaThread "Unconstrained build operations Thread 22" [_thread_blocked, id=2216, stack(0x000000f109600000,0x000000f109700000)]
  0x0000023cd6d78090 JavaThread "Unconstrained build operations Thread 23" [_thread_new, id=7048, stack(0x000000f109700000,0x000000f109800000)]
  0x0000023cd6d785a0 JavaThread "Unconstrained build operations Thread 24" [_thread_blocked, id=7696, stack(0x000000f109800000,0x000000f109900000)]
  0x0000023cd6d794d0 JavaThread "Unconstrained build operations Thread 25" [_thread_in_vm, id=9640, stack(0x000000f109900000,0x000000f109a00000)]

Other Threads:
  0x0000023cb27acce0 VMThread "VM Thread" [stack: 0x000000f104600000,0x000000f104700000] [id=11696]
  0x0000023cb2a303d0 WatcherThread [stack: 0x000000f105200000,0x000000f105300000] [id=1676]
  0x0000023c92cff7b0 GCTaskThread "GC Thread#0" [stack: 0x000000f104100000,0x000000f104200000] [id=2236]
  0x0000023cb2bb5700 GCTaskThread "GC Thread#1" [stack: 0x000000f105400000,0x000000f105500000] [id=7632]
  0x0000023cb2b8eb60 GCTaskThread "GC Thread#2" [stack: 0x000000f105500000,0x000000f105600000] [id=11084]
  0x0000023cd284a010 GCTaskThread "GC Thread#3" [stack: 0x000000f105600000,0x000000f105700000] [id=5428]
  0x0000023c92d10610 ConcurrentGCThread "G1 Main Marker" [stack: 0x000000f104200000,0x000000f104300000] [id=8304]
  0x0000023c92d10f40 ConcurrentGCThread "G1 Conc#0" [stack: 0x000000f104300000,0x000000f104400000] [id=11336]
  0x0000023c92d5e690 ConcurrentGCThread "G1 Refine#0" [stack: 0x000000f104400000,0x000000f104500000] [id=5688]
  0x0000023cb26680e0 ConcurrentGCThread "G1 Service" [stack: 0x000000f104500000,0x000000f104600000] [id=11848]

Threads with active compile tasks:
C2 CompilerThread1    57183 12358       4       org.gradle.internal.operations.DefaultBuildOperationRunner::execute (23 bytes)

VM state: not at safepoint (normal execution)

VM Mutex/Monitor currently owned by a thread: None

Heap address: 0x0000000080000000, size: 2048 MB, Compressed Oops mode: 32-bit

CDS archive(s) mapped at: [0x0000023cb3000000-0x0000023cb3bb0000-0x0000023cb3bb0000), size 12255232, SharedBaseAddress: 0x0000023cb3000000, ArchiveRelocationMode: 1.
Compressed class space mapped at: 0x0000023cb4000000-0x0000023cce000000, reserved size: 436207616
Narrow klass base: 0x0000023cb3000000, Narrow klass shift: 0, Narrow klass range: 0x100000000

GC Precious Log:
 CPUs: 4 total, 4 available
 Memory: 8099M
 Large Page Support: Disabled
 NUMA Support: Disabled
 Compressed Oops: Enabled (32-bit)
 Heap Region Size: 1M
 Heap Min Capacity: 8M
 Heap Initial Capacity: 128M
 Heap Max Capacity: 2G
 Pre-touch: Disabled
 Parallel Workers: 4
 Concurrent Workers: 1
 Concurrent Refinement Workers: 4
 Periodic GC: Disabled

Heap:
 garbage-first heap   total 321536K, used 226648K [0x0000000080000000, 0x0000000100000000)
  region size 1024K, 118 young (120832K), 11 survivors (11264K)
 Metaspace       used 96800K, committed 97792K, reserved 557056K
  class space    used 13559K, committed 14016K, reserved 425984K

Heap Regions: E=young(eden), S=young(survivor), O=old, HS=humongous(starts), HC=humongous(continues), CS=collection set, F=free, OA=open archive, CA=closed archive, TAMS=top-at-mark-start (previous, next)
|   0|0x0000000080000000, 0x0000000080100000, 0x0000000080100000|100%| O|  |TAMS 0x0000000080100000, 0x0000000080000000| Untracked 
|   1|0x0000000080100000, 0x0000000080200000, 0x0000000080200000|100%| O|  |TAMS 0x0000000080200000, 0x0000000080100000| Untracked 
|   2|0x0000000080200000, 0x0000000080300000, 0x0000000080300000|100%|HS|  |TAMS 0x0000000080300000, 0x0000000080200000| Complete 
|   3|0x0000000080300000, 0x0000000080400000, 0x0000000080400000|100%|HC|  |TAMS 0x0000000080400000, 0x0000000080300000| Complete 
|   4|0x0000000080400000, 0x0000000080500000, 0x0000000080500000|100%|HC|  |TAMS 0x0000000080500000, 0x0000000080400000| Complete 
|   5|0x0000000080500000, 0x0000000080600000, 0x0000000080600000|100%|HC|  |TAMS 0x0000000080600000, 0x0000000080500000| Complete 
|   6|0x0000000080600000, 0x0000000080700000, 0x0000000080700000|100%| O|  |TAMS 0x0000000080700000, 0x0000000080600000| Untracked 
|   7|0x0000000080700000, 0x0000000080800000, 0x0000000080800000|100%| O|  |TAMS 0x0000000080800000, 0x0000000080700000| Untracked 
|   8|0x0000000080800000, 0x0000000080900000, 0x0000000080900000|100%| O|  |TAMS 0x0000000080900000, 0x0000000080800000| Untracked 
|   9|0x0000000080900000, 0x0000000080a00000, 0x0000000080a00000|100%| O|  |TAMS 0x0000000080a00000, 0x0000000080900000| Untracked 
|  10|0x0000000080a00000, 0x0000000080b00000, 0x0000000080b00000|100%| O|  |TAMS 0x0000000080b00000, 0x0000000080a00000| Untracked 
|  11|0x0000000080b00000, 0x0000000080c00000, 0x0000000080c00000|100%| O|  |TAMS 0x0000000080c00000, 0x0000000080b00000| Untracked 
|  12|0x0000000080c00000, 0x0000000080d00000, 0x0000000080d00000|100%| O|  |TAMS 0x0000000080d00000, 0x0000000080c00000| Untracked 
|  13|0x0000000080d00000, 0x0000000080e00000, 0x0000000080e00000|100%| O|  |TAMS 0x0000000080e00000, 0x0000000080d00000| Untracked 
|  14|0x0000000080e00000, 0x0000000080f00000, 0x0000000080f00000|100%| O|  |TAMS 0x0000000080f00000, 0x0000000080e00000| Untracked 
|  15|0x0000000080f00000, 0x0000000081000000, 0x0000000081000000|100%| O|  |TAMS 0x0000000081000000, 0x0000000080f00000| Untracked 
|  16|0x0000000081000000, 0x0000000081100000, 0x0000000081100000|100%| O|  |TAMS 0x0000000081100000, 0x0000000081000000| Untracked 
|  17|0x0000000081100000, 0x0000000081200000, 0x0000000081200000|100%| O|  |TAMS 0x0000000081200000, 0x0000000081100000| Untracked 
|  18|0x0000000081200000, 0x0000000081300000, 0x0000000081300000|100%| O|  |TAMS 0x0000000081300000, 0x0000000081200000| Untracked 
|  19|0x0000000081300000, 0x0000000081400000, 0x0000000081400000|100%| O|  |TAMS 0x0000000081400000, 0x0000000081300000| Untracked 
|  20|0x0000000081400000, 0x0000000081500000, 0x0000000081500000|100%| O|  |TAMS 0x0000000081500000, 0x0000000081400000| Untracked 
|  21|0x0000000081500000, 0x0000000081600000, 0x0000000081600000|100%| O|  |TAMS 0x0000000081600000, 0x0000000081500000| Untracked 
|  22|0x0000000081600000, 0x0000000081700000, 0x0000000081700000|100%| O|  |TAMS 0x0000000081700000, 0x0000000081600000| Untracked 
|  23|0x0000000081700000, 0x0000000081800000, 0x0000000081800000|100%| O|  |TAMS 0x0000000081800000, 0x0000000081700000| Untracked 
|  24|0x0000000081800000, 0x0000000081900000, 0x0000000081900000|100%| O|  |TAMS 0x0000000081900000, 0x0000000081800000| Untracked 
|  25|0x0000000081900000, 0x0000000081a00000, 0x0000000081a00000|100%| O|  |TAMS 0x0000000081a00000, 0x0000000081900000| Untracked 
|  26|0x0000000081a00000, 0x0000000081b00000, 0x0000000081b00000|100%| O|  |TAMS 0x0000000081b00000, 0x0000000081a00000| Untracked 
|  27|0x0000000081b00000, 0x0000000081c00000, 0x0000000081c00000|100%| O|  |TAMS 0x0000000081c00000, 0x0000000081b00000| Untracked 
|  28|0x0000000081c00000, 0x0000000081d00000, 0x0000000081d00000|100%| O|  |TAMS 0x0000000081d00000, 0x0000000081c00000| Untracked 
|  29|0x0000000081d00000, 0x0000000081e00000, 0x0000000081e00000|100%| O|  |TAMS 0x0000000081e00000, 0x0000000081d00000| Untracked 
|  30|0x0000000081e00000, 0x0000000081f00000, 0x0000000081f00000|100%| O|  |TAMS 0x0000000081f00000, 0x0000000081e00000| Untracked 
|  31|0x0000000081f00000, 0x0000000082000000, 0x0000000082000000|100%| O|  |TAMS 0x0000000082000000, 0x0000000081f00000| Untracked 
|  32|0x0000000082000000, 0x0000000082100000, 0x0000000082100000|100%| O|  |TAMS 0x0000000082100000, 0x0000000082000000| Untracked 
|  33|0x0000000082100000, 0x0000000082200000, 0x0000000082200000|100%| O|  |TAMS 0x0000000082200000, 0x0000000082100000| Untracked 
|  34|0x0000000082200000, 0x0000000082300000, 0x0000000082300000|100%| O|  |TAMS 0x0000000082300000, 0x0000000082200000| Untracked 
|  35|0x0000000082300000, 0x0000000082400000, 0x0000000082400000|100%| O|  |TAMS 0x0000000082400000, 0x0000000082300000| Untracked 
|  36|0x0000000082400000, 0x0000000082500000, 0x0000000082500000|100%| O|  |TAMS 0x0000000082500000, 0x0000000082400000| Untracked 
|  37|0x0000000082500000, 0x0000000082600000, 0x0000000082600000|100%| O|  |TAMS 0x0000000082600000, 0x0000000082500000| Untracked 
|  38|0x0000000082600000, 0x0000000082700000, 0x0000000082700000|100%| O|  |TAMS 0x0000000082700000, 0x0000000082600000| Untracked 
|  39|0x0000000082700000, 0x0000000082800000, 0x0000000082800000|100%| O|  |TAMS 0x0000000082800000, 0x0000000082700000| Untracked 
|  40|0x0000000082800000, 0x0000000082900000, 0x0000000082900000|100%| O|  |TAMS 0x0000000082900000, 0x0000000082800000| Untracked 
|  41|0x0000000082900000, 0x0000000082a00000, 0x0000000082a00000|100%|HS|  |TAMS 0x0000000082a00000, 0x0000000082900000| Complete 
|  42|0x0000000082a00000, 0x0000000082b00000, 0x0000000082b00000|100%|HC|  |TAMS 0x0000000082b00000, 0x0000000082a00000| Complete 
|  43|0x0000000082b00000, 0x0000000082c00000, 0x0000000082c00000|100%|HS|  |TAMS 0x0000000082c00000, 0x0000000082b00000| Complete 
|  44|0x0000000082c00000, 0x0000000082d00000, 0x0000000082d00000|100%|HC|  |TAMS 0x0000000082d00000, 0x0000000082c00000| Complete 
|  45|0x0000000082d00000, 0x0000000082e00000, 0x0000000082e00000|100%| O|  |TAMS 0x0000000082d00000, 0x0000000082d00000| Untracked 
|  46|0x0000000082e00000, 0x0000000082f00000, 0x0000000082f00000|100%|HS|  |TAMS 0x0000000082f00000, 0x0000000082e00000| Complete 
|  47|0x0000000082f00000, 0x0000000083000000, 0x0000000083000000|100%| O|  |TAMS 0x0000000083000000, 0x0000000082f00000| Untracked 
|  48|0x0000000083000000, 0x0000000083100000, 0x0000000083100000|100%|HS|  |TAMS 0x0000000083100000, 0x0000000083000000| Complete 
|  49|0x0000000083100000, 0x0000000083200000, 0x0000000083200000|100%|HC|  |TAMS 0x0000000083200000, 0x0000000083100000| Complete 
|  50|0x0000000083200000, 0x0000000083300000, 0x0000000083300000|100%|HC|  |TAMS 0x0000000083300000, 0x0000000083200000| Complete 
|  51|0x0000000083300000, 0x0000000083400000, 0x0000000083400000|100%|HC|  |TAMS 0x0000000083400000, 0x0000000083300000| Complete 
|  52|0x0000000083400000, 0x0000000083500000, 0x0000000083500000|100%|HS|  |TAMS 0x0000000083500000, 0x0000000083400000| Complete 
|  53|0x0000000083500000, 0x0000000083600000, 0x0000000083600000|100%|HC|  |TAMS 0x0000000083600000, 0x0000000083500000| Complete 
|  54|0x0000000083600000, 0x0000000083700000, 0x0000000083700000|100%|HC|  |TAMS 0x0000000083700000, 0x0000000083600000| Complete 
|  55|0x0000000083700000, 0x0000000083800000, 0x0000000083800000|100%|HC|  |TAMS 0x0000000083800000, 0x0000000083700000| Complete 
|  56|0x0000000083800000, 0x0000000083900000, 0x0000000083900000|100%| O|  |TAMS 0x0000000083900000, 0x0000000083800000| Untracked 
|  57|0x0000000083900000, 0x0000000083a00000, 0x0000000083a00000|100%| O|  |TAMS 0x0000000083a00000, 0x0000000083900000| Untracked 
|  58|0x0000000083a00000, 0x0000000083b00000, 0x0000000083b00000|100%| O|  |TAMS 0x0000000083b00000, 0x0000000083a00000| Untracked 
|  59|0x0000000083b00000, 0x0000000083c00000, 0x0000000083c00000|100%| O|  |TAMS 0x0000000083c00000, 0x0000000083b00000| Untracked 
|  60|0x0000000083c00000, 0x0000000083d00000, 0x0000000083d00000|100%| O|  |TAMS 0x0000000083d00000, 0x0000000083c00000| Untracked 
|  61|0x0000000083d00000, 0x0000000083e00000, 0x0000000083e00000|100%| O|  |TAMS 0x0000000083e00000, 0x0000000083d00000| Untracked 
|  62|0x0000000083e00000, 0x0000000083f00000, 0x0000000083f00000|100%| O|  |TAMS 0x0000000083e00000, 0x0000000083e00000| Untracked 
|  63|0x0000000083f00000, 0x0000000084000000, 0x0000000084000000|100%| O|  |TAMS 0x0000000084000000, 0x0000000083f00000| Untracked 
|  64|0x0000000084000000, 0x0000000084100000, 0x0000000084100000|100%| O|  |TAMS 0x0000000084100000, 0x0000000084000000| Untracked 
|  65|0x0000000084100000, 0x0000000084200000, 0x0000000084200000|100%| O|  |TAMS 0x0000000084200000, 0x0000000084100000| Untracked 
|  66|0x0000000084200000, 0x0000000084300000, 0x0000000084300000|100%| O|  |TAMS 0x0000000084300000, 0x0000000084200000| Untracked 
|  67|0x0000000084300000, 0x0000000084400000, 0x0000000084400000|100%| O|  |TAMS 0x0000000084400000, 0x0000000084300000| Untracked 
|  68|0x0000000084400000, 0x0000000084500000, 0x0000000084500000|100%| O|  |TAMS 0x0000000084500000, 0x0000000084400000| Untracked 
|  69|0x0000000084500000, 0x0000000084600000, 0x0000000084600000|100%| O|  |TAMS 0x0000000084600000, 0x0000000084500000| Untracked 
|  70|0x0000000084600000, 0x0000000084700000, 0x0000000084700000|100%| O|  |TAMS 0x0000000084700000, 0x0000000084600000| Untracked 
|  71|0x0000000084700000, 0x0000000084800000, 0x0000000084800000|100%| O|  |TAMS 0x0000000084800000, 0x0000000084700000| Untracked 
|  72|0x0000000084800000, 0x0000000084900000, 0x0000000084900000|100%| O|  |TAMS 0x0000000084900000, 0x0000000084800000| Untracked 
|  73|0x0000000084900000, 0x0000000084a00000, 0x0000000084a00000|100%| O|  |TAMS 0x0000000084933e00, 0x0000000084900000| Untracked 
|  74|0x0000000084a00000, 0x0000000084b00000, 0x0000000084b00000|100%|HS|  |TAMS 0x0000000084b00000, 0x0000000084a00000| Complete 
|  75|0x0000000084b00000, 0x0000000084c00000, 0x0000000084c00000|100%|HS|  |TAMS 0x0000000084c00000, 0x0000000084b00000| Complete 
|  76|0x0000000084c00000, 0x0000000084d00000, 0x0000000084d00000|100%| O|  |TAMS 0x0000000084c00000, 0x0000000084c00000| Untracked 
|  77|0x0000000084d00000, 0x0000000084e00000, 0x0000000084e00000|100%|HS|  |TAMS 0x0000000084d00000, 0x0000000084d00000| Complete 
|  78|0x0000000084e00000, 0x0000000084f00000, 0x0000000084f00000|100%|HS|  |TAMS 0x0000000084e00000, 0x0000000084e00000| Complete 
|  79|0x0000000084f00000, 0x0000000085000000, 0x0000000085000000|100%| O|  |TAMS 0x0000000084f00000, 0x0000000084f00000| Untracked 
|  80|0x0000000085000000, 0x0000000085100000, 0x0000000085100000|100%| O|  |TAMS 0x0000000085000000, 0x0000000085000000| Untracked 
|  81|0x0000000085100000, 0x0000000085200000, 0x0000000085200000|100%| O|  |TAMS 0x0000000085100000, 0x0000000085100000| Untracked 
|  82|0x0000000085200000, 0x0000000085300000, 0x0000000085300000|100%| O|  |TAMS 0x0000000085200000, 0x0000000085200000| Untracked 
|  83|0x0000000085300000, 0x0000000085400000, 0x0000000085400000|100%| O|  |TAMS 0x0000000085300000, 0x0000000085300000| Untracked 
|  84|0x0000000085400000, 0x0000000085500000, 0x0000000085500000|100%| O|  |TAMS 0x0000000085400000, 0x0000000085400000| Untracked 
|  85|0x0000000085500000, 0x0000000085600000, 0x0000000085600000|100%| O|  |TAMS 0x0000000085500000, 0x0000000085500000| Untracked 
|  86|0x0000000085600000, 0x0000000085700000, 0x0000000085700000|100%| O|  |TAMS 0x0000000085600000, 0x0000000085600000| Untracked 
|  87|0x0000000085700000, 0x0000000085800000, 0x0000000085800000|100%| O|  |TAMS 0x0000000085700000, 0x0000000085700000| Untracked 
|  88|0x0000000085800000, 0x0000000085900000, 0x0000000085900000|100%| O|  |TAMS 0x0000000085800000, 0x0000000085800000| Untracked 
|  89|0x0000000085900000, 0x0000000085a00000, 0x0000000085a00000|100%| O|  |TAMS 0x0000000085900000, 0x0000000085900000| Untracked 
|  90|0x0000000085a00000, 0x0000000085b00000, 0x0000000085b00000|100%| O|  |TAMS 0x0000000085a00000, 0x0000000085a00000| Untracked 
|  91|0x0000000085b00000, 0x0000000085c00000, 0x0000000085c00000|100%| O|  |TAMS 0x0000000085b00000, 0x0000000085b00000| Untracked 
|  92|0x0000000085c00000, 0x0000000085d00000, 0x0000000085d00000|100%| O|  |TAMS 0x0000000085c00000, 0x0000000085c00000| Untracked 
|  93|0x0000000085d00000, 0x0000000085e00000, 0x0000000085e00000|100%| O|  |TAMS 0x0000000085d00000, 0x0000000085d00000| Untracked 
|  94|0x0000000085e00000, 0x0000000085f00000, 0x0000000085f00000|100%| O|  |TAMS 0x0000000085e00000, 0x0000000085e00000| Untracked 
|  95|0x0000000085f00000, 0x0000000086000000, 0x0000000086000000|100%| O|  |TAMS 0x0000000085f00000, 0x0000000085f00000| Untracked 
|  96|0x0000000086000000, 0x0000000086100000, 0x0000000086100000|100%| O|  |TAMS 0x0000000086000000, 0x0000000086000000| Untracked 
|  97|0x0000000086100000, 0x0000000086200000, 0x0000000086200000|100%| O|  |TAMS 0x0000000086100000, 0x0000000086100000| Untracked 
|  98|0x0000000086200000, 0x0000000086300000, 0x0000000086300000|100%| O|  |TAMS 0x0000000086200000, 0x0000000086200000| Untracked 
|  99|0x0000000086300000, 0x0000000086312000, 0x0000000086400000|  7%| O|  |TAMS 0x0000000086300000, 0x0000000086300000| Untracked 
| 100|0x0000000086400000, 0x0000000086500000, 0x0000000086500000|100%|HS|  |TAMS 0x0000000086400000, 0x0000000086400000| Complete 
| 101|0x0000000086500000, 0x0000000086600000, 0x0000000086600000|100%|HC|  |TAMS 0x0000000086500000, 0x0000000086500000| Complete 
| 102|0x0000000086600000, 0x0000000086700000, 0x0000000086700000|100%|HS|  |TAMS 0x0000000086600000, 0x0000000086600000| Complete 
| 103|0x0000000086700000, 0x0000000086800000, 0x0000000086800000|100%|HC|  |TAMS 0x0000000086700000, 0x0000000086700000| Complete 
| 104|0x0000000086800000, 0x0000000086900000, 0x0000000086900000|100%|HS|  |TAMS 0x0000000086800000, 0x0000000086800000| Complete 
| 105|0x0000000086900000, 0x0000000086a00000, 0x0000000086a00000|100%|HC|  |TAMS 0x0000000086900000, 0x0000000086900000| Complete 
| 106|0x0000000086a00000, 0x0000000086b00000, 0x0000000086b00000|100%|HC|  |TAMS 0x0000000086a00000, 0x0000000086a00000| Complete 
| 107|0x0000000086b00000, 0x0000000086b00000, 0x0000000086c00000|  0%| F|  |TAMS 0x0000000086b00000, 0x0000000086b00000| Untracked 
| 108|0x0000000086c00000, 0x0000000086c00000, 0x0000000086d00000|  0%| F|  |TAMS 0x0000000086c00000, 0x0000000086c00000| Untracked 
| 109|0x0000000086d00000, 0x0000000086d00000, 0x0000000086e00000|  0%| F|  |TAMS 0x0000000086d00000, 0x0000000086d00000| Untracked 
| 110|0x0000000086e00000, 0x0000000086e00000, 0x0000000086f00000|  0%| F|  |TAMS 0x0000000086e00000, 0x0000000086e00000| Untracked 
| 111|0x0000000086f00000, 0x0000000086f00000, 0x0000000087000000|  0%| F|  |TAMS 0x0000000086f00000, 0x0000000086f00000| Untracked 
| 112|0x0000000087000000, 0x0000000087000000, 0x0000000087100000|  0%| F|  |TAMS 0x0000000087000000, 0x0000000087000000| Untracked 
| 113|0x0000000087100000, 0x0000000087100000, 0x0000000087200000|  0%| F|  |TAMS 0x0000000087100000, 0x0000000087100000| Untracked 
| 114|0x0000000087200000, 0x0000000087200000, 0x0000000087300000|  0%| F|  |TAMS 0x0000000087200000, 0x0000000087200000| Untracked 
| 115|0x0000000087300000, 0x0000000087300000, 0x0000000087400000|  0%| F|  |TAMS 0x0000000087300000, 0x0000000087300000| Untracked 
| 116|0x0000000087400000, 0x0000000087400000, 0x0000000087500000|  0%| F|  |TAMS 0x0000000087400000, 0x0000000087400000| Untracked 
| 117|0x0000000087500000, 0x0000000087500000, 0x0000000087600000|  0%| F|  |TAMS 0x0000000087500000, 0x0000000087500000| Untracked 
| 118|0x0000000087600000, 0x0000000087600000, 0x0000000087700000|  0%| F|  |TAMS 0x0000000087600000, 0x0000000087600000| Untracked 
| 119|0x0000000087700000, 0x0000000087700000, 0x0000000087800000|  0%| F|  |TAMS 0x0000000087700000, 0x0000000087700000| Untracked 
| 120|0x0000000087800000, 0x0000000087800000, 0x0000000087900000|  0%| F|  |TAMS 0x0000000087800000, 0x0000000087800000| Untracked 
| 121|0x0000000087900000, 0x0000000087900000, 0x0000000087a00000|  0%| F|  |TAMS 0x0000000087900000, 0x0000000087900000| Untracked 
| 122|0x0000000087a00000, 0x0000000087a00000, 0x0000000087b00000|  0%| F|  |TAMS 0x0000000087a00000, 0x0000000087a00000| Untracked 
| 123|0x0000000087b00000, 0x0000000087b00000, 0x0000000087c00000|  0%| F|  |TAMS 0x0000000087b00000, 0x0000000087b00000| Untracked 
| 124|0x0000000087c00000, 0x0000000087c00000, 0x0000000087d00000|  0%| F|  |TAMS 0x0000000087c00000, 0x0000000087c00000| Untracked 
| 125|0x0000000087d00000, 0x0000000087d00000, 0x0000000087e00000|  0%| F|  |TAMS 0x0000000087d00000, 0x0000000087d00000| Untracked 
| 126|0x0000000087e00000, 0x0000000087e00000, 0x0000000087f00000|  0%| F|  |TAMS 0x0000000087e00000, 0x0000000087e00000| Untracked 
| 127|0x0000000087f00000, 0x0000000087f00000, 0x0000000088000000|  0%| F|  |TAMS 0x0000000087f00000, 0x0000000087f00000| Untracked 
| 128|0x0000000088000000, 0x0000000088000000, 0x0000000088100000|  0%| F|  |TAMS 0x0000000088000000, 0x0000000088000000| Untracked 
| 129|0x0000000088100000, 0x0000000088100000, 0x0000000088200000|  0%| F|  |TAMS 0x0000000088100000, 0x0000000088100000| Untracked 
| 130|0x0000000088200000, 0x0000000088200000, 0x0000000088300000|  0%| F|  |TAMS 0x0000000088200000, 0x0000000088200000| Untracked 
| 131|0x0000000088300000, 0x0000000088300000, 0x0000000088400000|  0%| F|  |TAMS 0x0000000088300000, 0x0000000088300000| Untracked 
| 132|0x0000000088400000, 0x0000000088400000, 0x0000000088500000|  0%| F|  |TAMS 0x0000000088400000, 0x0000000088400000| Untracked 
| 133|0x0000000088500000, 0x0000000088500000, 0x0000000088600000|  0%| F|  |TAMS 0x0000000088500000, 0x0000000088500000| Untracked 
| 134|0x0000000088600000, 0x0000000088600000, 0x0000000088700000|  0%| F|  |TAMS 0x0000000088600000, 0x0000000088600000| Untracked 
| 135|0x0000000088700000, 0x0000000088700000, 0x0000000088800000|  0%| F|  |TAMS 0x0000000088700000, 0x0000000088700000| Untracked 
| 136|0x0000000088800000, 0x0000000088800000, 0x0000000088900000|  0%| F|  |TAMS 0x0000000088800000, 0x0000000088800000| Untracked 
| 137|0x0000000088900000, 0x0000000088900000, 0x0000000088a00000|  0%| F|  |TAMS 0x0000000088900000, 0x0000000088900000| Untracked 
| 138|0x0000000088a00000, 0x0000000088a00000, 0x0000000088b00000|  0%| F|  |TAMS 0x0000000088a00000, 0x0000000088a00000| Untracked 
| 139|0x0000000088b00000, 0x0000000088b00000, 0x0000000088c00000|  0%| F|  |TAMS 0x0000000088b00000, 0x0000000088b00000| Untracked 
| 140|0x0000000088c00000, 0x0000000088c00000, 0x0000000088d00000|  0%| F|  |TAMS 0x0000000088c00000, 0x0000000088c00000| Untracked 
| 141|0x0000000088d00000, 0x0000000088d00000, 0x0000000088e00000|  0%| F|  |TAMS 0x0000000088d00000, 0x0000000088d00000| Untracked 
| 142|0x0000000088e00000, 0x0000000088e00000, 0x0000000088f00000|  0%| F|  |TAMS 0x0000000088e00000, 0x0000000088e00000| Untracked 
| 143|0x0000000088f00000, 0x0000000088f00000, 0x0000000089000000|  0%| F|  |TAMS 0x0000000088f00000, 0x0000000088f00000| Untracked 
| 144|0x0000000089000000, 0x0000000089000000, 0x0000000089100000|  0%| F|  |TAMS 0x0000000089000000, 0x0000000089000000| Untracked 
| 145|0x0000000089100000, 0x0000000089100000, 0x0000000089200000|  0%| F|  |TAMS 0x0000000089100000, 0x0000000089100000| Untracked 
| 146|0x0000000089200000, 0x0000000089200000, 0x0000000089300000|  0%| F|  |TAMS 0x0000000089200000, 0x0000000089200000| Untracked 
| 147|0x0000000089300000, 0x0000000089300000, 0x0000000089400000|  0%| F|  |TAMS 0x0000000089300000, 0x0000000089300000| Untracked 
| 148|0x0000000089400000, 0x0000000089400000, 0x0000000089500000|  0%| F|  |TAMS 0x0000000089400000, 0x0000000089400000| Untracked 
| 149|0x0000000089500000, 0x00000000895441a0, 0x0000000089600000| 26%| S|CS|TAMS 0x0000000089500000, 0x0000000089500000| Complete 
| 150|0x0000000089600000, 0x0000000089700000, 0x0000000089700000|100%| S|CS|TAMS 0x0000000089600000, 0x0000000089600000| Complete 
| 151|0x0000000089700000, 0x0000000089800000, 0x0000000089800000|100%| S|CS|TAMS 0x0000000089700000, 0x0000000089700000| Complete 
| 152|0x0000000089800000, 0x0000000089900000, 0x0000000089900000|100%| S|CS|TAMS 0x0000000089800000, 0x0000000089800000| Complete 
| 153|0x0000000089900000, 0x0000000089a00000, 0x0000000089a00000|100%| S|CS|TAMS 0x0000000089900000, 0x0000000089900000| Complete 
| 154|0x0000000089a00000, 0x0000000089b00000, 0x0000000089b00000|100%| S|CS|TAMS 0x0000000089a00000, 0x0000000089a00000| Complete 
| 155|0x0000000089b00000, 0x0000000089c00000, 0x0000000089c00000|100%| S|CS|TAMS 0x0000000089b00000, 0x0000000089b00000| Complete 
| 156|0x0000000089c00000, 0x0000000089d00000, 0x0000000089d00000|100%| S|CS|TAMS 0x0000000089c00000, 0x0000000089c00000| Complete 
| 157|0x0000000089d00000, 0x0000000089e00000, 0x0000000089e00000|100%| S|CS|TAMS 0x0000000089d00000, 0x0000000089d00000| Complete 
| 158|0x0000000089e00000, 0x0000000089f00000, 0x0000000089f00000|100%| S|CS|TAMS 0x0000000089e00000, 0x0000000089e00000| Complete 
| 159|0x0000000089f00000, 0x000000008a000000, 0x000000008a000000|100%| S|CS|TAMS 0x0000000089f00000, 0x0000000089f00000| Complete 
| 160|0x000000008a000000, 0x000000008a000000, 0x000000008a100000|  0%| F|  |TAMS 0x000000008a000000, 0x000000008a000000| Untracked 
| 161|0x000000008a100000, 0x000000008a100000, 0x000000008a200000|  0%| F|  |TAMS 0x000000008a100000, 0x000000008a100000| Untracked 
| 162|0x000000008a200000, 0x000000008a200000, 0x000000008a300000|  0%| F|  |TAMS 0x000000008a200000, 0x000000008a200000| Untracked 
| 163|0x000000008a300000, 0x000000008a300000, 0x000000008a400000|  0%| F|  |TAMS 0x000000008a300000, 0x000000008a300000| Untracked 
| 164|0x000000008a400000, 0x000000008a400000, 0x000000008a500000|  0%| F|  |TAMS 0x000000008a400000, 0x000000008a400000| Untracked 
| 165|0x000000008a500000, 0x000000008a500000, 0x000000008a600000|  0%| F|  |TAMS 0x000000008a500000, 0x000000008a500000| Untracked 
| 166|0x000000008a600000, 0x000000008a600000, 0x000000008a700000|  0%| F|  |TAMS 0x000000008a600000, 0x000000008a600000| Untracked 
| 167|0x000000008a700000, 0x000000008a700000, 0x000000008a800000|  0%| F|  |TAMS 0x000000008a700000, 0x000000008a700000| Untracked 
| 168|0x000000008a800000, 0x000000008a800000, 0x000000008a900000|  0%| F|  |TAMS 0x000000008a800000, 0x000000008a800000| Untracked 
| 169|0x000000008a900000, 0x000000008a900000, 0x000000008aa00000|  0%| F|  |TAMS 0x000000008a900000, 0x000000008a900000| Untracked 
| 170|0x000000008aa00000, 0x000000008aa00000, 0x000000008ab00000|  0%| F|  |TAMS 0x000000008aa00000, 0x000000008aa00000| Untracked 
| 171|0x000000008ab00000, 0x000000008ab00000, 0x000000008ac00000|  0%| F|  |TAMS 0x000000008ab00000, 0x000000008ab00000| Untracked 
| 172|0x000000008ac00000, 0x000000008ac00000, 0x000000008ad00000|  0%| F|  |TAMS 0x000000008ac00000, 0x000000008ac00000| Untracked 
| 173|0x000000008ad00000, 0x000000008ad00000, 0x000000008ae00000|  0%| F|  |TAMS 0x000000008ad00000, 0x000000008ad00000| Untracked 
| 174|0x000000008ae00000, 0x000000008ae00000, 0x000000008af00000|  0%| F|  |TAMS 0x000000008ae00000, 0x000000008ae00000| Untracked 
| 175|0x000000008af00000, 0x000000008af00000, 0x000000008b000000|  0%| F|  |TAMS 0x000000008af00000, 0x000000008af00000| Untracked 
| 176|0x000000008b000000, 0x000000008b000000, 0x000000008b100000|  0%| F|  |TAMS 0x000000008b000000, 0x000000008b000000| Untracked 
| 177|0x000000008b100000, 0x000000008b100000, 0x000000008b200000|  0%| F|  |TAMS 0x000000008b100000, 0x000000008b100000| Untracked 
| 178|0x000000008b200000, 0x000000008b200000, 0x000000008b300000|  0%| F|  |TAMS 0x000000008b200000, 0x000000008b200000| Untracked 
| 179|0x000000008b300000, 0x000000008b300000, 0x000000008b400000|  0%| F|  |TAMS 0x000000008b300000, 0x000000008b300000| Untracked 
| 180|0x000000008b400000, 0x000000008b400000, 0x000000008b500000|  0%| F|  |TAMS 0x000000008b400000, 0x000000008b400000| Untracked 
| 181|0x000000008b500000, 0x000000008b500000, 0x000000008b600000|  0%| F|  |TAMS 0x000000008b500000, 0x000000008b500000| Untracked 
| 182|0x000000008b600000, 0x000000008b600000, 0x000000008b700000|  0%| F|  |TAMS 0x000000008b600000, 0x000000008b600000| Untracked 
| 183|0x000000008b700000, 0x000000008b700000, 0x000000008b800000|  0%| F|  |TAMS 0x000000008b700000, 0x000000008b700000| Untracked 
| 184|0x000000008b800000, 0x000000008b800000, 0x000000008b900000|  0%| F|  |TAMS 0x000000008b800000, 0x000000008b800000| Untracked 
| 185|0x000000008b900000, 0x000000008b900000, 0x000000008ba00000|  0%| F|  |TAMS 0x000000008b900000, 0x000000008b900000| Untracked 
| 186|0x000000008ba00000, 0x000000008ba00000, 0x000000008bb00000|  0%| F|  |TAMS 0x000000008ba00000, 0x000000008ba00000| Untracked 
| 187|0x000000008bb00000, 0x000000008bb00000, 0x000000008bc00000|  0%| F|  |TAMS 0x000000008bb00000, 0x000000008bb00000| Untracked 
| 188|0x000000008bc00000, 0x000000008bc00000, 0x000000008bd00000|  0%| F|  |TAMS 0x000000008bc00000, 0x000000008bc00000| Untracked 
| 189|0x000000008bd00000, 0x000000008bd00000, 0x000000008be00000|  0%| F|  |TAMS 0x000000008bd00000, 0x000000008bd00000| Untracked 
| 190|0x000000008be00000, 0x000000008be00000, 0x000000008bf00000|  0%| F|  |TAMS 0x000000008be00000, 0x000000008be00000| Untracked 
| 191|0x000000008bf00000, 0x000000008bf00000, 0x000000008c000000|  0%| F|  |TAMS 0x000000008bf00000, 0x000000008bf00000| Untracked 
| 192|0x000000008c000000, 0x000000008c000000, 0x000000008c100000|  0%| F|  |TAMS 0x000000008c000000, 0x000000008c000000| Untracked 
| 193|0x000000008c100000, 0x000000008c100000, 0x000000008c200000|  0%| F|  |TAMS 0x000000008c100000, 0x000000008c100000| Untracked 
| 194|0x000000008c200000, 0x000000008c200000, 0x000000008c300000|  0%| F|  |TAMS 0x000000008c200000, 0x000000008c200000| Untracked 
| 195|0x000000008c300000, 0x000000008c300000, 0x000000008c400000|  0%| F|  |TAMS 0x000000008c300000, 0x000000008c300000| Untracked 
| 196|0x000000008c400000, 0x000000008c400000, 0x000000008c500000|  0%| F|  |TAMS 0x000000008c400000, 0x000000008c400000| Untracked 
| 197|0x000000008c500000, 0x000000008c500000, 0x000000008c600000|  0%| F|  |TAMS 0x000000008c500000, 0x000000008c500000| Untracked 
| 198|0x000000008c600000, 0x000000008c600000, 0x000000008c700000|  0%| F|  |TAMS 0x000000008c600000, 0x000000008c600000| Untracked 
| 199|0x000000008c700000, 0x000000008c700000, 0x000000008c800000|  0%| F|  |TAMS 0x000000008c700000, 0x000000008c700000| Untracked 
| 200|0x000000008c800000, 0x000000008c800000, 0x000000008c900000|  0%| F|  |TAMS 0x000000008c800000, 0x000000008c800000| Untracked 
| 201|0x000000008c900000, 0x000000008c900000, 0x000000008ca00000|  0%| F|  |TAMS 0x000000008c900000, 0x000000008c900000| Untracked 
| 202|0x000000008ca00000, 0x000000008ca00000, 0x000000008cb00000|  0%| F|  |TAMS 0x000000008ca00000, 0x000000008ca00000| Untracked 
| 203|0x000000008cb00000, 0x000000008cb00000, 0x000000008cc00000|  0%| F|  |TAMS 0x000000008cb00000, 0x000000008cb00000| Untracked 
| 204|0x000000008cc00000, 0x000000008cc00000, 0x000000008cd00000|  0%| F|  |TAMS 0x000000008cc00000, 0x000000008cc00000| Untracked 
| 205|0x000000008cd00000, 0x000000008cd00000, 0x000000008ce00000|  0%| F|  |TAMS 0x000000008cd00000, 0x000000008cd00000| Untracked 
| 206|0x000000008ce00000, 0x000000008ce35178, 0x000000008cf00000| 20%| E|  |TAMS 0x000000008ce00000, 0x000000008ce00000| Complete 
| 207|0x000000008cf00000, 0x000000008d000000, 0x000000008d000000|100%| E|CS|TAMS 0x000000008cf00000, 0x000000008cf00000| Complete 
| 208|0x000000008d000000, 0x000000008d100000, 0x000000008d100000|100%| E|CS|TAMS 0x000000008d000000, 0x000000008d000000| Complete 
| 209|0x000000008d100000, 0x000000008d200000, 0x000000008d200000|100%| E|CS|TAMS 0x000000008d100000, 0x000000008d100000| Complete 
| 210|0x000000008d200000, 0x000000008d300000, 0x000000008d300000|100%| E|CS|TAMS 0x000000008d200000, 0x000000008d200000| Complete 
| 211|0x000000008d300000, 0x000000008d400000, 0x000000008d400000|100%| E|CS|TAMS 0x000000008d300000, 0x000000008d300000| Complete 
| 212|0x000000008d400000, 0x000000008d500000, 0x000000008d500000|100%| E|CS|TAMS 0x000000008d400000, 0x000000008d400000| Complete 
| 213|0x000000008d500000, 0x000000008d600000, 0x000000008d600000|100%| E|CS|TAMS 0x000000008d500000, 0x000000008d500000| Complete 
| 214|0x000000008d600000, 0x000000008d700000, 0x000000008d700000|100%| E|CS|TAMS 0x000000008d600000, 0x000000008d600000| Complete 
| 215|0x000000008d700000, 0x000000008d800000, 0x000000008d800000|100%| E|CS|TAMS 0x000000008d700000, 0x000000008d700000| Complete 
| 216|0x000000008d800000, 0x000000008d900000, 0x000000008d900000|100%| E|CS|TAMS 0x000000008d800000, 0x000000008d800000| Complete 
| 217|0x000000008d900000, 0x000000008da00000, 0x000000008da00000|100%| E|CS|TAMS 0x000000008d900000, 0x000000008d900000| Complete 
| 218|0x000000008da00000, 0x000000008db00000, 0x000000008db00000|100%| E|CS|TAMS 0x000000008da00000, 0x000000008da00000| Complete 
| 219|0x000000008db00000, 0x000000008dc00000, 0x000000008dc00000|100%| E|CS|TAMS 0x000000008db00000, 0x000000008db00000| Complete 
| 220|0x000000008dc00000, 0x000000008dd00000, 0x000000008dd00000|100%| E|CS|TAMS 0x000000008dc00000, 0x000000008dc00000| Complete 
| 221|0x000000008dd00000, 0x000000008de00000, 0x000000008de00000|100%| E|CS|TAMS 0x000000008dd00000, 0x000000008dd00000| Complete 
| 222|0x000000008de00000, 0x000000008df00000, 0x000000008df00000|100%| E|CS|TAMS 0x000000008de00000, 0x000000008de00000| Complete 
| 223|0x000000008df00000, 0x000000008e000000, 0x000000008e000000|100%| E|CS|TAMS 0x000000008df00000, 0x000000008df00000| Complete 
| 224|0x000000008e000000, 0x000000008e100000, 0x000000008e100000|100%| E|CS|TAMS 0x000000008e000000, 0x000000008e000000| Complete 
| 225|0x000000008e100000, 0x000000008e200000, 0x000000008e200000|100%| E|CS|TAMS 0x000000008e100000, 0x000000008e100000| Complete 
| 226|0x000000008e200000, 0x000000008e300000, 0x000000008e300000|100%| E|CS|TAMS 0x000000008e200000, 0x000000008e200000| Complete 
| 227|0x000000008e300000, 0x000000008e400000, 0x000000008e400000|100%| E|CS|TAMS 0x000000008e300000, 0x000000008e300000| Complete 
| 228|0x000000008e400000, 0x000000008e500000, 0x000000008e500000|100%| E|CS|TAMS 0x000000008e400000, 0x000000008e400000| Complete 
| 229|0x000000008e500000, 0x000000008e600000, 0x000000008e600000|100%| E|CS|TAMS 0x000000008e500000, 0x000000008e500000| Complete 
| 230|0x000000008e600000, 0x000000008e700000, 0x000000008e700000|100%| E|CS|TAMS 0x000000008e600000, 0x000000008e600000| Complete 
| 231|0x000000008e700000, 0x000000008e800000, 0x000000008e800000|100%| E|CS|TAMS 0x000000008e700000, 0x000000008e700000| Complete 
| 232|0x000000008e800000, 0x000000008e900000, 0x000000008e900000|100%| E|CS|TAMS 0x000000008e800000, 0x000000008e800000| Complete 
| 233|0x000000008e900000, 0x000000008ea00000, 0x000000008ea00000|100%| E|CS|TAMS 0x000000008e900000, 0x000000008e900000| Complete 
| 234|0x000000008ea00000, 0x000000008eb00000, 0x000000008eb00000|100%| E|CS|TAMS 0x000000008ea00000, 0x000000008ea00000| Complete 
| 235|0x000000008eb00000, 0x000000008ec00000, 0x000000008ec00000|100%| E|CS|TAMS 0x000000008eb00000, 0x000000008eb00000| Complete 
| 236|0x000000008ec00000, 0x000000008ed00000, 0x000000008ed00000|100%| E|CS|TAMS 0x000000008ec00000, 0x000000008ec00000| Complete 
| 237|0x000000008ed00000, 0x000000008ee00000, 0x000000008ee00000|100%| E|CS|TAMS 0x000000008ed00000, 0x000000008ed00000| Complete 
| 238|0x000000008ee00000, 0x000000008ef00000, 0x000000008ef00000|100%| E|CS|TAMS 0x000000008ee00000, 0x000000008ee00000| Complete 
| 239|0x000000008ef00000, 0x000000008f000000, 0x000000008f000000|100%| E|CS|TAMS 0x000000008ef00000, 0x000000008ef00000| Complete 
| 240|0x000000008f000000, 0x000000008f100000, 0x000000008f100000|100%| E|CS|TAMS 0x000000008f000000, 0x000000008f000000| Complete 
| 241|0x000000008f100000, 0x000000008f200000, 0x000000008f200000|100%| E|CS|TAMS 0x000000008f100000, 0x000000008f100000| Complete 
| 242|0x000000008f200000, 0x000000008f300000, 0x000000008f300000|100%| E|CS|TAMS 0x000000008f200000, 0x000000008f200000| Complete 
| 243|0x000000008f300000, 0x000000008f400000, 0x000000008f400000|100%| E|CS|TAMS 0x000000008f300000, 0x000000008f300000| Complete 
| 244|0x000000008f400000, 0x000000008f500000, 0x000000008f500000|100%| E|CS|TAMS 0x000000008f400000, 0x000000008f400000| Complete 
| 245|0x000000008f500000, 0x000000008f600000, 0x000000008f600000|100%| E|CS|TAMS 0x000000008f500000, 0x000000008f500000| Complete 
| 246|0x000000008f600000, 0x000000008f700000, 0x000000008f700000|100%| E|CS|TAMS 0x000000008f600000, 0x000000008f600000| Complete 
| 247|0x000000008f700000, 0x000000008f800000, 0x000000008f800000|100%| E|CS|TAMS 0x000000008f700000, 0x000000008f700000| Complete 
| 248|0x000000008f800000, 0x000000008f900000, 0x000000008f900000|100%| E|  |TAMS 0x000000008f800000, 0x000000008f800000| Complete 
| 249|0x000000008f900000, 0x000000008fa00000, 0x000000008fa00000|100%| E|CS|TAMS 0x000000008f900000, 0x000000008f900000| Complete 
| 250|0x000000008fa00000, 0x000000008fb00000, 0x000000008fb00000|100%| E|CS|TAMS 0x000000008fa00000, 0x000000008fa00000| Complete 
| 251|0x000000008fb00000, 0x000000008fc00000, 0x000000008fc00000|100%| E|CS|TAMS 0x000000008fb00000, 0x000000008fb00000| Complete 
| 252|0x000000008fc00000, 0x000000008fd00000, 0x000000008fd00000|100%| E|CS|TAMS 0x000000008fc00000, 0x000000008fc00000| Complete 
| 253|0x000000008fd00000, 0x000000008fe00000, 0x000000008fe00000|100%| E|CS|TAMS 0x000000008fd00000, 0x000000008fd00000| Complete 
| 254|0x000000008fe00000, 0x000000008ff00000, 0x000000008ff00000|100%| E|CS|TAMS 0x000000008fe00000, 0x000000008fe00000| Complete 
| 255|0x000000008ff00000, 0x0000000090000000, 0x0000000090000000|100%| E|CS|TAMS 0x000000008ff00000, 0x000000008ff00000| Complete 
| 256|0x0000000090000000, 0x0000000090100000, 0x0000000090100000|100%| E|CS|TAMS 0x0000000090000000, 0x0000000090000000| Complete 
| 257|0x0000000090100000, 0x0000000090200000, 0x0000000090200000|100%| E|CS|TAMS 0x0000000090100000, 0x0000000090100000| Complete 
| 258|0x0000000090200000, 0x0000000090300000, 0x0000000090300000|100%| E|CS|TAMS 0x0000000090200000, 0x0000000090200000| Complete 
| 259|0x0000000090300000, 0x0000000090400000, 0x0000000090400000|100%| E|CS|TAMS 0x0000000090300000, 0x0000000090300000| Complete 
| 260|0x0000000090400000, 0x0000000090500000, 0x0000000090500000|100%| E|CS|TAMS 0x0000000090400000, 0x0000000090400000| Complete 
| 261|0x0000000090500000, 0x0000000090600000, 0x0000000090600000|100%| E|CS|TAMS 0x0000000090500000, 0x0000000090500000| Complete 
| 262|0x0000000090600000, 0x0000000090700000, 0x0000000090700000|100%| E|CS|TAMS 0x0000000090600000, 0x0000000090600000| Complete 
| 263|0x0000000090700000, 0x0000000090800000, 0x0000000090800000|100%| E|CS|TAMS 0x0000000090700000, 0x0000000090700000| Complete 
| 264|0x0000000090800000, 0x0000000090900000, 0x0000000090900000|100%| E|CS|TAMS 0x0000000090800000, 0x0000000090800000| Complete 
| 265|0x0000000090900000, 0x0000000090a00000, 0x0000000090a00000|100%| E|CS|TAMS 0x0000000090900000, 0x0000000090900000| Complete 
| 266|0x0000000090a00000, 0x0000000090b00000, 0x0000000090b00000|100%| E|CS|TAMS 0x0000000090a00000, 0x0000000090a00000| Complete 
| 267|0x0000000090b00000, 0x0000000090c00000, 0x0000000090c00000|100%| E|CS|TAMS 0x0000000090b00000, 0x0000000090b00000| Complete 
| 268|0x0000000090c00000, 0x0000000090d00000, 0x0000000090d00000|100%| E|CS|TAMS 0x0000000090c00000, 0x0000000090c00000| Complete 
| 269|0x0000000090d00000, 0x0000000090e00000, 0x0000000090e00000|100%| E|CS|TAMS 0x0000000090d00000, 0x0000000090d00000| Complete 
| 270|0x0000000090e00000, 0x0000000090f00000, 0x0000000090f00000|100%| E|CS|TAMS 0x0000000090e00000, 0x0000000090e00000| Complete 
| 271|0x0000000090f00000, 0x0000000091000000, 0x0000000091000000|100%| E|CS|TAMS 0x0000000090f00000, 0x0000000090f00000| Complete 
| 272|0x0000000091000000, 0x0000000091100000, 0x0000000091100000|100%| E|CS|TAMS 0x0000000091000000, 0x0000000091000000| Complete 
| 273|0x0000000091100000, 0x0000000091200000, 0x0000000091200000|100%| E|CS|TAMS 0x0000000091100000, 0x0000000091100000| Complete 
| 274|0x0000000091200000, 0x0000000091300000, 0x0000000091300000|100%| E|CS|TAMS 0x0000000091200000, 0x0000000091200000| Complete 
| 275|0x0000000091300000, 0x0000000091400000, 0x0000000091400000|100%| E|CS|TAMS 0x0000000091300000, 0x0000000091300000| Complete 
| 276|0x0000000091400000, 0x0000000091500000, 0x0000000091500000|100%| E|CS|TAMS 0x0000000091400000, 0x0000000091400000| Complete 
| 277|0x0000000091500000, 0x0000000091600000, 0x0000000091600000|100%| E|CS|TAMS 0x0000000091500000, 0x0000000091500000| Complete 
| 278|0x0000000091600000, 0x0000000091700000, 0x0000000091700000|100%| E|CS|TAMS 0x0000000091600000, 0x0000000091600000| Complete 
| 279|0x0000000091700000, 0x0000000091800000, 0x0000000091800000|100%| E|CS|TAMS 0x0000000091700000, 0x0000000091700000| Complete 
| 280|0x0000000091800000, 0x0000000091900000, 0x0000000091900000|100%| E|CS|TAMS 0x0000000091800000, 0x0000000091800000| Complete 
| 281|0x0000000091900000, 0x0000000091a00000, 0x0000000091a00000|100%| E|CS|TAMS 0x0000000091900000, 0x0000000091900000| Complete 
| 282|0x0000000091a00000, 0x0000000091b00000, 0x0000000091b00000|100%| E|CS|TAMS 0x0000000091a00000, 0x0000000091a00000| Complete 
| 283|0x0000000091b00000, 0x0000000091c00000, 0x0000000091c00000|100%| E|CS|TAMS 0x0000000091b00000, 0x0000000091b00000| Complete 
| 284|0x0000000091c00000, 0x0000000091d00000, 0x0000000091d00000|100%| E|CS|TAMS 0x0000000091c00000, 0x0000000091c00000| Complete 
| 285|0x0000000091d00000, 0x0000000091e00000, 0x0000000091e00000|100%| E|CS|TAMS 0x0000000091d00000, 0x0000000091d00000| Complete 
| 286|0x0000000091e00000, 0x0000000091f00000, 0x0000000091f00000|100%| E|CS|TAMS 0x0000000091e00000, 0x0000000091e00000| Complete 
| 287|0x0000000091f00000, 0x0000000092000000, 0x0000000092000000|100%| E|CS|TAMS 0x0000000091f00000, 0x0000000091f00000| Complete 
| 288|0x0000000092000000, 0x0000000092100000, 0x0000000092100000|100%| E|CS|TAMS 0x0000000092000000, 0x0000000092000000| Complete 
| 289|0x0000000092100000, 0x0000000092200000, 0x0000000092200000|100%| E|CS|TAMS 0x0000000092100000, 0x0000000092100000| Complete 
| 290|0x0000000092200000, 0x0000000092300000, 0x0000000092300000|100%| E|CS|TAMS 0x0000000092200000, 0x0000000092200000| Complete 
| 291|0x0000000092300000, 0x0000000092400000, 0x0000000092400000|100%| E|CS|TAMS 0x0000000092300000, 0x0000000092300000| Complete 
| 292|0x0000000092400000, 0x0000000092500000, 0x0000000092500000|100%| E|CS|TAMS 0x0000000092400000, 0x0000000092400000| Complete 
| 293|0x0000000092500000, 0x0000000092600000, 0x0000000092600000|100%| E|CS|TAMS 0x0000000092500000, 0x0000000092500000| Complete 
| 294|0x0000000092600000, 0x0000000092700000, 0x0000000092700000|100%| E|CS|TAMS 0x0000000092600000, 0x0000000092600000| Complete 
| 295|0x0000000092700000, 0x0000000092800000, 0x0000000092800000|100%| E|CS|TAMS 0x0000000092700000, 0x0000000092700000| Complete 
| 296|0x0000000092800000, 0x0000000092900000, 0x0000000092900000|100%| E|CS|TAMS 0x0000000092800000, 0x0000000092800000| Complete 
| 297|0x0000000092900000, 0x0000000092a00000, 0x0000000092a00000|100%| E|CS|TAMS 0x0000000092900000, 0x0000000092900000| Complete 
| 298|0x0000000092a00000, 0x0000000092b00000, 0x0000000092b00000|100%| E|CS|TAMS 0x0000000092a00000, 0x0000000092a00000| Complete 
| 299|0x0000000092b00000, 0x0000000092c00000, 0x0000000092c00000|100%| E|CS|TAMS 0x0000000092b00000, 0x0000000092b00000| Complete 
| 300|0x0000000092c00000, 0x0000000092d00000, 0x0000000092d00000|100%| E|CS|TAMS 0x0000000092c00000, 0x0000000092c00000| Complete 
| 301|0x0000000092d00000, 0x0000000092e00000, 0x0000000092e00000|100%| E|CS|TAMS 0x0000000092d00000, 0x0000000092d00000| Complete 
| 302|0x0000000092e00000, 0x0000000092f00000, 0x0000000092f00000|100%| E|CS|TAMS 0x0000000092e00000, 0x0000000092e00000| Complete 
| 303|0x0000000092f00000, 0x0000000093000000, 0x0000000093000000|100%| E|CS|TAMS 0x0000000092f00000, 0x0000000092f00000| Complete 
| 304|0x0000000093000000, 0x0000000093100000, 0x0000000093100000|100%| E|CS|TAMS 0x0000000093000000, 0x0000000093000000| Complete 
| 305|0x0000000093100000, 0x0000000093200000, 0x0000000093200000|100%| E|CS|TAMS 0x0000000093100000, 0x0000000093100000| Complete 
| 306|0x0000000093200000, 0x0000000093300000, 0x0000000093300000|100%| E|CS|TAMS 0x0000000093200000, 0x0000000093200000| Complete 
| 307|0x0000000093300000, 0x0000000093400000, 0x0000000093400000|100%| E|CS|TAMS 0x0000000093300000, 0x0000000093300000| Complete 
| 308|0x0000000093400000, 0x0000000093500000, 0x0000000093500000|100%| E|CS|TAMS 0x0000000093400000, 0x0000000093400000| Complete 
| 309|0x0000000093500000, 0x0000000093600000, 0x0000000093600000|100%| E|CS|TAMS 0x0000000093500000, 0x0000000093500000| Complete 
| 310|0x0000000093600000, 0x0000000093700000, 0x0000000093700000|100%| E|CS|TAMS 0x0000000093600000, 0x0000000093600000| Complete 
| 311|0x0000000093700000, 0x0000000093800000, 0x0000000093800000|100%| E|CS|TAMS 0x0000000093700000, 0x0000000093700000| Complete 
| 312|0x0000000093800000, 0x0000000093900000, 0x0000000093900000|100%| E|CS|TAMS 0x0000000093800000, 0x0000000093800000| Complete 
| 313|0x0000000093900000, 0x0000000093a00000, 0x0000000093a00000|100%| E|CS|TAMS 0x0000000093900000, 0x0000000093900000| Complete 

Card table byte_map: [0x0000023caba00000,0x0000023cabe00000] _byte_map_base: 0x0000023cab600000

Marking Bits (Prev, Next): (CMBitMap*) 0x0000023c92cffd20, (CMBitMap*) 0x0000023c92cffce0
 Prev Bits: [0x0000023cae200000, 0x0000023cb0200000)
 Next Bits: [0x0000023cac200000, 0x0000023cae200000)

Polling page: 0x0000023c92af0000

Metaspace:

Usage:
  Non-class:     81.29 MB used.
      Class:     13.24 MB used.
       Both:     94.54 MB used.

Virtual space:
  Non-class space:      128.00 MB reserved,      81.81 MB ( 64%) committed,  2 nodes.
      Class space:      416.00 MB reserved,      13.69 MB (  3%) committed,  1 nodes.
             Both:      544.00 MB reserved,      95.50 MB ( 18%) committed. 

Chunk freelists:
   Non-Class:  13.27 MB
       Class:  2.31 MB
        Both:  15.57 MB

MaxMetaspaceSize: 512.00 MB
CompressedClassSpaceSize: 416.00 MB
Initial GC threshold: 21.00 MB
Current GC threshold: 111.69 MB
CDS: on
MetaspaceReclaimPolicy: balanced
 - commit_granule_bytes: 65536.
 - commit_granule_words: 8192.
 - virtual_space_node_default_size: 8388608.
 - enlarge_chunks_in_place: 1.
 - new_chunks_are_fully_committed: 0.
 - uncommit_free_chunks: 1.
 - use_allocation_guard: 0.
 - handle_deallocations: 1.


Internal statistics:

num_allocs_failed_limit: 6.
num_arena_births: 1230.
num_arena_deaths: 0.
num_vsnodes_births: 3.
num_vsnodes_deaths: 0.
num_space_committed: 1528.
num_space_uncommitted: 0.
num_chunks_returned_to_freelist: 6.
num_chunks_taken_from_freelist: 5379.
num_chunk_merges: 6.
num_chunk_splits: 3558.
num_chunks_enlarged: 2334.
num_inconsistent_stats: 0.

CodeHeap 'non-profiled nmethods': size=120000Kb used=6465Kb max_used=6465Kb free=113534Kb
 bounds [0x0000023ca3aa0000, 0x0000023ca4100000, 0x0000023caafd0000]
CodeHeap 'profiled nmethods': size=120000Kb used=22149Kb max_used=22149Kb free=97850Kb
 bounds [0x0000023c9bfd0000, 0x0000023c9d580000, 0x0000023ca3500000]
CodeHeap 'non-nmethods': size=5760Kb used=2404Kb max_used=2465Kb free=3355Kb
 bounds [0x0000023ca3500000, 0x0000023ca3770000, 0x0000023ca3aa0000]
 total_blobs=11893 nmethods=10956 adapters=848
 compilation: enabled
              stopped_count=0, restarted_count=0
 full_count=0

Compilation events (20 events):
Event: 57.088 Thread 0x0000023cb27d37a0 12434       3       org.gradle.internal.component.external.model.AbstractModuleComponentResolveMetadata::artifact (35 bytes)
Event: 57.089 Thread 0x0000023cb27d37a0 nmethod 12434 0x0000023c9d53eb90 code [0x0000023c9d53eda0, 0x0000023c9d53f558]
Event: 57.089 Thread 0x0000023cb27d37a0 12433       3       org.gradle.internal.component.external.model.AbstractConfigurationMetadata::<init> (79 bytes)
Event: 57.089 Thread 0x0000023cb27d37a0 nmethod 12433 0x0000023c9d53f890 code [0x0000023c9d53fa60, 0x0000023c9d540018]
Event: 57.090 Thread 0x0000023cb27d37a0 12429       3       org.gradle.internal.component.external.model.maven.DefaultMavenModuleResolveMetadata::getDerivedVariants (42 bytes)
Event: 57.090 Thread 0x0000023cb27d37a0 nmethod 12429 0x0000023c9d540190 code [0x0000023c9d540360, 0x0000023c9d5407d8]
Event: 57.095 Thread 0x0000023cb27d37a0 12435       3       org.gradle.api.internal.artifacts.ivyservice.ivyresolve.ComponentSelectionRulesProcessor::apply (27 bytes)
Event: 57.096 Thread 0x0000023cb27d37a0 nmethod 12435 0x0000023c9d540910 code [0x0000023c9d540ac0, 0x0000023c9d540cb8]
Event: 57.113 Thread 0x0000023cb27d37a0 12437       3       org.gradle.api.internal.artifacts.ivyservice.resolveengine.graph.builder.NodeState::cacheDependencyStates (68 bytes)
Event: 57.115 Thread 0x0000023cb27d37a0 nmethod 12437 0x0000023c9d540d90 code [0x0000023c9d541080, 0x0000023c9d542378]
Event: 57.115 Thread 0x0000023cb27d37a0 12438       3       org.gradle.api.internal.artifacts.ivyservice.resolveengine.graph.builder.NodeState::cacheFilteredDependencyStates (102 bytes)
Event: 57.116 Thread 0x0000023cb27d37a0 nmethod 12438 0x0000023c9d542990 code [0x0000023c9d542c40, 0x0000023c9d543a48]
Event: 57.116 Thread 0x0000023cb27d37a0 12439       3       org.gradle.api.internal.artifacts.ivyservice.resolveengine.graph.builder.NodeState::intersectEdgeExclusions (40 bytes)
Event: 57.116 Thread 0x0000023cb27d37a0 nmethod 12439 0x0000023c9d543f10 code [0x0000023c9d5440e0, 0x0000023c9d544518]
Event: 57.116 Thread 0x0000023cb27d37a0 12440       3       org.gradle.api.internal.artifacts.ivyservice.resolveengine.graph.builder.NodeState::joinNodeExclusions (27 bytes)
Event: 57.117 Thread 0x0000023cb27d37a0 nmethod 12440 0x0000023c9d544690 code [0x0000023c9d544860, 0x0000023c9d544bf8]
Event: 57.117 Thread 0x0000023cb27d37a0 12441       3       org.gradle.api.internal.artifacts.ivyservice.resolveengine.graph.builder.DependencyGraphBuilder::maybeDownloadMetadataInParallel (181 bytes)
Event: 57.119 Thread 0x0000023cb27d37a0 nmethod 12441 0x0000023c9d544d90 code [0x0000023c9d5450e0, 0x0000023c9d546908]
Event: 57.121 Thread 0x0000023cb27d37a0 12442       3       org.gradle.api.internal.artifacts.ivyservice.resolveengine.graph.builder.DependencyGraphBuilder::attachToTargetRevisionsSerially (47 bytes)
Event: 57.122 Thread 0x0000023cb27d37a0 nmethod 12442 0x0000023c9d547190 code [0x0000023c9d547380, 0x0000023c9d5479c8]

GC Heap History (20 events):
Event: 35.103 GC heap before
{Heap before GC invocations=31 (full 0):
 garbage-first heap   total 160768K, used 131279K [0x0000000080000000, 0x0000000100000000)
  region size 1024K, 54 young (55296K), 1 survivors (1024K)
 Metaspace       used 67869K, committed 68608K, reserved 491520K
  class space    used 9684K, committed 9984K, reserved 425984K
}
Event: 35.113 GC heap after
{Heap after GC invocations=32 (full 0):
 garbage-first heap   total 160768K, used 84808K [0x0000000080000000, 0x0000000100000000)
  region size 1024K, 7 young (7168K), 7 survivors (7168K)
 Metaspace       used 67869K, committed 68608K, reserved 491520K
  class space    used 9684K, committed 9984K, reserved 425984K
}
Event: 35.977 GC heap before
{Heap before GC invocations=33 (full 0):
 garbage-first heap   total 160768K, used 130888K [0x0000000080000000, 0x0000000100000000)
  region size 1024K, 50 young (51200K), 7 survivors (7168K)
 Metaspace       used 71009K, committed 71744K, reserved 491520K
  class space    used 10032K, committed 10368K, reserved 425984K
}
Event: 35.987 GC heap after
{Heap after GC invocations=34 (full 0):
 garbage-first heap   total 160768K, used 91256K [0x0000000080000000, 0x0000000100000000)
  region size 1024K, 5 young (5120K), 5 survivors (5120K)
 Metaspace       used 71009K, committed 71744K, reserved 491520K
  class space    used 10032K, committed 10368K, reserved 425984K
}
Event: 36.018 GC heap before
{Heap before GC invocations=34 (full 0):
 garbage-first heap   total 160768K, used 92280K [0x0000000080000000, 0x0000000100000000)
  region size 1024K, 7 young (7168K), 5 survivors (5120K)
 Metaspace       used 71165K, committed 71872K, reserved 491520K
  class space    used 10055K, committed 10368K, reserved 425984K
}
Event: 36.023 GC heap after
{Heap after GC invocations=35 (full 0):
 garbage-first heap   total 160768K, used 90420K [0x0000000080000000, 0x0000000100000000)
  region size 1024K, 1 young (1024K), 1 survivors (1024K)
 Metaspace       used 71165K, committed 71872K, reserved 491520K
  class space    used 10055K, committed 10368K, reserved 425984K
}
Event: 37.104 GC heap before
{Heap before GC invocations=35 (full 0):
 garbage-first heap   total 160768K, used 134452K [0x0000000080000000, 0x0000000100000000)
  region size 1024K, 40 young (40960K), 1 survivors (1024K)
 Metaspace       used 74875K, committed 75648K, reserved 491520K
  class space    used 10463K, committed 10816K, reserved 425984K
}
Event: 37.112 GC heap after
{Heap after GC invocations=36 (full 0):
 garbage-first heap   total 160768K, used 97851K [0x0000000080000000, 0x0000000100000000)
  region size 1024K, 5 young (5120K), 5 survivors (5120K)
 Metaspace       used 74875K, committed 75648K, reserved 491520K
  class space    used 10463K, committed 10816K, reserved 425984K
}
Event: 37.795 GC heap before
{Heap before GC invocations=36 (full 0):
 garbage-first heap   total 160768K, used 133691K [0x0000000080000000, 0x0000000100000000)
  region size 1024K, 38 young (38912K), 5 survivors (5120K)
 Metaspace       used 76810K, committed 77568K, reserved 557056K
  class space    used 10726K, committed 11072K, reserved 425984K
}
Event: 37.802 GC heap after
{Heap after GC invocations=37 (full 0):
 garbage-first heap   total 160768K, used 96267K [0x0000000080000000, 0x0000000100000000)
  region size 1024K, 3 young (3072K), 3 survivors (3072K)
 Metaspace       used 76810K, committed 77568K, reserved 557056K
  class space    used 10726K, committed 11072K, reserved 425984K
}
Event: 38.742 GC heap before
{Heap before GC invocations=37 (full 0):
 garbage-first heap   total 160768K, used 131083K [0x0000000080000000, 0x0000000100000000)
  region size 1024K, 37 young (37888K), 3 survivors (3072K)
 Metaspace       used 79252K, committed 80000K, reserved 557056K
  class space    used 11059K, committed 11392K, reserved 425984K
}
Event: 38.748 GC heap after
{Heap after GC invocations=38 (full 0):
 garbage-first heap   total 160768K, used 97279K [0x0000000080000000, 0x0000000100000000)
  region size 1024K, 4 young (4096K), 4 survivors (4096K)
 Metaspace       used 79252K, committed 80000K, reserved 557056K
  class space    used 11059K, committed 11392K, reserved 425984K
}
Event: 39.398 GC heap before
{Heap before GC invocations=38 (full 0):
 garbage-first heap   total 160768K, used 133119K [0x0000000080000000, 0x0000000100000000)
  region size 1024K, 39 young (39936K), 4 survivors (4096K)
 Metaspace       used 81902K, committed 82688K, reserved 557056K
  class space    used 11423K, committed 11776K, reserved 425984K
}
Event: 39.404 GC heap after
{Heap after GC invocations=39 (full 0):
 garbage-first heap   total 160768K, used 98682K [0x0000000080000000, 0x0000000100000000)
  region size 1024K, 3 young (3072K), 3 survivors (3072K)
 Metaspace       used 81902K, committed 82688K, reserved 557056K
  class space    used 11423K, committed 11776K, reserved 425984K
}
Event: 40.091 GC heap before
{Heap before GC invocations=39 (full 0):
 garbage-first heap   total 160768K, used 134522K [0x0000000080000000, 0x0000000100000000)
  region size 1024K, 38 young (38912K), 3 survivors (3072K)
 Metaspace       used 83268K, committed 84096K, reserved 557056K
  class space    used 11610K, committed 12032K, reserved 425984K
}
Event: 40.101 GC heap after
{Heap after GC invocations=40 (full 0):
 garbage-first heap   total 160768K, used 101586K [0x0000000080000000, 0x0000000100000000)
  region size 1024K, 5 young (5120K), 5 survivors (5120K)
 Metaspace       used 83268K, committed 84096K, reserved 557056K
  class space    used 11610K, committed 12032K, reserved 425984K
}
Event: 49.676 GC heap before
{Heap before GC invocations=40 (full 0):
 garbage-first heap   total 160768K, used 132306K [0x0000000080000000, 0x0000000100000000)
  region size 1024K, 36 young (36864K), 5 survivors (5120K)
 Metaspace       used 83917K, committed 84736K, reserved 557056K
  class space    used 11688K, committed 12096K, reserved 425984K
}
Event: 49.690 GC heap after
{Heap after GC invocations=41 (full 0):
 garbage-first heap   total 321536K, used 104237K [0x0000000080000000, 0x0000000100000000)
  region size 1024K, 3 young (3072K), 3 survivors (3072K)
 Metaspace       used 83917K, committed 84736K, reserved 557056K
  class space    used 11688K, committed 12096K, reserved 425984K
}
Event: 53.546 GC heap before
{Heap before GC invocations=41 (full 0):
 garbage-first heap   total 321536K, used 262957K [0x0000000080000000, 0x0000000100000000)
  region size 1024K, 157 young (160768K), 3 survivors (3072K)
 Metaspace       used 93242K, committed 94144K, reserved 557056K
  class space    used 13134K, committed 13568K, reserved 425984K
}
Event: 53.579 GC heap after
{Heap after GC invocations=42 (full 0):
 garbage-first heap   total 321536K, used 111960K [0x0000000080000000, 0x0000000100000000)
  region size 1024K, 11 young (11264K), 11 survivors (11264K)
 Metaspace       used 93242K, committed 94144K, reserved 557056K
  class space    used 13134K, committed 13568K, reserved 425984K
}

Dll operation events (15 events):
Event: 0.028 Loaded shared library C:\Program Files\Microsoft\jdk-17.0.10.7-hotspot\bin\java.dll
Event: 0.061 Loaded shared library C:\Program Files\Microsoft\jdk-17.0.10.7-hotspot\bin\jsvml.dll
Event: 0.260 Loaded shared library C:\Program Files\Microsoft\jdk-17.0.10.7-hotspot\bin\zip.dll
Event: 0.266 Loaded shared library C:\Program Files\Microsoft\jdk-17.0.10.7-hotspot\bin\instrument.dll
Event: 0.277 Loaded shared library C:\Program Files\Microsoft\jdk-17.0.10.7-hotspot\bin\net.dll
Event: 0.283 Loaded shared library C:\Program Files\Microsoft\jdk-17.0.10.7-hotspot\bin\nio.dll
Event: 0.302 Loaded shared library C:\Program Files\Microsoft\jdk-17.0.10.7-hotspot\bin\zip.dll
Event: 1.196 Loaded shared library C:\Program Files\Microsoft\jdk-17.0.10.7-hotspot\bin\jimage.dll
Event: 1.510 Loaded shared library C:\Program Files\Microsoft\jdk-17.0.10.7-hotspot\bin\verify.dll
Event: 2.105 Loaded shared library C:\Users\dell\.gradle\native\c067742578af261105cb4f569cf0c3c89f3d7b1fecec35dd04571415982c5e48\windows-amd64\native-platform.dll
Event: 2.136 Loaded shared library C:\Users\dell\.gradle\native\38dada09dfb8b06ba9b0570ebf7e218e3eb74d4ef43ca46872605cf95ebc2f47\windows-amd64\native-platform-file-events.dll
Event: 4.280 Loaded shared library C:\Program Files\Microsoft\jdk-17.0.10.7-hotspot\bin\management.dll
Event: 4.284 Loaded shared library C:\Program Files\Microsoft\jdk-17.0.10.7-hotspot\bin\management_ext.dll
Event: 4.694 Loaded shared library C:\Program Files\Microsoft\jdk-17.0.10.7-hotspot\bin\extnet.dll
Event: 5.120 Loaded shared library C:\Program Files\Microsoft\jdk-17.0.10.7-hotspot\bin\sunmscapi.dll

Deoptimization events (20 events):
Event: 55.927 Thread 0x0000023cd3349d10 DEOPT PACKING pc=0x0000023ca3b2c410 sp=0x000000f105cf8000
Event: 55.927 Thread 0x0000023cd3349d10 DEOPT UNPACKING pc=0x0000023ca35569a3 sp=0x000000f105cf7ea0 mode 2
Event: 55.947 Thread 0x0000023cd3349d10 Uncommon trap: trap_request=0xffffff45 fr.pc=0x0000023ca3d7d67c relative=0x0000000000000b1c
Event: 55.947 Thread 0x0000023cd3349d10 Uncommon trap: reason=unstable_if action=reinterpret pc=0x0000023ca3d7d67c method=java.util.jar.JarFile.match([B[B[B[B)I @ 52 c2
Event: 55.947 Thread 0x0000023cd3349d10 DEOPT PACKING pc=0x0000023ca3d7d67c sp=0x000000f105cf7f90
Event: 55.947 Thread 0x0000023cd3349d10 DEOPT UNPACKING pc=0x0000023ca35569a3 sp=0x000000f105cf7e90 mode 2
Event: 55.987 Thread 0x0000023cd3349d10 Uncommon trap: trap_request=0xffffffde fr.pc=0x0000023ca3bc1fdc relative=0x000000000000005c
Event: 55.987 Thread 0x0000023cd3349d10 Uncommon trap: reason=class_check action=maybe_recompile pc=0x0000023ca3bc1fdc method=groovy.lang.MetaMethod.isStatic()Z @ 1 c2
Event: 55.987 Thread 0x0000023cd3349d10 DEOPT PACKING pc=0x0000023ca3bc1fdc sp=0x000000f105cf9630
Event: 55.987 Thread 0x0000023cd3349d10 DEOPT UNPACKING pc=0x0000023ca35569a3 sp=0x000000f105cf95b8 mode 2
Event: 55.987 Thread 0x0000023cd3349d10 Uncommon trap: trap_request=0xffffffde fr.pc=0x0000023ca3bc1fdc relative=0x000000000000005c
Event: 55.987 Thread 0x0000023cd3349d10 Uncommon trap: reason=class_check action=maybe_recompile pc=0x0000023ca3bc1fdc method=groovy.lang.MetaMethod.isStatic()Z @ 1 c2
Event: 55.987 Thread 0x0000023cd3349d10 DEOPT PACKING pc=0x0000023ca3bc1fdc sp=0x000000f105cf9630
Event: 55.987 Thread 0x0000023cd3349d10 DEOPT UNPACKING pc=0x0000023ca35569a3 sp=0x000000f105cf95b8 mode 2
Event: 56.611 Thread 0x0000023cd3349d10 DEOPT PACKING pc=0x0000023c9c09e6b4 sp=0x000000f105cf4340
Event: 56.611 Thread 0x0000023cd3349d10 DEOPT UNPACKING pc=0x0000023ca3557143 sp=0x000000f105cf37b0 mode 0
Event: 56.890 Thread 0x0000023cd3349d10 Uncommon trap: trap_request=0xffffff76 fr.pc=0x0000023ca40d485c relative=0x000000000000039c
Event: 56.890 Thread 0x0000023cd3349d10 Uncommon trap: reason=predicate action=maybe_recompile pc=0x0000023ca40d485c method=java.util.AbstractCollection.toArray([Ljava/lang/Object;)[Ljava/lang/Object; @ 43 c2
Event: 56.890 Thread 0x0000023cd3349d10 DEOPT PACKING pc=0x0000023ca40d485c sp=0x000000f105cf5790
Event: 56.890 Thread 0x0000023cd3349d10 DEOPT UNPACKING pc=0x0000023ca35569a3 sp=0x000000f105cf5738 mode 2

Classes unloaded (0 events):
No events

Classes redefined (0 events):
No events

Internal exceptions (20 events):
Event: 56.000 Thread 0x0000023cd3349d10 Exception <a 'java/lang/ClassNotFoundException'{0x000000008f40fd08}: com/android/VersionBeanInfo> (0x000000008f40fd08) 
thrown [s\src\hotspot\share\classfile\systemDictionary.cpp, line 256]
Event: 56.001 Thread 0x0000023cd3349d10 Exception <a 'java/lang/ClassNotFoundException'{0x000000008f41b070}: com/android/VersionCustomizer> (0x000000008f41b070) 
thrown [s\src\hotspot\share\classfile\systemDictionary.cpp, line 256]
Event: 56.009 Thread 0x0000023cd3349d10 Exception <a 'java/lang/ClassNotFoundException'{0x000000008f451a30}: build_cwo1pemdmu3ccgcresmawfg$_run_closure2BeanInfo> (0x000000008f451a30) 
thrown [s\src\hotspot\share\classfile\systemDictionary.cpp, line 256]
Event: 56.010 Thread 0x0000023cd3349d10 Exception <a 'java/lang/ClassNotFoundException'{0x000000008f45cf00}: build_cwo1pemdmu3ccgcresmawfg$_run_closure2Customizer> (0x000000008f45cf00) 
thrown [s\src\hotspot\share\classfile\systemDictionary.cpp, line 256]
Event: 56.113 Thread 0x0000023cd3349d10 Exception <a 'java/lang/ClassNotFoundException'{0x000000008f19ea38}: build_4xlfelqgj816fskmfbw7umrt0BeanInfo> (0x000000008f19ea38) 
thrown [s\src\hotspot\share\classfile\systemDictionary.cpp, line 256]
Event: 56.114 Thread 0x0000023cd3349d10 Exception <a 'java/lang/ClassNotFoundException'{0x000000008f1a5398}: build_4xlfelqgj816fskmfbw7umrt0Customizer> (0x000000008f1a5398) 
thrown [s\src\hotspot\share\classfile\systemDictionary.cpp, line 256]
Event: 56.475 Thread 0x0000023cd3349d10 Exception <a 'java/lang/ClassNotFoundException'{0x000000008e3c5950}: build_4xlfelqgj816fskmfbw7umrt0BeanInfo> (0x000000008e3c5950) 
thrown [s\src\hotspot\share\classfile\systemDictionary.cpp, line 256]
Event: 56.476 Thread 0x0000023cd3349d10 Exception <a 'java/lang/ClassNotFoundException'{0x000000008e3cc250}: build_4xlfelqgj816fskmfbw7umrt0Customizer> (0x000000008e3cc250) 
thrown [s\src\hotspot\share\classfile\systemDictionary.cpp, line 256]
Event: 56.698 Thread 0x0000023cd3349d10 Exception <a 'java/lang/ClassNotFoundException'{0x000000008dd6c090}: build_4xlfelqgj816fskmfbw7umrt0$_run_closure1BeanInfo> (0x000000008dd6c090) 
thrown [s\src\hotspot\share\classfile\systemDictionary.cpp, line 256]
Event: 56.698 Thread 0x0000023cd3349d10 Exception <a 'java/lang/ClassNotFoundException'{0x000000008dd775b8}: build_4xlfelqgj816fskmfbw7umrt0$_run_closure1Customizer> (0x000000008dd775b8) 
thrown [s\src\hotspot\share\classfile\systemDictionary.cpp, line 256]
Event: 56.793 Thread 0x0000023cd3349d10 Exception <a 'java/lang/ClassNotFoundException'{0x000000008dad7668}: build_7ciklpa1sc4o80dk3sw3211fbBeanInfo> (0x000000008dad7668) 
thrown [s\src\hotspot\share\classfile\systemDictionary.cpp, line 256]
Event: 56.794 Thread 0x0000023cd3349d10 Exception <a 'java/lang/ClassNotFoundException'{0x000000008daddfc8}: build_7ciklpa1sc4o80dk3sw3211fbCustomizer> (0x000000008daddfc8) 
thrown [s\src\hotspot\share\classfile\systemDictionary.cpp, line 256]
Event: 56.816 Thread 0x0000023cd3349d10 Exception <a 'java/lang/ClassNotFoundException'{0x000000008d97edc0}: build_7ciklpa1sc4o80dk3sw3211fbBeanInfo> (0x000000008d97edc0) 
thrown [s\src\hotspot\share\classfile\systemDictionary.cpp, line 256]
Event: 56.817 Thread 0x0000023cd3349d10 Exception <a 'java/lang/ClassNotFoundException'{0x000000008d9b15c8}: build_7ciklpa1sc4o80dk3sw3211fbCustomizer> (0x000000008d9b15c8) 
thrown [s\src\hotspot\share\classfile\systemDictionary.cpp, line 256]
Event: 56.888 Thread 0x0000023cd3349d10 Exception <a 'java/lang/ClassNotFoundException'{0x000000008d761d60}: build_7ciklpa1sc4o80dk3sw3211fb$_run_closure1BeanInfo> (0x000000008d761d60) 
thrown [s\src\hotspot\share\classfile\systemDictionary.cpp, line 256]
Event: 56.890 Thread 0x0000023cd3349d10 Exception <a 'java/lang/ClassNotFoundException'{0x000000008d76b9a8}: build_7ciklpa1sc4o80dk3sw3211fb$_run_closure1Customizer> (0x000000008d76b9a8) 
thrown [s\src\hotspot\share\classfile\systemDictionary.cpp, line 256]
Event: 56.893 Thread 0x0000023cd3349d10 Exception <a 'java/lang/ClassNotFoundException'{0x000000008d78ebd0}: java/lang/BooleanBeanInfo> (0x000000008d78ebd0) 
thrown [s\src\hotspot\share\classfile\systemDictionary.cpp, line 256]
Event: 56.894 Thread 0x0000023cd3349d10 Exception <a 'java/lang/ClassNotFoundException'{0x000000008d7970c8}: java/lang/BooleanCustomizer> (0x000000008d7970c8) 
thrown [s\src\hotspot\share\classfile\systemDictionary.cpp, line 256]
Event: 57.039 Thread 0x0000023cd3349d10 Exception <a 'java/lang/ClassNotFoundException'{0x000000008d378208}: build_4ozwullfv6naqso11wewyt8q6BeanInfo> (0x000000008d378208) 
thrown [s\src\hotspot\share\classfile\systemDictionary.cpp, line 256]
Event: 57.040 Thread 0x0000023cd3349d10 Exception <a 'java/lang/ClassNotFoundException'{0x000000008d37eb68}: build_4ozwullfv6naqso11wewyt8q6Customizer> (0x000000008d37eb68) 
thrown [s\src\hotspot\share\classfile\systemDictionary.cpp, line 256]

VM Operations (20 events):
Event: 53.546 Executing VM operation: G1CollectForAllocation
Event: 53.580 Executing VM operation: G1CollectForAllocation done
Event: 54.179 Executing VM operation: HandshakeAllThreads
Event: 54.179 Executing VM operation: HandshakeAllThreads done
Event: 54.619 Executing VM operation: HandshakeAllThreads
Event: 54.620 Executing VM operation: HandshakeAllThreads done
Event: 54.620 Executing VM operation: Cleanup
Event: 54.620 Executing VM operation: Cleanup done
Event: 55.306 Executing VM operation: ICBufferFull
Event: 55.306 Executing VM operation: ICBufferFull done
Event: 55.755 Executing VM operation: ICBufferFull
Event: 55.755 Executing VM operation: ICBufferFull done
Event: 55.972 Executing VM operation: HandshakeAllThreads
Event: 55.972 Executing VM operation: HandshakeAllThreads done
Event: 55.972 Executing VM operation: HandshakeAllThreads
Event: 55.972 Executing VM operation: HandshakeAllThreads done
Event: 55.974 Executing VM operation: HandshakeAllThreads
Event: 55.975 Executing VM operation: HandshakeAllThreads done
Event: 56.237 Executing VM operation: ICBufferFull
Event: 56.238 Executing VM operation: ICBufferFull done

Events (20 events):
Event: 55.992 Thread 0x0000023cb2952810 flushing nmethod 0x0000023c9cb57a90
Event: 55.996 Thread 0x0000023cb2952810 flushing nmethod 0x0000023c9ced5710
Event: 55.996 Thread 0x0000023cb2952810 flushing nmethod 0x0000023c9cee3290
Event: 55.996 Thread 0x0000023cb2952810 flushing nmethod 0x0000023c9cf05310
Event: 55.996 Thread 0x0000023cb2952810 flushing nmethod 0x0000023c9cf0dd10
Event: 55.996 Thread 0x0000023cb2952810 flushing nmethod 0x0000023c9cf0f410
Event: 56.025 Thread 0x0000023cd513f040 Thread added: 0x0000023cd513f040
Event: 56.255 Thread 0x0000023cd6d75810 Thread added: 0x0000023cd6d75810
Event: 56.256 Thread 0x0000023cd6d748e0 Thread added: 0x0000023cd6d748e0
Event: 56.256 Thread 0x0000023cd6d77b80 Thread added: 0x0000023cd6d77b80
Event: 56.893 loading class java/lang/BooleanBeanInfo
Event: 56.893 loading class java/lang/BooleanBeanInfo done
Event: 56.893 loading class java/lang/BooleanBeanInfo
Event: 56.893 loading class java/lang/BooleanBeanInfo done
Event: 56.894 loading class java/lang/BooleanCustomizer
Event: 56.894 loading class java/lang/BooleanCustomizer done
Event: 56.894 loading class java/lang/BooleanCustomizer
Event: 56.894 loading class java/lang/BooleanCustomizer done
Event: 56.894 loading class jdk/internal/ValueBased
Event: 56.894 loading class jdk/internal/ValueBased done


Dynamic libraries:
0x00007ff6af2d0000 - 0x00007ff6af2de000 	C:\Program Files\Microsoft\jdk-17.0.10.7-hotspot\bin\java.exe
0x00007ffd7b030000 - 0x00007ffd7b228000 	C:\WINDOWS\SYSTEM32\ntdll.dll
0x00007ffd79570000 - 0x00007ffd7962d000 	C:\WINDOWS\System32\KERNEL32.DLL
0x00007ffd78870000 - 0x00007ffd78b66000 	C:\WINDOWS\System32\KERNELBASE.dll
0x00007ffd786e0000 - 0x00007ffd787e0000 	C:\WINDOWS\System32\ucrtbase.dll
0x00007ffd71530000 - 0x00007ffd71547000 	C:\Program Files\Microsoft\jdk-17.0.10.7-hotspot\bin\jli.dll
0x00007ffd7a170000 - 0x00007ffd7a30f000 	C:\WINDOWS\System32\USER32.dll
0x00007ffd78be0000 - 0x00007ffd78c02000 	C:\WINDOWS\System32\win32u.dll
0x00007ffd7a520000 - 0x00007ffd7a54b000 	C:\WINDOWS\System32\GDI32.dll
0x00007ffd70fa0000 - 0x00007ffd70fbb000 	C:\Program Files\Microsoft\jdk-17.0.10.7-hotspot\bin\VCRUNTIME140.dll
0x00007ffd78dc0000 - 0x00007ffd78ed7000 	C:\WINDOWS\System32\gdi32full.dll
0x00007ffd6a5d0000 - 0x00007ffd6a86a000 	C:\WINDOWS\WinSxS\amd64_microsoft.windows.common-controls_6595b64144ccf1df_6.0.19041.4355_none_60b8b9eb71f62e16\COMCTL32.dll
0x00007ffd78fc0000 - 0x00007ffd7905d000 	C:\WINDOWS\System32\msvcp_win.dll
0x00007ffd7ae70000 - 0x00007ffd7af0e000 	C:\WINDOWS\System32\msvcrt.dll
0x00007ffd798d0000 - 0x00007ffd79902000 	C:\WINDOWS\System32\IMM32.DLL
0x00007ffd72f10000 - 0x00007ffd72f1c000 	C:\Program Files\Microsoft\jdk-17.0.10.7-hotspot\bin\vcruntime140_1.dll
0x00007ffd57d70000 - 0x00007ffd57dfd000 	C:\Program Files\Microsoft\jdk-17.0.10.7-hotspot\bin\msvcp140.dll
0x00007ffd14130000 - 0x00007ffd14d95000 	C:\Program Files\Microsoft\jdk-17.0.10.7-hotspot\bin\server\jvm.dll
0x00007ffd7a550000 - 0x00007ffd7a600000 	C:\WINDOWS\System32\ADVAPI32.dll
0x00007ffd7add0000 - 0x00007ffd7ae70000 	C:\WINDOWS\System32\sechost.dll
0x00007ffd796e0000 - 0x00007ffd79803000 	C:\WINDOWS\System32\RPCRT4.dll
0x00007ffd78ee0000 - 0x00007ffd78f07000 	C:\WINDOWS\System32\bcrypt.dll
0x00007ffd77c60000 - 0x00007ffd77cab000 	C:\WINDOWS\SYSTEM32\POWRPROF.dll
0x00007ffd63fe0000 - 0x00007ffd63fe9000 	C:\WINDOWS\SYSTEM32\WSOCK32.dll
0x00007ffd7a080000 - 0x00007ffd7a0eb000 	C:\WINDOWS\System32\WS2_32.dll
0x00007ffd6da30000 - 0x00007ffd6da57000 	C:\WINDOWS\SYSTEM32\WINMM.dll
0x00007ffd76010000 - 0x00007ffd7601a000 	C:\WINDOWS\SYSTEM32\VERSION.dll
0x00007ffd77ad0000 - 0x00007ffd77ae2000 	C:\WINDOWS\SYSTEM32\UMPDC.dll
0x00007ffd76560000 - 0x00007ffd76572000 	C:\WINDOWS\SYSTEM32\kernel.appcore.dll
0x00007ffd73f00000 - 0x00007ffd73f0a000 	C:\Program Files\Microsoft\jdk-17.0.10.7-hotspot\bin\jimage.dll
0x00007ffd65e30000 - 0x00007ffd66014000 	C:\WINDOWS\SYSTEM32\DBGHELP.DLL
0x00007ffd65410000 - 0x00007ffd65444000 	C:\WINDOWS\SYSTEM32\dbgcore.DLL
0x00007ffd787e0000 - 0x00007ffd78862000 	C:\WINDOWS\System32\bcryptPrimitives.dll
0x00007ffd74130000 - 0x00007ffd7413e000 	C:\Program Files\Microsoft\jdk-17.0.10.7-hotspot\bin\instrument.dll
0x00007ffd58b90000 - 0x00007ffd58bb5000 	C:\Program Files\Microsoft\jdk-17.0.10.7-hotspot\bin\java.dll
0x00007ffd57f20000 - 0x00007ffd57ff7000 	C:\Program Files\Microsoft\jdk-17.0.10.7-hotspot\bin\jsvml.dll
0x00007ffd79910000 - 0x00007ffd7a07b000 	C:\WINDOWS\System32\SHELL32.dll
0x00007ffd76760000 - 0x00007ffd76efd000 	C:\WINDOWS\SYSTEM32\windows.storage.dll
0x00007ffd79060000 - 0x00007ffd793b3000 	C:\WINDOWS\System32\combase.dll
0x00007ffd78100000 - 0x00007ffd7812e000 	C:\WINDOWS\SYSTEM32\Wldp.dll
0x00007ffd79420000 - 0x00007ffd794ed000 	C:\WINDOWS\System32\OLEAUT32.dll
0x00007ffd7ad20000 - 0x00007ffd7adcd000 	C:\WINDOWS\System32\SHCORE.dll
0x00007ffd7a110000 - 0x00007ffd7a165000 	C:\WINDOWS\System32\shlwapi.dll
0x00007ffd78610000 - 0x00007ffd78634000 	C:\WINDOWS\SYSTEM32\profapi.dll
0x00007ffd57e80000 - 0x00007ffd57e98000 	C:\Program Files\Microsoft\jdk-17.0.10.7-hotspot\bin\zip.dll
0x00007ffd57ec0000 - 0x00007ffd57ed9000 	C:\Program Files\Microsoft\jdk-17.0.10.7-hotspot\bin\net.dll
0x00007ffd6f5d0000 - 0x00007ffd6f6da000 	C:\WINDOWS\SYSTEM32\WINHTTP.dll
0x00007ffd77e60000 - 0x00007ffd77eca000 	C:\WINDOWS\system32\mswsock.dll
0x00007ffd57ea0000 - 0x00007ffd57eb6000 	C:\Program Files\Microsoft\jdk-17.0.10.7-hotspot\bin\nio.dll
0x00007ffd72830000 - 0x00007ffd72840000 	C:\Program Files\Microsoft\jdk-17.0.10.7-hotspot\bin\verify.dll
0x00007ffd74140000 - 0x00007ffd74167000 	C:\Users\dell\.gradle\native\c067742578af261105cb4f569cf0c3c89f3d7b1fecec35dd04571415982c5e48\windows-amd64\native-platform.dll
0x00007ffd57690000 - 0x00007ffd577d4000 	C:\Users\dell\.gradle\native\38dada09dfb8b06ba9b0570ebf7e218e3eb74d4ef43ca46872605cf95ebc2f47\windows-amd64\native-platform-file-events.dll
0x00007ffd577e0000 - 0x00007ffd577e9000 	C:\Program Files\Microsoft\jdk-17.0.10.7-hotspot\bin\management.dll
0x00007ffd52c00000 - 0x00007ffd52c0b000 	C:\Program Files\Microsoft\jdk-17.0.10.7-hotspot\bin\management_ext.dll
0x00007ffd7a0f0000 - 0x00007ffd7a0f8000 	C:\WINDOWS\System32\PSAPI.DLL
0x00007ffd78050000 - 0x00007ffd78068000 	C:\WINDOWS\SYSTEM32\CRYPTSP.dll
0x00007ffd77710000 - 0x00007ffd77744000 	C:\WINDOWS\system32\rsaenh.dll
0x00007ffd78580000 - 0x00007ffd785ae000 	C:\WINDOWS\SYSTEM32\USERENV.dll
0x00007ffd78070000 - 0x00007ffd7807c000 	C:\WINDOWS\SYSTEM32\CRYPTBASE.dll
0x00007ffd77af0000 - 0x00007ffd77b2b000 	C:\WINDOWS\SYSTEM32\IPHLPAPI.DLL
0x00007ffd798c0000 - 0x00007ffd798c8000 	C:\WINDOWS\System32\NSI.dll
0x00007ffd6ff30000 - 0x00007ffd6ff47000 	C:\WINDOWS\SYSTEM32\dhcpcsvc6.DLL
0x00007ffd70d90000 - 0x00007ffd70dad000 	C:\WINDOWS\SYSTEM32\dhcpcsvc.DLL
0x00007ffd77b40000 - 0x00007ffd77c0b000 	C:\WINDOWS\SYSTEM32\DNSAPI.dll
0x00007ffd4c470000 - 0x00007ffd4c479000 	C:\Program Files\Microsoft\jdk-17.0.10.7-hotspot\bin\extnet.dll
0x00007ffd529a0000 - 0x00007ffd529ae000 	C:\Program Files\Microsoft\jdk-17.0.10.7-hotspot\bin\sunmscapi.dll
0x00007ffd78c60000 - 0x00007ffd78dbe000 	C:\WINDOWS\System32\CRYPT32.dll
0x00007ffd78170000 - 0x00007ffd78199000 	C:\WINDOWS\SYSTEM32\ncrypt.dll
0x00007ffd78130000 - 0x00007ffd7816b000 	C:\WINDOWS\SYSTEM32\NTASN1.dll
0x00007ffd61210000 - 0x00007ffd61217000 	C:\WINDOWS\system32\wshunix.dll
0x00007ffd626f0000 - 0x00007ffd62707000 	C:\WINDOWS\system32\napinsp.dll
0x00007ffd626d0000 - 0x00007ffd626eb000 	C:\WINDOWS\system32\pnrpnsp.dll
0x00007ffd73620000 - 0x00007ffd73635000 	C:\WINDOWS\system32\wshbth.dll
0x00007ffd73f40000 - 0x00007ffd73f5d000 	C:\WINDOWS\system32\NLAapi.dll
0x00007ffd626b0000 - 0x00007ffd626c2000 	C:\WINDOWS\System32\winrnr.dll
0x00007ffd68b50000 - 0x00007ffd68b5a000 	C:\Windows\System32\rasadhlp.dll
0x00007ffd69300000 - 0x00007ffd69380000 	C:\WINDOWS\System32\fwpuclnt.dll

dbghelp: loaded successfully - version: 4.0.5 - missing functions: none
symbol engine: initialized successfully - sym options: 0x614 - pdb path: .;C:\Program Files\Microsoft\jdk-17.0.10.7-hotspot\bin;C:\WINDOWS\SYSTEM32;C:\WINDOWS\WinSxS\amd64_microsoft.windows.common-controls_6595b64144ccf1df_6.0.19041.4355_none_60b8b9eb71f62e16;C:\Program Files\Microsoft\jdk-17.0.10.7-hotspot\bin\server;C:\Users\dell\.gradle\native\c067742578af261105cb4f569cf0c3c89f3d7b1fecec35dd04571415982c5e48\windows-amd64;C:\Users\dell\.gradle\native\38dada09dfb8b06ba9b0570ebf7e218e3eb74d4ef43ca46872605cf95ebc2f47\windows-amd64

VM Arguments:
jvm_args: -XX:MaxMetaspaceSize=512m --add-opens=java.base/java.util=ALL-UNNAMED --add-opens=java.base/java.lang=ALL-UNNAMED --add-opens=java.base/java.lang.invoke=ALL-UNNAMED --add-opens=java.prefs/java.util.prefs=ALL-UNNAMED --add-opens=java.base/java.nio.charset=ALL-UNNAMED --add-opens=java.base/java.net=ALL-UNNAMED --add-opens=java.base/java.util.concurrent.atomic=ALL-UNNAMED -Xmx2048m -Dfile.encoding=windows-1252 -Duser.country=IN -Duser.language=en -Duser.variant -javaagent:C:\Users\dell\.gradle\wrapper\dists\gradle-8.6-all\3mbtmo166bl6vumsh5k2lkq5h\gradle-8.6\lib\agents\gradle-instrumentation-agent-8.6.jar 
java_command: org.gradle.launcher.daemon.bootstrap.GradleDaemon 8.6
java_class_path (initial): C:\Users\dell\.gradle\wrapper\dists\gradle-8.6-all\3mbtmo166bl6vumsh5k2lkq5h\gradle-8.6\lib\gradle-launcher-8.6.jar
Launcher Type: SUN_STANDARD

[Global flags]
     intx CICompilerCount                          = 3                                         {product} {ergonomic}
   size_t CompressedClassSpaceSize                 = 436207616                                 {product} {ergonomic}
     uint ConcGCThreads                            = 1                                         {product} {ergonomic}
     uint G1ConcRefinementThreads                  = 4                                         {product} {ergonomic}
   size_t G1HeapRegionSize                         = 1048576                                   {product} {ergonomic}
    uintx GCDrainStackTargetSize                   = 64                                        {product} {ergonomic}
   size_t InitialHeapSize                          = 134217728                                 {product} {ergonomic}
   size_t MarkStackSize                            = 4194304                                   {product} {ergonomic}
   size_t MaxHeapSize                              = 2147483648                                {product} {command line}
   size_t MaxMetaspaceSize                         = 536870912                                 {product} {command line}
   size_t MaxNewSize                               = 1287651328                                {product} {ergonomic}
   size_t MinHeapDeltaBytes                        = 1048576                                   {product} {ergonomic}
   size_t MinHeapSize                              = 8388608                                   {product} {ergonomic}
    uintx NonNMethodCodeHeapSize                   = 5832780                                {pd product} {ergonomic}
    uintx NonProfiledCodeHeapSize                  = 122912730                              {pd product} {ergonomic}
    uintx ProfiledCodeHeapSize                     = 122912730                              {pd product} {ergonomic}
    uintx ReservedCodeCacheSize                    = 251658240                              {pd product} {ergonomic}
     bool SegmentedCodeCache                       = true                                      {product} {ergonomic}
   size_t SoftMaxHeapSize                          = 2147483648                             {manageable} {ergonomic}
     bool UseCompressedClassPointers               = true                           {product lp64_product} {ergonomic}
     bool UseCompressedOops                        = true                           {product lp64_product} {ergonomic}
     bool UseG1GC                                  = true                                      {product} {ergonomic}
     bool UseLargePagesIndividualAllocation        = false                                  {pd product} {ergonomic}

Logging:
Log output configuration:
 #0: stdout all=warning uptime,level,tags
 #1: stderr all=off uptime,level,tags

Environment Variables:
JAVA_HOME=C:\Program Files\Microsoft\jdk-17.0.10.7-hotspot\
CLASSPATH=E:\Project\Bharat Taxi\BharatTaxi\android\\gradle\wrapper\gradle-wrapper.jar
PATH=E:\Project\Bharat Taxi\BharatTaxi\node_modules\.bin;E:\Project\Bharat Taxi\BharatTaxi\node_modules\.bin;E:\Project\Bharat Taxi\node_modules\.bin;E:\Project\node_modules\.bin;E:\node_modules\.bin;C:\Program Files\nodejs\node_modules\npm\node_modules\@npmcli\run-script\lib\node-gyp-bin;C:\Program Files\Microsoft\jdk-17.0.10.7-hotspot\bin;C:\Program Files (x86)\Common Files\Oracle\Java\javapath;E:\oracle\product\10.2.0\db_1\bin;C:\WINDOWS\system32;C:\WINDOWS;C:\WINDOWS\System32\Wbem;C:\WINDOWS\System32\WindowsPowerShell\v1.0\;C:\WINDOWS\System32\OpenSSH\;C:\Program Files\Java\jdk-1.8\bin;C:\ProgramData\chocolatey\bin;C:\Program Files\nodejs\;C:\Program Files\Git\cmd;C:\Program Files\dotnet\;C:\Users\dell\AppData\Local\Android\Sdk\tools;C:\Program Files\MySQL\MySQL Shell 8.0\bin\;C:\Users\dell\AppData\Local\Programs\Python\Python310\Scripts\;C:\Users\dell\AppData\Local\Programs\Python\Python310\;C:\Users\dell\AppData\Local\Microsoft\WindowsApps;C:\Users\dell\AppData\Local\Programs\Microsoft VS Code\bin;C:\Users\dell\AppData\Roaming\npm;C:\Users\dell\AppData\Local\Android\Sdk\platform-tools;C:\Program Files\Git\bin;C:\Users\dell\AppData\Local\GitHubDesktop\bin
USERNAME=dell
LANG=en_US.UTF-8
OS=Windows_NT
PROCESSOR_IDENTIFIER=Intel64 Family 6 Model 42 Stepping 7, GenuineIntel
TMP=C:\Users\dell\AppData\Local\Temp
TEMP=C:\Users\dell\AppData\Local\Temp



Periodic native trim disabled


---------------  S Y S T E M  ---------------

OS:
 Windows 10 , 64 bit Build 19041 (10.0.19041.3636)
OS uptime: 0 days 0:30 hours

CPU: total 4 (initial active 4) (2 cores per cpu, 2 threads per core) family 6 model 42 stepping 7 microcode 0x2f, cx8, cmov, fxsr, ht, mmx, sse, sse2, sse3, ssse3, sse4.1, sse4.2, popcnt, tsc, tscinvbit, avx, aes, clmul, vzeroupper, clflush
Processor Information for all 4 processors :
  Max Mhz: 2401, Current Mhz: 2401, Mhz Limit: 2401

Memory: 4k page, system-wide physical 8099M (425M free)
TotalPageFile size 10147M (AvailPageFile size 2M)
current process WorkingSet (physical memory assigned to process): 487M, peak: 546M
current process commit charge ("private bytes"): 630M, peak: 635M

vm_info: OpenJDK 64-Bit Server VM (17.0.10+7-LTS) for windows-amd64 JRE (17.0.10+7-LTS), built on Jan 10 2024 19:47:12 by "MicrosoftCorporation" with MS VC++ 16.10 / 16.11 (VS2019)

END.
