#
# There is insufficient memory for the Java Runtime Environment to continue.
# Native memory allocation (malloc) failed to allocate 32744 bytes for ChunkPool::allocate
# Possible reasons:
#   The system is out of physical RAM or swap space
#   The process is running with CompressedOops enabled, and the Java Heap may be blocking the growth of the native heap
# Possible solutions:
#   Reduce memory load on the system
#   Increase physical memory or swap space
#   Check if swap backing store is full
#   Decrease Java heap size (-Xmx/-Xms)
#   Decrease number of Java threads
#   Decrease Java thread stack sizes (-Xss)
#   Set larger code cache with -XX:ReservedCodeCacheSize=
#   JVM is running with Unscaled Compressed Oops mode in which the Java heap is
#     placed in the first 4GB address space. The Java Heap base address is the
#     maximum limit for the native heap growth. Please use -XX:HeapBaseMinAddress
#     to set the Java Heap base and to place the Java Heap above 4GB virtual address.
# This output file may be truncated or incomplete.
#
#  Out of Memory Error (arena.cpp:79), pid=15112, tid=14384
#
# JRE version: OpenJDK Runtime Environment Microsoft-8902769 (17.0.10+7) (build 17.0.10+7-LTS)
# Java VM: OpenJDK 64-Bit Server VM Microsoft-8902769 (17.0.10+7-LTS, mixed mode, sharing, tiered, compressed oops, compressed class ptrs, g1 gc, windows-amd64)
# No core dump will be written. Minidumps are not enabled by default on client versions of Windows
#

---------------  S U M M A R Y ------------

Command Line: -Xmx64m -Xms64m -Dorg.gradle.appname=gradlew org.gradle.wrapper.GradleWrapperMain app:installDebug -PreactNativeDevServerPort=8081

Host: Intel(R) Core(TM) i5-2430M CPU @ 2.40GHz, 4 cores, 7G,  Windows 10 , 64 bit Build 19041 (10.0.19041.3636)
Time: Wed May  8 15:16:49 2024 India Standard Time elapsed time: 55.593916 seconds (0d 0h 0m 55s)

---------------  T H R E A D  ---------------

Current thread (0x000001d9b8ecc5e0):  JavaThread "C1 CompilerThread0" daemon [_thread_in_native, id=14384, stack(0x0000006d12700000,0x0000006d12800000)]


Current CompileTask:
C1:  55594 1792       3       java.net.URLStreamHandler::parseURL (1201 bytes)

Stack: [0x0000006d12700000,0x0000006d12800000]
Native frames: (J=compiled Java code, j=interpreted, Vv=VM code, C=native code)
V  [jvm.dll+0x67f829]
V  [jvm.dll+0x83750a]
V  [jvm.dll+0x838fce]
V  [jvm.dll+0x839633]
V  [jvm.dll+0x247cbf]
V  [jvm.dll+0xac721]
V  [jvm.dll+0xacb6c]
V  [jvm.dll+0x17fd16]
V  [jvm.dll+0x180250]
V  [jvm.dll+0x1800e0]
V  [jvm.dll+0x1785cf]
V  [jvm.dll+0x1775a6]
V  [jvm.dll+0x180d0b]
V  [jvm.dll+0x1787a8]
V  [jvm.dll+0x17becf]
V  [jvm.dll+0x136473]
V  [jvm.dll+0x135d7f]
V  [jvm.dll+0x135fb6]
V  [jvm.dll+0x13544a]
V  [jvm.dll+0x137101]
V  [jvm.dll+0x22957e]
V  [jvm.dll+0x22774c]
V  [jvm.dll+0x7ec5d7]
V  [jvm.dll+0x7e69da]
V  [jvm.dll+0x67e715]
C  [ucrtbase.dll+0x21bb2]
C  [KERNEL32.DLL+0x17344]
C  [ntdll.dll+0x526b1]


---------------  P R O C E S S  ---------------

Threads class SMR info:
_java_thread_list=0x000001da19b46a30, length=14, elements={
0x000001d9b8e11970, 0x000001d9b8ea51f0, 0x000001d9b8ea6810, 0x000001d9b8eb8980,
0x000001d9b8eba550, 0x000001d9b8ebe030, 0x000001d9b8ebe9f0, 0x000001d9b8ebf790,
0x000001d9b8ecc5e0, 0x000001d9b8ece6a0, 0x000001da19149de0, 0x000001da19150370,
0x000001da19d1a640, 0x000001da19c314b0
}

Java Threads: ( => current thread )
  0x000001d9b8e11970 JavaThread "main" [_thread_in_native, id=2932, stack(0x0000006d11900000,0x0000006d11a00000)]
  0x000001d9b8ea51f0 JavaThread "Reference Handler" daemon [_thread_blocked, id=13304, stack(0x0000006d12000000,0x0000006d12100000)]
  0x000001d9b8ea6810 JavaThread "Finalizer" daemon [_thread_blocked, id=11588, stack(0x0000006d12100000,0x0000006d12200000)]
  0x000001d9b8eb8980 JavaThread "Signal Dispatcher" daemon [_thread_blocked, id=13880, stack(0x0000006d12200000,0x0000006d12300000)]
  0x000001d9b8eba550 JavaThread "Attach Listener" daemon [_thread_blocked, id=12316, stack(0x0000006d12300000,0x0000006d12400000)]
  0x000001d9b8ebe030 JavaThread "Service Thread" daemon [_thread_blocked, id=12812, stack(0x0000006d12400000,0x0000006d12500000)]
  0x000001d9b8ebe9f0 JavaThread "Monitor Deflation Thread" daemon [_thread_blocked, id=12644, stack(0x0000006d12500000,0x0000006d12600000)]
  0x000001d9b8ebf790 JavaThread "C2 CompilerThread0" daemon [_thread_in_native, id=1036, stack(0x0000006d12600000,0x0000006d12700000)]
=>0x000001d9b8ecc5e0 JavaThread "C1 CompilerThread0" daemon [_thread_in_native, id=14384, stack(0x0000006d12700000,0x0000006d12800000)]
  0x000001d9b8ece6a0 JavaThread "Sweeper thread" daemon [_thread_blocked, id=13740, stack(0x0000006d12800000,0x0000006d12900000)]
  0x000001da19149de0 JavaThread "Notification Thread" daemon [_thread_blocked, id=13924, stack(0x0000006d12900000,0x0000006d12a00000)]
  0x000001da19150370 JavaThread "Common-Cleaner" daemon [_thread_blocked, id=5316, stack(0x0000006d12b00000,0x0000006d12c00000)]
  0x000001da19d1a640 JavaThread "pool-1-thread-1" [_thread_blocked, id=14392, stack(0x0000006d13000000,0x0000006d13100000)]
  0x000001da19c314b0 JavaThread "DisconnectableInputStream source reader" daemon [_thread_in_native, id=15116, stack(0x0000006d13100000,0x0000006d13200000)]

Other Threads:
  0x000001d9b8e9f570 VMThread "VM Thread" [stack: 0x0000006d11f00000,0x0000006d12000000] [id=436]
  0x000001da1914d8f0 WatcherThread [stack: 0x0000006d12a00000,0x0000006d12b00000] [id=14632]
  0x000001d9b8e31140 GCTaskThread "GC Thread#0" [stack: 0x0000006d11a00000,0x0000006d11b00000] [id=9120]
  0x000001da196b4d10 GCTaskThread "GC Thread#1" [stack: 0x0000006d12d00000,0x0000006d12e00000] [id=12816]
  0x000001da192e2630 GCTaskThread "GC Thread#2" [stack: 0x0000006d12e00000,0x0000006d12f00000] [id=3956]
  0x000001da19384fd0 GCTaskThread "GC Thread#3" [stack: 0x0000006d12f00000,0x0000006d13000000] [id=7632]
  0x000001d9b8e32890 ConcurrentGCThread "G1 Main Marker" [stack: 0x0000006d11b00000,0x0000006d11c00000] [id=5496]
  0x000001d9b8e33b90 ConcurrentGCThread "G1 Conc#0" [stack: 0x0000006d11c00000,0x0000006d11d00000] [id=4684]
  0x000001d9b8e816e0 ConcurrentGCThread "G1 Refine#0" [stack: 0x0000006d11d00000,0x0000006d11e00000] [id=1092]
  0x000001d9b8e82110 ConcurrentGCThread "G1 Service" [stack: 0x0000006d11e00000,0x0000006d11f00000] [id=8900]

Threads with active compile tasks:
C2 CompilerThread0    55635 1810 % !   4       java.io.ObjectInputStream$BlockDataInputStream::readUTFSpan @ 53 (502 bytes)
C1 CompilerThread0    55635 1792       3       java.net.URLStreamHandler::parseURL (1201 bytes)

VM state: not at safepoint (normal execution)

VM Mutex/Monitor currently owned by a thread: None

Heap address: 0x00000000fc000000, size: 64 MB, Compressed Oops mode: 32-bit

CDS archive(s) mapped at: [0x000001d9d4000000-0x000001d9d4bb0000-0x000001d9d4bb0000), size 12255232, SharedBaseAddress: 0x000001d9d4000000, ArchiveRelocationMode: 1.
Compressed class space mapped at: 0x000001d9d5000000-0x000001da15000000, reserved size: 1073741824
Narrow klass base: 0x000001d9d4000000, Narrow klass shift: 0, Narrow klass range: 0x100000000

GC Precious Log:
 CPUs: 4 total, 4 available
 Memory: 8099M
 Large Page Support: Disabled
 NUMA Support: Disabled
 Compressed Oops: Enabled (32-bit)
 Heap Region Size: 1M
 Heap Min Capacity: 64M
 Heap Initial Capacity: 64M
 Heap Max Capacity: 64M
 Pre-touch: Disabled
 Parallel Workers: 4
 Concurrent Workers: 1
 Concurrent Refinement Workers: 4
 Periodic GC: Disabled

Heap:
 garbage-first heap   total 65536K, used 26590K [0x00000000fc000000, 0x0000000100000000)
  region size 1024K, 19 young (19456K), 3 survivors (3072K)
 Metaspace       used 9971K, committed 10240K, reserved 1114112K
  class space    used 1293K, committed 1408K, reserved 1048576K

Heap Regions: E=young(eden), S=young(survivor), O=old, HS=humongous(starts), HC=humongous(continues), CS=collection set, F=free, OA=open archive, CA=closed archive, TAMS=top-at-mark-start (previous, next)
|   0|0x00000000fc000000, 0x00000000fc100000, 0x00000000fc100000|100%| O|  |TAMS 0x00000000fc000000, 0x00000000fc000000| Untracked 
|   1|0x00000000fc100000, 0x00000000fc200000, 0x00000000fc200000|100%|HS|  |TAMS 0x00000000fc100000, 0x00000000fc100000| Complete 
|   2|0x00000000fc200000, 0x00000000fc300000, 0x00000000fc300000|100%|HC|  |TAMS 0x00000000fc200000, 0x00000000fc200000| Complete 
|   3|0x00000000fc300000, 0x00000000fc400000, 0x00000000fc400000|100%|HC|  |TAMS 0x00000000fc300000, 0x00000000fc300000| Complete 
|   4|0x00000000fc400000, 0x00000000fc500000, 0x00000000fc500000|100%|HC|  |TAMS 0x00000000fc400000, 0x00000000fc400000| Complete 
|   5|0x00000000fc500000, 0x00000000fc600000, 0x00000000fc600000|100%| O|  |TAMS 0x00000000fc500000, 0x00000000fc500000| Untracked 
|   6|0x00000000fc600000, 0x00000000fc700000, 0x00000000fc700000|100%| O|  |TAMS 0x00000000fc600000, 0x00000000fc600000| Untracked 
|   7|0x00000000fc700000, 0x00000000fc7f7a00, 0x00000000fc800000| 96%| O|  |TAMS 0x00000000fc700000, 0x00000000fc700000| Untracked 
|   8|0x00000000fc800000, 0x00000000fc800000, 0x00000000fc900000|  0%| F|  |TAMS 0x00000000fc800000, 0x00000000fc800000| Untracked 
|   9|0x00000000fc900000, 0x00000000fc900000, 0x00000000fca00000|  0%| F|  |TAMS 0x00000000fc900000, 0x00000000fc900000| Untracked 
|  10|0x00000000fca00000, 0x00000000fca00000, 0x00000000fcb00000|  0%| F|  |TAMS 0x00000000fca00000, 0x00000000fca00000| Untracked 
|  11|0x00000000fcb00000, 0x00000000fcb00000, 0x00000000fcc00000|  0%| F|  |TAMS 0x00000000fcb00000, 0x00000000fcb00000| Untracked 
|  12|0x00000000fcc00000, 0x00000000fcc00000, 0x00000000fcd00000|  0%| F|  |TAMS 0x00000000fcc00000, 0x00000000fcc00000| Untracked 
|  13|0x00000000fcd00000, 0x00000000fcd00000, 0x00000000fce00000|  0%| F|  |TAMS 0x00000000fcd00000, 0x00000000fcd00000| Untracked 
|  14|0x00000000fce00000, 0x00000000fce00000, 0x00000000fcf00000|  0%| F|  |TAMS 0x00000000fce00000, 0x00000000fce00000| Untracked 
|  15|0x00000000fcf00000, 0x00000000fcf00000, 0x00000000fd000000|  0%| F|  |TAMS 0x00000000fcf00000, 0x00000000fcf00000| Untracked 
|  16|0x00000000fd000000, 0x00000000fd000000, 0x00000000fd100000|  0%| F|  |TAMS 0x00000000fd000000, 0x00000000fd000000| Untracked 
|  17|0x00000000fd100000, 0x00000000fd100000, 0x00000000fd200000|  0%| F|  |TAMS 0x00000000fd100000, 0x00000000fd100000| Untracked 
|  18|0x00000000fd200000, 0x00000000fd200000, 0x00000000fd300000|  0%| F|  |TAMS 0x00000000fd200000, 0x00000000fd200000| Untracked 
|  19|0x00000000fd300000, 0x00000000fd300000, 0x00000000fd400000|  0%| F|  |TAMS 0x00000000fd300000, 0x00000000fd300000| Untracked 
|  20|0x00000000fd400000, 0x00000000fd400000, 0x00000000fd500000|  0%| F|  |TAMS 0x00000000fd400000, 0x00000000fd400000| Untracked 
|  21|0x00000000fd500000, 0x00000000fd500000, 0x00000000fd600000|  0%| F|  |TAMS 0x00000000fd500000, 0x00000000fd500000| Untracked 
|  22|0x00000000fd600000, 0x00000000fd600000, 0x00000000fd700000|  0%| F|  |TAMS 0x00000000fd600000, 0x00000000fd600000| Untracked 
|  23|0x00000000fd700000, 0x00000000fd700000, 0x00000000fd800000|  0%| F|  |TAMS 0x00000000fd700000, 0x00000000fd700000| Untracked 
|  24|0x00000000fd800000, 0x00000000fd800000, 0x00000000fd900000|  0%| F|  |TAMS 0x00000000fd800000, 0x00000000fd800000| Untracked 
|  25|0x00000000fd900000, 0x00000000fd900000, 0x00000000fda00000|  0%| F|  |TAMS 0x00000000fd900000, 0x00000000fd900000| Untracked 
|  26|0x00000000fda00000, 0x00000000fda00000, 0x00000000fdb00000|  0%| F|  |TAMS 0x00000000fda00000, 0x00000000fda00000| Untracked 
|  27|0x00000000fdb00000, 0x00000000fdb00000, 0x00000000fdc00000|  0%| F|  |TAMS 0x00000000fdb00000, 0x00000000fdb00000| Untracked 
|  28|0x00000000fdc00000, 0x00000000fdc00000, 0x00000000fdd00000|  0%| F|  |TAMS 0x00000000fdc00000, 0x00000000fdc00000| Untracked 
|  29|0x00000000fdd00000, 0x00000000fdd00000, 0x00000000fde00000|  0%| F|  |TAMS 0x00000000fdd00000, 0x00000000fdd00000| Untracked 
|  30|0x00000000fde00000, 0x00000000fde00000, 0x00000000fdf00000|  0%| F|  |TAMS 0x00000000fde00000, 0x00000000fde00000| Untracked 
|  31|0x00000000fdf00000, 0x00000000fdf00000, 0x00000000fe000000|  0%| F|  |TAMS 0x00000000fdf00000, 0x00000000fdf00000| Untracked 
|  32|0x00000000fe000000, 0x00000000fe000000, 0x00000000fe100000|  0%| F|  |TAMS 0x00000000fe000000, 0x00000000fe000000| Untracked 
|  33|0x00000000fe100000, 0x00000000fe100000, 0x00000000fe200000|  0%| F|  |TAMS 0x00000000fe100000, 0x00000000fe100000| Untracked 
|  34|0x00000000fe200000, 0x00000000fe200000, 0x00000000fe300000|  0%| F|  |TAMS 0x00000000fe200000, 0x00000000fe200000| Untracked 
|  35|0x00000000fe300000, 0x00000000fe300000, 0x00000000fe400000|  0%| F|  |TAMS 0x00000000fe300000, 0x00000000fe300000| Untracked 
|  36|0x00000000fe400000, 0x00000000fe400000, 0x00000000fe500000|  0%| F|  |TAMS 0x00000000fe400000, 0x00000000fe400000| Untracked 
|  37|0x00000000fe500000, 0x00000000fe500000, 0x00000000fe600000|  0%| F|  |TAMS 0x00000000fe500000, 0x00000000fe500000| Untracked 
|  38|0x00000000fe600000, 0x00000000fe600000, 0x00000000fe700000|  0%| F|  |TAMS 0x00000000fe600000, 0x00000000fe600000| Untracked 
|  39|0x00000000fe700000, 0x00000000fe700000, 0x00000000fe800000|  0%| F|  |TAMS 0x00000000fe700000, 0x00000000fe700000| Untracked 
|  40|0x00000000fe800000, 0x00000000fe800000, 0x00000000fe900000|  0%| F|  |TAMS 0x00000000fe800000, 0x00000000fe800000| Untracked 
|  41|0x00000000fe900000, 0x00000000fe900000, 0x00000000fea00000|  0%| F|  |TAMS 0x00000000fe900000, 0x00000000fe900000| Untracked 
|  42|0x00000000fea00000, 0x00000000fea00000, 0x00000000feb00000|  0%| F|  |TAMS 0x00000000fea00000, 0x00000000fea00000| Untracked 
|  43|0x00000000feb00000, 0x00000000fec00000, 0x00000000fec00000|100%| S|CS|TAMS 0x00000000feb00000, 0x00000000feb00000| Complete 
|  44|0x00000000fec00000, 0x00000000fed00000, 0x00000000fed00000|100%| S|CS|TAMS 0x00000000fec00000, 0x00000000fec00000| Complete 
|  45|0x00000000fed00000, 0x00000000fee00000, 0x00000000fee00000|100%| S|CS|TAMS 0x00000000fed00000, 0x00000000fed00000| Complete 
|  46|0x00000000fee00000, 0x00000000fee00000, 0x00000000fef00000|  0%| F|  |TAMS 0x00000000fee00000, 0x00000000fee00000| Untracked 
|  47|0x00000000fef00000, 0x00000000fef00000, 0x00000000ff000000|  0%| F|  |TAMS 0x00000000fef00000, 0x00000000fef00000| Untracked 
|  48|0x00000000ff000000, 0x00000000ff064e80, 0x00000000ff100000| 39%| E|  |TAMS 0x00000000ff000000, 0x00000000ff000000| Complete 
|  49|0x00000000ff100000, 0x00000000ff200000, 0x00000000ff200000|100%| E|CS|TAMS 0x00000000ff100000, 0x00000000ff100000| Complete 
|  50|0x00000000ff200000, 0x00000000ff300000, 0x00000000ff300000|100%| E|CS|TAMS 0x00000000ff200000, 0x00000000ff200000| Complete 
|  51|0x00000000ff300000, 0x00000000ff400000, 0x00000000ff400000|100%| E|CS|TAMS 0x00000000ff300000, 0x00000000ff300000| Complete 
|  52|0x00000000ff400000, 0x00000000ff500000, 0x00000000ff500000|100%| E|CS|TAMS 0x00000000ff400000, 0x00000000ff400000| Complete 
|  53|0x00000000ff500000, 0x00000000ff600000, 0x00000000ff600000|100%| E|CS|TAMS 0x00000000ff500000, 0x00000000ff500000| Complete 
|  54|0x00000000ff600000, 0x00000000ff700000, 0x00000000ff700000|100%| E|CS|TAMS 0x00000000ff600000, 0x00000000ff600000| Complete 
|  55|0x00000000ff700000, 0x00000000ff800000, 0x00000000ff800000|100%| E|CS|TAMS 0x00000000ff700000, 0x00000000ff700000| Complete 
|  56|0x00000000ff800000, 0x00000000ff900000, 0x00000000ff900000|100%| E|CS|TAMS 0x00000000ff800000, 0x00000000ff800000| Complete 
|  57|0x00000000ff900000, 0x00000000ffa00000, 0x00000000ffa00000|100%| E|CS|TAMS 0x00000000ff900000, 0x00000000ff900000| Complete 
|  58|0x00000000ffa00000, 0x00000000ffb00000, 0x00000000ffb00000|100%| E|CS|TAMS 0x00000000ffa00000, 0x00000000ffa00000| Complete 
|  59|0x00000000ffb00000, 0x00000000ffc00000, 0x00000000ffc00000|100%| E|CS|TAMS 0x00000000ffb00000, 0x00000000ffb00000| Complete 
|  60|0x00000000ffc00000, 0x00000000ffd00000, 0x00000000ffd00000|100%| E|CS|TAMS 0x00000000ffc00000, 0x00000000ffc00000| Complete 
|  61|0x00000000ffd00000, 0x00000000ffe00000, 0x00000000ffe00000|100%| E|CS|TAMS 0x00000000ffd00000, 0x00000000ffd00000| Complete 
|  62|0x00000000ffe00000, 0x00000000fff00000, 0x00000000fff00000|100%| E|CS|TAMS 0x00000000ffe00000, 0x00000000ffe00000| Complete 
|  63|0x00000000fff00000, 0x0000000100000000, 0x0000000100000000|100%| E|CS|TAMS 0x00000000fff00000, 0x00000000fff00000| Complete 

Card table byte_map: [0x000001d9b8ed0000,0x000001d9b8ef0000] _byte_map_base: 0x000001d9b86f0000

Marking Bits (Prev, Next): (CMBitMap*) 0x000001d9b8e31760, (CMBitMap*) 0x000001d9b8e317a0
 Prev Bits: [0x000001d9d1770000, 0x000001d9d1870000)
 Next Bits: [0x000001d9d1870000, 0x000001d9d1970000)

Polling page: 0x000001d9b8c80000

Metaspace:

Usage:
  Non-class:      8.48 MB used.
      Class:      1.26 MB used.
       Both:      9.74 MB used.

Virtual space:
  Non-class space:       64.00 MB reserved,       8.62 MB ( 13%) committed,  1 nodes.
      Class space:        1.00 GB reserved,       1.38 MB ( <1%) committed,  1 nodes.
             Both:        1.06 GB reserved,      10.00 MB ( <1%) committed. 

Chunk freelists:
   Non-Class:  6.47 MB
       Class:  14.59 MB
        Both:  21.06 MB

MaxMetaspaceSize: unlimited
CompressedClassSpaceSize: 1.00 GB
Initial GC threshold: 21.00 MB
Current GC threshold: 21.00 MB
CDS: on
MetaspaceReclaimPolicy: balanced
 - commit_granule_bytes: 65536.
 - commit_granule_words: 8192.
 - virtual_space_node_default_size: 8388608.
 - enlarge_chunks_in_place: 1.
 - new_chunks_are_fully_committed: 0.
 - uncommit_free_chunks: 1.
 - use_allocation_guard: 0.
 - handle_deallocations: 1.


Internal statistics:

num_allocs_failed_limit: 0.
num_arena_births: 116.
num_arena_deaths: 0.
num_vsnodes_births: 2.
num_vsnodes_deaths: 0.
num_space_committed: 160.
num_space_uncommitted: 0.
num_chunks_returned_to_freelist: 0.
num_chunks_taken_from_freelist: 385.
num_chunk_merges: 0.
num_chunk_splits: 260.
num_chunks_enlarged: 204.
num_inconsistent_stats: 0.

CodeHeap 'non-profiled nmethods': size=120000Kb used=660Kb max_used=660Kb free=119339Kb
 bounds [0x000001d9c9c20000, 0x000001d9c9e90000, 0x000001d9d1150000]
CodeHeap 'profiled nmethods': size=120000Kb used=3410Kb max_used=3410Kb free=116590Kb
 bounds [0x000001d9c2150000, 0x000001d9c24b0000, 0x000001d9c9680000]
CodeHeap 'non-nmethods': size=5760Kb used=1173Kb max_used=1190Kb free=4586Kb
 bounds [0x000001d9c9680000, 0x000001d9c98f0000, 0x000001d9c9c20000]
 total_blobs=2265 nmethods=1793 adapters=385
 compilation: enabled
              stopped_count=0, restarted_count=0
 full_count=0

Compilation events (20 events):
Event: 55.531 Thread 0x000001d9b8ecc5e0 1782   !   3       java.io.ObjectInputStream::filterCheck (369 bytes)
Event: 55.534 Thread 0x000001d9b8ecc5e0 nmethod 1782 0x000001d9c249dc10 code [0x000001d9c249e040, 0x000001d9c24a0468]
Event: 55.534 Thread 0x000001d9b8ecc5e0 1786       3       java.io.ObjectInputStream$HandleTable::finish (111 bytes)
Event: 55.534 Thread 0x000001d9b8ecc5e0 nmethod 1786 0x000001d9c24a1010 code [0x000001d9c24a1200, 0x000001d9c24a1808]
Event: 55.534 Thread 0x000001d9b8ecc5e0 1784       3       jdk.internal.event.DeserializationEvent::<init> (5 bytes)
Event: 55.535 Thread 0x000001d9b8ecc5e0 nmethod 1784 0x000001d9c24a1a10 code [0x000001d9c24a1bc0, 0x000001d9c24a1d78]
Event: 55.535 Thread 0x000001d9b8ecc5e0 1783       3       java.io.ObjectInputStream$BlockDataInputStream::getBytesRead (8 bytes)
Event: 55.535 Thread 0x000001d9b8ecc5e0 nmethod 1783 0x000001d9c24a1e90 code [0x000001d9c24a2020, 0x000001d9c24a2158]
Event: 55.535 Thread 0x000001d9b8ecc5e0 1785       3       java.io.ObjectInputStream$HandleTable::assign (48 bytes)
Event: 55.535 Thread 0x000001d9b8ecc5e0 nmethod 1785 0x000001d9c24a2210 code [0x000001d9c24a23c0, 0x000001d9c24a2748]
Event: 55.535 Thread 0x000001d9b8ecc5e0 1787       3       java.io.Bits::getShort (18 bytes)
Event: 55.535 Thread 0x000001d9b8ecc5e0 nmethod 1787 0x000001d9c24a2910 code [0x000001d9c24a2aa0, 0x000001d9c24a2bf8]
Event: 55.535 Thread 0x000001d9b8ecc5e0 1788       3       java.io.SerialCallbackContext::check (59 bytes)
Event: 55.536 Thread 0x000001d9b8ecc5e0 nmethod 1788 0x000001d9c24a2d10 code [0x000001d9c24a2fc0, 0x000001d9c24a3b58]
Event: 55.537 Thread 0x000001d9b8ecc5e0 1789       3       java.io.ObjectInputStream$FieldValues::get (26 bytes)
Event: 55.537 Thread 0x000001d9b8ecc5e0 nmethod 1789 0x000001d9c24a3f10 code [0x000001d9c24a40c0, 0x000001d9c24a42b8]
Event: 55.537 Thread 0x000001d9b8ecc5e0 1791       3       sun.net.www.protocol.file.Handler::parseURL (18 bytes)
Event: 55.537 Thread 0x000001d9b8ecc5e0 nmethod 1791 0x000001d9c24a4390 code [0x000001d9c24a4540, 0x000001d9c24a46f8]
Event: 55.537 Thread 0x000001d9b8ecc5e0 1792       3       java.net.URLStreamHandler::parseURL (1201 bytes)
Event: 55.556 Thread 0x000001d9b8ebf790 1806       4       org.gradle.internal.serialize.kryo.KryoBackedDecoder::maybeReadBytes (11 bytes)

GC Heap History (4 events):
Event: 0.771 GC heap before
{Heap before GC invocations=0 (full 0):
 garbage-first heap   total 65536K, used 12288K [0x00000000fc000000, 0x0000000100000000)
  region size 1024K, 13 young (13312K), 0 survivors (0K)
 Metaspace       used 1832K, committed 1920K, reserved 1114112K
  class space    used 167K, committed 192K, reserved 1048576K
}
Event: 0.777 GC heap after
{Heap after GC invocations=1 (full 0):
 garbage-first heap   total 65536K, used 2731K [0x00000000fc000000, 0x0000000100000000)
  region size 1024K, 2 young (2048K), 2 survivors (2048K)
 Metaspace       used 1832K, committed 1920K, reserved 1114112K
  class space    used 167K, committed 192K, reserved 1048576K
}
Event: 1.712 GC heap before
{Heap before GC invocations=1 (full 0):
 garbage-first heap   total 65536K, used 22187K [0x00000000fc000000, 0x0000000100000000)
  region size 1024K, 18 young (18432K), 2 survivors (2048K)
 Metaspace       used 5160K, committed 5376K, reserved 1114112K
  class space    used 679K, committed 768K, reserved 1048576K
}
Event: 1.717 GC heap after
{Heap after GC invocations=2 (full 0):
 garbage-first heap   total 65536K, used 11230K [0x00000000fc000000, 0x0000000100000000)
  region size 1024K, 3 young (3072K), 3 survivors (3072K)
 Metaspace       used 5160K, committed 5376K, reserved 1114112K
  class space    used 679K, committed 768K, reserved 1048576K
}

Dll operation events (13 events):
Event: 0.012 Loaded shared library C:\Program Files\Microsoft\jdk-17.0.10.7-hotspot\bin\java.dll
Event: 0.048 Loaded shared library C:\Program Files\Microsoft\jdk-17.0.10.7-hotspot\bin\jsvml.dll
Event: 0.124 Loaded shared library C:\Program Files\Microsoft\jdk-17.0.10.7-hotspot\bin\net.dll
Event: 0.127 Loaded shared library C:\Program Files\Microsoft\jdk-17.0.10.7-hotspot\bin\nio.dll
Event: 0.133 Loaded shared library C:\Program Files\Microsoft\jdk-17.0.10.7-hotspot\bin\zip.dll
Event: 0.677 Loaded shared library C:\Program Files\Microsoft\jdk-17.0.10.7-hotspot\bin\jimage.dll
Event: 0.863 Loaded shared library C:\Program Files\Microsoft\jdk-17.0.10.7-hotspot\bin\verify.dll
Event: 1.467 Loaded shared library C:\Users\dell\.gradle\native\c067742578af261105cb4f569cf0c3c89f3d7b1fecec35dd04571415982c5e48\windows-amd64\native-platform.dll
Event: 1.554 Loaded shared library C:\Users\dell\.gradle\native\jansi\1.18\windows64\jansi.dll
Event: 1.830 Loaded shared library C:\Program Files\Microsoft\jdk-17.0.10.7-hotspot\bin\management.dll
Event: 1.834 Loaded shared library C:\Program Files\Microsoft\jdk-17.0.10.7-hotspot\bin\management_ext.dll
Event: 2.269 Loaded shared library C:\Program Files\Microsoft\jdk-17.0.10.7-hotspot\bin\extnet.dll
Event: 2.388 Loaded shared library C:\Program Files\Microsoft\jdk-17.0.10.7-hotspot\bin\sunmscapi.dll

Deoptimization events (20 events):
Event: 1.790 Thread 0x000001d9b8e11970 DEOPT PACKING pc=0x000001d9c9c60d3c sp=0x0000006d119fc830
Event: 1.790 Thread 0x000001d9b8e11970 DEOPT UNPACKING pc=0x000001d9c96d69a3 sp=0x0000006d119fc748 mode 2
Event: 1.844 Thread 0x000001d9b8e11970 Uncommon trap: trap_request=0xffffff45 fr.pc=0x000001d9c9c59aec relative=0x0000000000000fcc
Event: 1.844 Thread 0x000001d9b8e11970 Uncommon trap: reason=unstable_if action=reinterpret pc=0x000001d9c9c59aec method=java.util.HashMap.putVal(ILjava/lang/Object;Ljava/lang/Object;ZZ)Ljava/lang/Object; @ 236 c2
Event: 1.844 Thread 0x000001d9b8e11970 DEOPT PACKING pc=0x000001d9c9c59aec sp=0x0000006d119fbbd0
Event: 1.844 Thread 0x000001d9b8e11970 DEOPT UNPACKING pc=0x000001d9c96d69a3 sp=0x0000006d119fbb98 mode 2
Event: 1.897 Thread 0x000001d9b8e11970 DEOPT PACKING pc=0x000001d9c2258838 sp=0x0000006d119f8640
Event: 1.897 Thread 0x000001d9b8e11970 DEOPT UNPACKING pc=0x000001d9c96d7143 sp=0x0000006d119f7b58 mode 0
Event: 2.301 Thread 0x000001d9b8e11970 Uncommon trap: trap_request=0xffffff45 fr.pc=0x000001d9c9c5f6a0 relative=0x00000000000005e0
Event: 2.301 Thread 0x000001d9b8e11970 Uncommon trap: reason=unstable_if action=reinterpret pc=0x000001d9c9c5f6a0 method=java.lang.AbstractStringBuilder.append(Ljava/lang/String;)Ljava/lang/AbstractStringBuilder; @ 1 c2
Event: 2.301 Thread 0x000001d9b8e11970 DEOPT PACKING pc=0x000001d9c9c5f6a0 sp=0x0000006d119fc430
Event: 2.301 Thread 0x000001d9b8e11970 DEOPT UNPACKING pc=0x000001d9c96d69a3 sp=0x0000006d119fc3b0 mode 2
Event: 2.302 Thread 0x000001d9b8e11970 Uncommon trap: trap_request=0xffffff45 fr.pc=0x000001d9c9c58134 relative=0x00000000000005f4
Event: 2.302 Thread 0x000001d9b8e11970 Uncommon trap: reason=unstable_if action=reinterpret pc=0x000001d9c9c58134 method=java.lang.AbstractStringBuilder.append(Ljava/lang/String;)Ljava/lang/AbstractStringBuilder; @ 1 c2
Event: 2.302 Thread 0x000001d9b8e11970 DEOPT PACKING pc=0x000001d9c9c58134 sp=0x0000006d119fc3f0
Event: 2.302 Thread 0x000001d9b8e11970 DEOPT UNPACKING pc=0x000001d9c96d69a3 sp=0x0000006d119fc3c8 mode 2
Event: 2.443 Thread 0x000001d9b8e11970 Uncommon trap: trap_request=0xffffff45 fr.pc=0x000001d9c9c750f4 relative=0x0000000000000414
Event: 2.443 Thread 0x000001d9b8e11970 Uncommon trap: reason=unstable_if action=reinterpret pc=0x000001d9c9c750f4 method=java.util.regex.Matcher.match(II)Z @ 76 c2
Event: 2.443 Thread 0x000001d9b8e11970 DEOPT PACKING pc=0x000001d9c9c750f4 sp=0x0000006d119fb6a0
Event: 2.443 Thread 0x000001d9b8e11970 DEOPT UNPACKING pc=0x000001d9c96d69a3 sp=0x0000006d119fb658 mode 2

Classes unloaded (0 events):
No events

Classes redefined (0 events):
No events

Internal exceptions (20 events):
Event: 1.421 Thread 0x000001d9b8e11970 Exception <a 'java/lang/NoSuchMethodError'{0x00000000ff433840}: 'int java.lang.invoke.DirectMethodHandle$Holder.invokeSpecial(java.lang.Object, java.lang.Object, java.lang.Object)'> (0x00000000ff433840) 
thrown [s\src\hotspot\share\interpreter\linkResolver.cpp, line 759]
Event: 1.429 Thread 0x000001d9b8e11970 Exception <a 'java/lang/NoSuchMethodError'{0x00000000ff446988}: 'java.lang.Object java.lang.invoke.Invokers$Holder.invokeExact_MT(java.lang.Object, java.lang.Object, java.lang.Object, java.lang.Object)'> (0x00000000ff446988) 
thrown [s\src\hotspot\share\interpreter\linkResolver.cpp, line 759]
Event: 1.773 Thread 0x000001d9b8e11970 Exception <a 'java/lang/NoSuchMethodError'{0x00000000ffecf920}: 'void java.lang.invoke.DirectMethodHandle$Holder.invokeSpecial(java.lang.Object, java.lang.Object, java.lang.Object)'> (0x00000000ffecf920) 
thrown [s\src\hotspot\share\interpreter\linkResolver.cpp, line 759]
Event: 1.790 Thread 0x000001d9b8e11970 Implicit null exception at 0x000001d9c9c7050a to 0x000001d9c9c70a10
Event: 1.790 Thread 0x000001d9b8e11970 Implicit null exception at 0x000001d9c9c6080f to 0x000001d9c9c60d1c
Event: 1.827 Thread 0x000001d9b8e11970 Exception <a 'java/lang/NoSuchMethodError'{0x00000000ffc2d820}: 'java.lang.Object java.lang.invoke.DirectMethodHandle$Holder.invokeStaticInit(java.lang.Object)'> (0x00000000ffc2d820) 
thrown [s\src\hotspot\share\interpreter\linkResolver.cpp, line 759]
Event: 1.877 Thread 0x000001d9b8e11970 Exception <a 'java/lang/NoSuchMethodError'{0x00000000ffcc7f60}: 'int java.lang.invoke.DirectMethodHandle$Holder.invokeVirtual(java.lang.Object, java.lang.Object, java.lang.Object)'> (0x00000000ffcc7f60) 
thrown [s\src\hotspot\share\interpreter\linkResolver.cpp, line 759]
Event: 1.886 Thread 0x000001d9b8e11970 Exception <a 'java/lang/NoSuchMethodError'{0x00000000ffb2c290}: 'java.lang.Object java.lang.invoke.DirectMethodHandle$Holder.invokeVirtual(java.lang.Object, java.lang.Object, java.lang.Object)'> (0x00000000ffb2c290) 
thrown [s\src\hotspot\share\interpreter\linkResolver.cpp, line 759]
Event: 2.006 Thread 0x000001d9b8e11970 Exception <a 'java/lang/NoSuchMethodError'{0x00000000ff8a3778}: 'java.lang.Object java.lang.invoke.DirectMethodHandle$Holder.invokeStaticInit(java.lang.Object, int, int, int, int)'> (0x00000000ff8a3778) 
thrown [s\src\hotspot\share\interpreter\linkResolver.cpp, line 759]
Event: 2.093 Thread 0x000001d9b8e11970 Exception <a 'java/lang/NoSuchMethodError'{0x00000000ff8ec720}: 'java.lang.Object java.lang.invoke.DirectMethodHandle$Holder.invokeStaticInit(java.lang.Object, java.lang.Object, int, int, int, int)'> (0x00000000ff8ec720) 
thrown [s\src\hotspot\share\interpreter\linkResolver.cpp, line 759]
Event: 2.273 Thread 0x000001d9b8e11970 Exception <a 'java/lang/NoSuchMethodError'{0x00000000ff719f68}: 'void java.lang.invoke.DirectMethodHandle$Holder.invokeStatic(java.lang.Object, java.lang.Object, java.lang.Object)'> (0x00000000ff719f68) 
thrown [s\src\hotspot\share\interpreter\linkResolver.cpp, line 759]
Event: 2.301 Thread 0x000001d9b8e11970 Implicit null exception at 0x000001d9c9c5f0f2 to 0x000001d9c9c5f68c
Event: 2.302 Thread 0x000001d9b8e11970 Implicit null exception at 0x000001d9c9c57b72 to 0x000001d9c9c58120
Event: 55.476 Thread 0x000001d9b8e11970 Exception <a 'java/lang/NoSuchMethodError'{0x00000000ff2c9aa8}: static Lorg/gradle/tooling/internal/provider/serialization/ClassLoaderDetails;.<clinit>()V> (0x00000000ff2c9aa8) 
thrown [s\src\hotspot\share\prims\jni.cpp, line 1107]
Event: 55.482 Thread 0x000001d9b8e11970 Exception <a 'java/lang/NoSuchMethodError'{0x00000000ff2e40f0}: static Lorg/gradle/internal/classloader/ClassLoaderSpec;.<clinit>()V> (0x00000000ff2e40f0) 
thrown [s\src\hotspot\share\prims\jni.cpp, line 1107]
Event: 55.484 Thread 0x000001d9b8e11970 Exception <a 'java/lang/NoSuchMethodError'{0x00000000ff2ef268}: static Lorg/gradle/tooling/internal/provider/serialization/WellKnownClassLoaderRegistry$KnownClassLoaderSpec;.<clinit>()V> (0x00000000ff2ef268) 
thrown [s\src\hotspot\share\prims\jni.cpp, line 1107]
Event: 55.491 Thread 0x000001d9b8e11970 Exception <a 'java/lang/NoSuchMethodError'{0x00000000ff109180}: static Lorg/gradle/internal/classloader/ClassLoaderSpec;.<clinit>()V> (0x00000000ff109180) 
thrown [s\src\hotspot\share\prims\jni.cpp, line 1107]
Event: 55.494 Thread 0x000001d9b8e11970 Exception <a 'java/lang/NoSuchMethodError'{0x00000000ff11a710}: static Lorg/gradle/internal/classloader/VisitableURLClassLoader$Spec;.<clinit>()V> (0x00000000ff11a710) 
thrown [s\src\hotspot\share\prims\jni.cpp, line 1107]
Event: 55.548 Thread 0x000001d9b8e11970 Exception <a 'java/lang/NoSuchMethodError'{0x00000000ff1d2398}: static Lorg/gradle/internal/classloader/FilteringClassLoader$Spec;.<clinit>()V> (0x00000000ff1d2398) 
thrown [s\src\hotspot\share\prims\jni.cpp, line 1107]
Event: 55.555 Thread 0x000001d9b8e11970 Exception <a 'java/lang/NoSuchMethodError'{0x00000000ff1f1e00}: static Lorg/gradle/internal/classloader/CachingClassLoader$Spec;.<clinit>()V> (0x00000000ff1f1e00) 
thrown [s\src\hotspot\share\prims\jni.cpp, line 1107]

VM Operations (20 events):
Event: 42.206 Executing VM operation: Cleanup
Event: 42.206 Executing VM operation: Cleanup done
Event: 44.206 Executing VM operation: Cleanup
Event: 44.206 Executing VM operation: Cleanup done
Event: 45.207 Executing VM operation: Cleanup
Event: 45.207 Executing VM operation: Cleanup done
Event: 46.207 Executing VM operation: Cleanup
Event: 46.207 Executing VM operation: Cleanup done
Event: 47.208 Executing VM operation: Cleanup
Event: 47.208 Executing VM operation: Cleanup done
Event: 48.209 Executing VM operation: Cleanup
Event: 48.209 Executing VM operation: Cleanup done
Event: 49.209 Executing VM operation: Cleanup
Event: 49.209 Executing VM operation: Cleanup done
Event: 50.209 Executing VM operation: Cleanup
Event: 50.209 Executing VM operation: Cleanup done
Event: 53.225 Executing VM operation: Cleanup
Event: 53.225 Executing VM operation: Cleanup done
Event: 55.246 Executing VM operation: Cleanup
Event: 55.246 Executing VM operation: Cleanup done

Events (20 events):
Event: 55.475 loading class java/io/DataOutputStream
Event: 55.475 loading class java/io/DataOutputStream done
Event: 55.475 loading class java/io/ObjectStreamClass$MemberSignature
Event: 55.475 loading class java/io/ObjectStreamClass$MemberSignature done
Event: 55.475 loading class java/io/ObjectStreamClass$3
Event: 55.475 loading class java/io/ObjectStreamClass$3 done
Event: 55.476 loading class java/io/ObjectStreamClass$4
Event: 55.476 loading class java/io/ObjectStreamClass$4 done
Event: 55.476 loading class java/io/ObjectStreamClass$5
Event: 55.476 loading class java/io/ObjectStreamClass$5 done
Event: 55.479 loading class java/util/function/UnaryOperator
Event: 55.479 loading class java/util/function/UnaryOperator done
Event: 55.495 loading class java/net/UrlDeserializedState
Event: 55.495 loading class java/net/UrlDeserializedState done
Event: 55.495 loading class jdk/internal/reflect/UnsafeQualifiedStaticObjectFieldAccessorImpl
Event: 55.499 loading class jdk/internal/reflect/UnsafeQualifiedStaticObjectFieldAccessorImpl done
Event: 55.500 loading class java/net/Proxy
Event: 55.500 loading class java/net/Proxy done
Event: 55.529 loading class java/io/ObjectStreamClass$ExceptionInfo
Event: 55.529 loading class java/io/ObjectStreamClass$ExceptionInfo done


Dynamic libraries:
0x00007ff677fc0000 - 0x00007ff677fce000 	C:\Program Files\Microsoft\jdk-17.0.10.7-hotspot\bin\java.exe
0x00007ffdb49d0000 - 0x00007ffdb4bc8000 	C:\WINDOWS\SYSTEM32\ntdll.dll
0x00007ffdb3e60000 - 0x00007ffdb3f1d000 	C:\WINDOWS\System32\KERNEL32.DLL
0x00007ffdb22d0000 - 0x00007ffdb25c6000 	C:\WINDOWS\System32\KERNELBASE.dll
0x00007ffdb2900000 - 0x00007ffdb2a00000 	C:\WINDOWS\System32\ucrtbase.dll
0x00007ffd3e1e0000 - 0x00007ffd3e1f7000 	C:\Program Files\Microsoft\jdk-17.0.10.7-hotspot\bin\jli.dll
0x00007ffdb2eb0000 - 0x00007ffdb304f000 	C:\WINDOWS\System32\USER32.dll
0x00007ffd491e0000 - 0x00007ffd491fb000 	C:\Program Files\Microsoft\jdk-17.0.10.7-hotspot\bin\VCRUNTIME140.dll
0x00007ffdb28a0000 - 0x00007ffdb28c2000 	C:\WINDOWS\System32\win32u.dll
0x00007ffdb2a00000 - 0x00007ffdb2a2b000 	C:\WINDOWS\System32\GDI32.dll
0x00007ffdb2730000 - 0x00007ffdb2847000 	C:\WINDOWS\System32\gdi32full.dll
0x00007ffdb2110000 - 0x00007ffdb21ad000 	C:\WINDOWS\System32\msvcp_win.dll
0x00007ffda5650000 - 0x00007ffda58ea000 	C:\WINDOWS\WinSxS\amd64_microsoft.windows.common-controls_6595b64144ccf1df_6.0.19041.3636_none_60b6a03d71f818d5\COMCTL32.dll
0x00007ffdb47c0000 - 0x00007ffdb485e000 	C:\WINDOWS\System32\msvcrt.dll
0x00007ffdb31f0000 - 0x00007ffdb3222000 	C:\WINDOWS\System32\IMM32.DLL
0x00007ffd8a8f0000 - 0x00007ffd8a8fc000 	C:\Program Files\Microsoft\jdk-17.0.10.7-hotspot\bin\vcruntime140_1.dll
0x00007ffd38730000 - 0x00007ffd387bd000 	C:\Program Files\Microsoft\jdk-17.0.10.7-hotspot\bin\msvcp140.dll
0x00007ffd34e80000 - 0x00007ffd35ae5000 	C:\Program Files\Microsoft\jdk-17.0.10.7-hotspot\bin\server\jvm.dll
0x00007ffdb4120000 - 0x00007ffdb41d0000 	C:\WINDOWS\System32\ADVAPI32.dll
0x00007ffdb3460000 - 0x00007ffdb3500000 	C:\WINDOWS\System32\sechost.dll
0x00007ffdb3ff0000 - 0x00007ffdb4113000 	C:\WINDOWS\System32\RPCRT4.dll
0x00007ffdb28d0000 - 0x00007ffdb28f7000 	C:\WINDOWS\System32\bcrypt.dll
0x00007ffdb1610000 - 0x00007ffdb165b000 	C:\WINDOWS\SYSTEM32\POWRPROF.dll
0x00007ffd9eb00000 - 0x00007ffd9eb09000 	C:\WINDOWS\SYSTEM32\WSOCK32.dll
0x00007ffdb3df0000 - 0x00007ffdb3e5b000 	C:\WINDOWS\System32\WS2_32.dll
0x00007ffdaa4f0000 - 0x00007ffdaa4fa000 	C:\WINDOWS\SYSTEM32\VERSION.dll
0x00007ffda8860000 - 0x00007ffda8887000 	C:\WINDOWS\SYSTEM32\WINMM.dll
0x00007ffdb1480000 - 0x00007ffdb1492000 	C:\WINDOWS\SYSTEM32\UMPDC.dll
0x00007ffdaff10000 - 0x00007ffdaff22000 	C:\WINDOWS\SYSTEM32\kernel.appcore.dll
0x00007ffd49050000 - 0x00007ffd4905a000 	C:\Program Files\Microsoft\jdk-17.0.10.7-hotspot\bin\jimage.dll
0x00007ffd9e910000 - 0x00007ffd9eaf4000 	C:\WINDOWS\SYSTEM32\DBGHELP.DLL
0x00007ffd9e8d0000 - 0x00007ffd9e904000 	C:\WINDOWS\SYSTEM32\dbgcore.DLL
0x00007ffdb2080000 - 0x00007ffdb2102000 	C:\WINDOWS\System32\bcryptPrimitives.dll
0x00007ffd38700000 - 0x00007ffd38725000 	C:\Program Files\Microsoft\jdk-17.0.10.7-hotspot\bin\java.dll
0x00007ffd36fa0000 - 0x00007ffd37077000 	C:\Program Files\Microsoft\jdk-17.0.10.7-hotspot\bin\jsvml.dll
0x00007ffdb3620000 - 0x00007ffdb3d8b000 	C:\WINDOWS\System32\SHELL32.dll
0x00007ffdb0110000 - 0x00007ffdb08ae000 	C:\WINDOWS\SYSTEM32\windows.storage.dll
0x00007ffdb4460000 - 0x00007ffdb47b3000 	C:\WINDOWS\System32\combase.dll
0x00007ffdb1ab0000 - 0x00007ffdb1ade000 	C:\WINDOWS\SYSTEM32\Wldp.dll
0x00007ffdb48c0000 - 0x00007ffdb498d000 	C:\WINDOWS\System32\OLEAUT32.dll
0x00007ffdb3f30000 - 0x00007ffdb3fdd000 	C:\WINDOWS\System32\SHCORE.dll
0x00007ffdb3400000 - 0x00007ffdb3455000 	C:\WINDOWS\System32\shlwapi.dll
0x00007ffdb1fb0000 - 0x00007ffdb1fd3000 	C:\WINDOWS\SYSTEM32\profapi.dll
0x00007ffd37500000 - 0x00007ffd37519000 	C:\Program Files\Microsoft\jdk-17.0.10.7-hotspot\bin\net.dll
0x00007ffda8350000 - 0x00007ffda845a000 	C:\WINDOWS\SYSTEM32\WINHTTP.dll
0x00007ffdb1810000 - 0x00007ffdb187a000 	C:\WINDOWS\system32\mswsock.dll
0x00007ffd374e0000 - 0x00007ffd374f6000 	C:\Program Files\Microsoft\jdk-17.0.10.7-hotspot\bin\nio.dll
0x00007ffd37340000 - 0x00007ffd37358000 	C:\Program Files\Microsoft\jdk-17.0.10.7-hotspot\bin\zip.dll
0x00007ffdade20000 - 0x00007ffdade30000 	C:\Program Files\Microsoft\jdk-17.0.10.7-hotspot\bin\verify.dll
0x00007ffdaddf0000 - 0x00007ffdade17000 	C:\Users\dell\.gradle\native\c067742578af261105cb4f569cf0c3c89f3d7b1fecec35dd04571415982c5e48\windows-amd64\native-platform.dll
0x00007ffdade40000 - 0x00007ffdade4a000 	C:\Users\dell\.gradle\native\jansi\1.18\windows64\jansi.dll
0x00007ffda75d0000 - 0x00007ffda75d9000 	C:\Program Files\Microsoft\jdk-17.0.10.7-hotspot\bin\management.dll
0x00007ffda75c0000 - 0x00007ffda75cb000 	C:\Program Files\Microsoft\jdk-17.0.10.7-hotspot\bin\management_ext.dll
0x00007ffdb3f20000 - 0x00007ffdb3f28000 	C:\WINDOWS\System32\PSAPI.DLL
0x00007ffdb1a00000 - 0x00007ffdb1a18000 	C:\WINDOWS\SYSTEM32\CRYPTSP.dll
0x00007ffdb10c0000 - 0x00007ffdb10f4000 	C:\WINDOWS\system32\rsaenh.dll
0x00007ffdb1f70000 - 0x00007ffdb1f9e000 	C:\WINDOWS\SYSTEM32\USERENV.dll
0x00007ffdb1a20000 - 0x00007ffdb1a2c000 	C:\WINDOWS\SYSTEM32\CRYPTBASE.dll
0x00007ffdb14a0000 - 0x00007ffdb14db000 	C:\WINDOWS\SYSTEM32\IPHLPAPI.DLL
0x00007ffdb3fe0000 - 0x00007ffdb3fe8000 	C:\WINDOWS\System32\NSI.dll
0x00007ffda8bb0000 - 0x00007ffda8bc7000 	C:\WINDOWS\SYSTEM32\dhcpcsvc6.DLL
0x00007ffda9820000 - 0x00007ffda983d000 	C:\WINDOWS\SYSTEM32\dhcpcsvc.DLL
0x00007ffdb14e0000 - 0x00007ffdb15ab000 	C:\WINDOWS\SYSTEM32\DNSAPI.dll
0x00007ffda21d0000 - 0x00007ffda21d9000 	C:\Program Files\Microsoft\jdk-17.0.10.7-hotspot\bin\extnet.dll
0x00007ffda75b0000 - 0x00007ffda75be000 	C:\Program Files\Microsoft\jdk-17.0.10.7-hotspot\bin\sunmscapi.dll
0x00007ffdb25d0000 - 0x00007ffdb272e000 	C:\WINDOWS\System32\CRYPT32.dll
0x00007ffdb1b20000 - 0x00007ffdb1b48000 	C:\WINDOWS\SYSTEM32\ncrypt.dll
0x00007ffdb1ae0000 - 0x00007ffdb1b1b000 	C:\WINDOWS\SYSTEM32\NTASN1.dll
0x00007ffd9b2d0000 - 0x00007ffd9b2d7000 	C:\WINDOWS\system32\wshunix.dll

dbghelp: loaded successfully - version: 4.0.5 - missing functions: none
symbol engine: initialized successfully - sym options: 0x614 - pdb path: .;C:\Program Files\Microsoft\jdk-17.0.10.7-hotspot\bin;C:\WINDOWS\SYSTEM32;C:\WINDOWS\WinSxS\amd64_microsoft.windows.common-controls_6595b64144ccf1df_6.0.19041.3636_none_60b6a03d71f818d5;C:\Program Files\Microsoft\jdk-17.0.10.7-hotspot\bin\server;C:\Users\dell\.gradle\native\c067742578af261105cb4f569cf0c3c89f3d7b1fecec35dd04571415982c5e48\windows-amd64;C:\Users\dell\.gradle\native\jansi\1.18\windows64

VM Arguments:
jvm_args: -Xmx64m -Xms64m -Dorg.gradle.appname=gradlew 
java_command: org.gradle.wrapper.GradleWrapperMain app:installDebug -PreactNativeDevServerPort=8081
java_class_path (initial): E:\Project\Bharat Taxi\BharatTaxi\android\\gradle\wrapper\gradle-wrapper.jar
Launcher Type: SUN_STANDARD

[Global flags]
     intx CICompilerCount                          = 3                                         {product} {ergonomic}
     uint ConcGCThreads                            = 1                                         {product} {ergonomic}
     uint G1ConcRefinementThreads                  = 4                                         {product} {ergonomic}
   size_t G1HeapRegionSize                         = 1048576                                   {product} {ergonomic}
    uintx GCDrainStackTargetSize                   = 64                                        {product} {ergonomic}
   size_t InitialHeapSize                          = 67108864                                  {product} {command line}
   size_t MarkStackSize                            = 4194304                                   {product} {ergonomic}
   size_t MaxHeapSize                              = 67108864                                  {product} {command line}
   size_t MaxNewSize                               = 39845888                                  {product} {ergonomic}
   size_t MinHeapDeltaBytes                        = 1048576                                   {product} {ergonomic}
   size_t MinHeapSize                              = 67108864                                  {product} {command line}
    uintx NonNMethodCodeHeapSize                   = 5832780                                {pd product} {ergonomic}
    uintx NonProfiledCodeHeapSize                  = 122912730                              {pd product} {ergonomic}
    uintx ProfiledCodeHeapSize                     = 122912730                              {pd product} {ergonomic}
    uintx ReservedCodeCacheSize                    = 251658240                              {pd product} {ergonomic}
     bool SegmentedCodeCache                       = true                                      {product} {ergonomic}
   size_t SoftMaxHeapSize                          = 67108864                               {manageable} {ergonomic}
     bool UseCompressedClassPointers               = true                           {product lp64_product} {ergonomic}
     bool UseCompressedOops                        = true                           {product lp64_product} {ergonomic}
     bool UseG1GC                                  = true                                      {product} {ergonomic}
     bool UseLargePagesIndividualAllocation        = false                                  {pd product} {ergonomic}

Logging:
Log output configuration:
 #0: stdout all=warning uptime,level,tags
 #1: stderr all=off uptime,level,tags

Environment Variables:
JAVA_HOME=C:\Program Files\Microsoft\jdk-17.0.10.7-hotspot\
CLASSPATH=E:\Project\Bharat Taxi\BharatTaxi\android\\gradle\wrapper\gradle-wrapper.jar
PATH=E:\Project\Bharat Taxi\BharatTaxi\node_modules\.bin;E:\Project\Bharat Taxi\BharatTaxi\node_modules\.bin;E:\Project\Bharat Taxi\node_modules\.bin;E:\Project\node_modules\.bin;E:\node_modules\.bin;C:\Program Files\nodejs\node_modules\npm\node_modules\@npmcli\run-script\lib\node-gyp-bin;C:\Program Files\Microsoft\jdk-17.0.10.7-hotspot\bin;C:\Program Files (x86)\Common Files\Oracle\Java\javapath;E:\oracle\product\10.2.0\db_1\bin;C:\WINDOWS\system32;C:\WINDOWS;C:\WINDOWS\System32\Wbem;C:\WINDOWS\System32\WindowsPowerShell\v1.0\;C:\WINDOWS\System32\OpenSSH\;C:\Program Files\Java\jdk-1.8\bin;C:\ProgramData\chocolatey\bin;C:\Program Files\nodejs\;C:\Program Files\Git\cmd;C:\Program Files\dotnet\;C:\Users\dell\AppData\Local\Android\Sdk\tools;C:\Program Files\MySQL\MySQL Shell 8.0\bin\;C:\Users\dell\AppData\Local\Programs\Python\Python310\Scripts\;C:\Users\dell\AppData\Local\Programs\Python\Python310\;C:\Users\dell\AppData\Local\Microsoft\WindowsApps;C:\Users\dell\AppData\Local\Programs\Microsoft VS Code\bin;C:\Users\dell\AppData\Roaming\npm;C:\Users\dell\AppData\Local\Android\Sdk\platform-tools;C:\Program Files\Git\bin;
USERNAME=dell
LANG=en_US.UTF-8
OS=Windows_NT
PROCESSOR_IDENTIFIER=Intel64 Family 6 Model 42 Stepping 7, GenuineIntel
TMP=C:\Users\dell\AppData\Local\Temp
TEMP=C:\Users\dell\AppData\Local\Temp



Periodic native trim disabled


---------------  S Y S T E M  ---------------

OS:
 Windows 10 , 64 bit Build 19041 (10.0.19041.3636)
OS uptime: 0 days 2:34 hours

CPU: total 4 (initial active 4) (2 cores per cpu, 2 threads per core) family 6 model 42 stepping 7 microcode 0x2f, cx8, cmov, fxsr, ht, mmx, sse, sse2, sse3, ssse3, sse4.1, sse4.2, popcnt, tsc, tscinvbit, avx, aes, clmul, vzeroupper, clflush
Processor Information for all 4 processors :
  Max Mhz: 2401, Current Mhz: 2401, Mhz Limit: 2401

Memory: 4k page, system-wide physical 8099M (726M free)
TotalPageFile size 10147M (AvailPageFile size 6M)
current process WorkingSet (physical memory assigned to process): 90M, peak: 91M
current process commit charge ("private bytes"): 160M, peak: 161M

vm_info: OpenJDK 64-Bit Server VM (17.0.10+7-LTS) for windows-amd64 JRE (17.0.10+7-LTS), built on Jan 10 2024 19:47:12 by "MicrosoftCorporation" with MS VC++ 16.10 / 16.11 (VS2019)

END.
